GowinSynthesis start
Running parser ...
Analyzing Verilog file 'D:\github\HRA_product\FPGA_MSXtR\labo\FPGA_MSXtR_CPU_000\src\FPGA_MSXtR.v'
Analyzing Verilog file 'D:\github\HRA_product\FPGA_MSXtR\labo\FPGA_MSXtR_CPU_000\src\gowin_rpll\gowin_rpll.v'
Analyzing Verilog file 'D:\github\HRA_product\FPGA_MSXtR\labo\FPGA_MSXtR_CPU_000\src\gowin_rpll\gowin_rpll2.v'
Analyzing Verilog file 'D:\github\HRA_product\FPGA_MSXtR\labo\FPGA_MSXtR_CPU_000\src\gowin_rpll\gowin_rpll3.v'
Analyzing Verilog file 'D:\github\HRA_product\FPGA_MSXtR\labo\FPGA_MSXtR_CPU_000\src\uart\ip_uart.v'
Analyzing Verilog file 'D:\github\HRA_product\FPGA_MSXtR\labo\FPGA_MSXtR_CPU_000\src\uart\uart.v'
Compiling module 'fpga_msxtr'("D:\github\HRA_product\FPGA_MSXtR\labo\FPGA_MSXtR_CPU_000\src\FPGA_MSXtR.v":24)
Compiling module 'Gowin_rPLL'("D:\github\HRA_product\FPGA_MSXtR\labo\FPGA_MSXtR_CPU_000\src\gowin_rpll\gowin_rpll.v":9)
Compiling module 'Gowin_rPLL2'("D:\github\HRA_product\FPGA_MSXtR\labo\FPGA_MSXtR_CPU_000\src\gowin_rpll\gowin_rpll2.v":9)
Compiling module 'Gowin_rPLL3'("D:\github\HRA_product\FPGA_MSXtR\labo\FPGA_MSXtR_CPU_000\src\gowin_rpll\gowin_rpll3.v":9)
Compiling module 'uart'("D:\github\HRA_product\FPGA_MSXtR\labo\FPGA_MSXtR_CPU_000\src\uart\uart.v":27)
Compiling module 'ip_uart(clk_freq=27.0)'("D:\github\HRA_product\FPGA_MSXtR\labo\FPGA_MSXtR_CPU_000\src\uart\ip_uart.v":27)
WARN  (EX3791) : Expression size 32 truncated to fit in target size 10("D:\github\HRA_product\FPGA_MSXtR\labo\FPGA_MSXtR_CPU_000\src\uart\ip_uart.v":69)
NOTE  (EX0101) : Current top module is "fpga_msxtr"
[5%] Running netlist conversion ...
WARN  (CV0017) : Inout IO_sdram_dq is unused("D:\github\HRA_product\FPGA_MSXtR\labo\FPGA_MSXtR_CPU_000\src\FPGA_MSXtR.v":40)
Running device independent optimization ...
[10%] Optimizing Phase 0 completed
[15%] Optimizing Phase 1 completed
[25%] Optimizing Phase 2 completed
Running inference ...
[30%] Inferring Phase 0 completed
[40%] Inferring Phase 1 completed
[50%] Inferring Phase 2 completed
[55%] Inferring Phase 3 completed
Running technical mapping ...
[60%] Tech-Mapping Phase 0 completed
[65%] Tech-Mapping Phase 1 completed
[75%] Tech-Mapping Phase 2 completed
[80%] Tech-Mapping Phase 3 completed
[90%] Tech-Mapping Phase 4 completed
WARN  (NL0002) : The module "Gowin_rPLL2" instantiated to "u_pll2" is swept in optimizing("D:\github\HRA_product\FPGA_MSXtR\labo\FPGA_MSXtR_CPU_000\src\FPGA_MSXtR.v":72)
WARN  (NL0002) : The module "Gowin_rPLL3" instantiated to "u_pll3" is swept in optimizing("D:\github\HRA_product\FPGA_MSXtR\labo\FPGA_MSXtR_CPU_000\src\FPGA_MSXtR.v":77)
[95%] Generate netlist file "D:\github\HRA_product\FPGA_MSXtR\labo\FPGA_MSXtR_CPU_000\impl\gwsynthesis\FPGA_MSXtR.vg" completed
[100%] Generate report file "D:\github\HRA_product\FPGA_MSXtR\labo\FPGA_MSXtR_CPU_000\impl\gwsynthesis\FPGA_MSXtR_syn.rpt.html" completed
GowinSynthesis finish
