GowinSynthesis start
Running parser ...
Analyzing Verilog file 'D:\github\HRA_product\FPGA_MSXtR\labo\FPGA_MSXtR_CPU_001\src\FPGA_MSXtR.v'
Analyzing Verilog file 'D:\github\HRA_product\FPGA_MSXtR\labo\FPGA_MSXtR_CPU_001\src\bootrom\bootrom.v'
Analyzing included file 'D:\github\HRA_product\FPGA_MSXtR\labo\FPGA_MSXtR_CPU_001\src\bootrom\bootrom.vh'("D:\github\HRA_product\FPGA_MSXtR\labo\FPGA_MSXtR_CPU_001\src\bootrom\bootrom.v":62)
Back to file 'D:\github\HRA_product\FPGA_MSXtR\labo\FPGA_MSXtR_CPU_001\src\bootrom\bootrom.v'("D:\github\HRA_product\FPGA_MSXtR\labo\FPGA_MSXtR_CPU_001\src\bootrom\bootrom.v":62)
Analyzing Verilog file 'D:\github\HRA_product\FPGA_MSXtR\labo\FPGA_MSXtR_CPU_001\src\cz80\cz80.v'
Analyzing Verilog file 'D:\github\HRA_product\FPGA_MSXtR\labo\FPGA_MSXtR_CPU_001\src\cz80\cz80_alu.v'
Analyzing Verilog file 'D:\github\HRA_product\FPGA_MSXtR\labo\FPGA_MSXtR_CPU_001\src\cz80\cz80_inst.v'
Analyzing Verilog file 'D:\github\HRA_product\FPGA_MSXtR\labo\FPGA_MSXtR_CPU_001\src\cz80\cz80_mcode.v'
Analyzing Verilog file 'D:\github\HRA_product\FPGA_MSXtR\labo\FPGA_MSXtR_CPU_001\src\cz80\cz80_reg.v'
Analyzing Verilog file 'D:\github\HRA_product\FPGA_MSXtR\labo\FPGA_MSXtR_CPU_001\src\gowin_rpll\gowin_rpll.v'
Analyzing Verilog file 'D:\github\HRA_product\FPGA_MSXtR\labo\FPGA_MSXtR_CPU_001\src\gowin_rpll\gowin_rpll2.v'
Analyzing Verilog file 'D:\github\HRA_product\FPGA_MSXtR\labo\FPGA_MSXtR_CPU_001\src\gowin_rpll\gowin_rpll3.v'
Analyzing Verilog file 'D:\github\HRA_product\FPGA_MSXtR\labo\FPGA_MSXtR_CPU_001\src\s2026a\s2026a.v'
Undeclared symbol 'kanji1_en', assumed default net type 'wire'("D:\github\HRA_product\FPGA_MSXtR\labo\FPGA_MSXtR_CPU_001\src\s2026a\s2026a.v":609)
Undeclared symbol 'kanji2_en', assumed default net type 'wire'("D:\github\HRA_product\FPGA_MSXtR\labo\FPGA_MSXtR_CPU_001\src\s2026a\s2026a.v":610)
Analyzing Verilog file 'D:\github\HRA_product\FPGA_MSXtR\labo\FPGA_MSXtR_CPU_001\src\s2026a\s2026a_cpu_select.v'
Analyzing Verilog file 'D:\github\HRA_product\FPGA_MSXtR\labo\FPGA_MSXtR_CPU_001\src\uart\ip_uart.v'
Analyzing Verilog file 'D:\github\HRA_product\FPGA_MSXtR\labo\FPGA_MSXtR_CPU_001\src\uart\uart.v'
Compiling module 'fpga_msxtr'("D:\github\HRA_product\FPGA_MSXtR\labo\FPGA_MSXtR_CPU_001\src\FPGA_MSXtR.v":24)
Compiling module 'Gowin_rPLL'("D:\github\HRA_product\FPGA_MSXtR\labo\FPGA_MSXtR_CPU_001\src\gowin_rpll\gowin_rpll.v":9)
Compiling module 'Gowin_rPLL2'("D:\github\HRA_product\FPGA_MSXtR\labo\FPGA_MSXtR_CPU_001\src\gowin_rpll\gowin_rpll2.v":9)
Compiling module 'Gowin_rPLL3'("D:\github\HRA_product\FPGA_MSXtR\labo\FPGA_MSXtR_CPU_001\src\gowin_rpll\gowin_rpll3.v":9)
Compiling module 'cz80_inst'("D:\github\HRA_product\FPGA_MSXtR\labo\FPGA_MSXtR_CPU_001\src\cz80\cz80_inst.v":63)
Compiling module 'cz80'("D:\github\HRA_product\FPGA_MSXtR\labo\FPGA_MSXtR_CPU_001\src\cz80\cz80.v":63)
Compiling module 'cz80_mcode'("D:\github\HRA_product\FPGA_MSXtR\labo\FPGA_MSXtR_CPU_001\src\cz80\cz80_mcode.v":63)
Compiling module 'cz80_alu'("D:\github\HRA_product\FPGA_MSXtR\labo\FPGA_MSXtR_CPU_001\src\cz80\cz80_alu.v":63)
WARN  (EX3791) : Expression size 17 truncated to fit in target size 16("D:\github\HRA_product\FPGA_MSXtR\labo\FPGA_MSXtR_CPU_001\src\cz80\cz80.v":382)
WARN  (EX3791) : Expression size 17 truncated to fit in target size 16("D:\github\HRA_product\FPGA_MSXtR\labo\FPGA_MSXtR_CPU_001\src\cz80\cz80.v":528)
WARN  (EX3791) : Expression size 32 truncated to fit in target size 16("D:\github\HRA_product\FPGA_MSXtR\labo\FPGA_MSXtR_CPU_001\src\cz80\cz80.v":531)
WARN  (EX3791) : Expression size 32 truncated to fit in target size 16("D:\github\HRA_product\FPGA_MSXtR\labo\FPGA_MSXtR_CPU_001\src\cz80\cz80.v":544)
WARN  (EX3791) : Expression size 17 truncated to fit in target size 16("D:\github\HRA_product\FPGA_MSXtR\labo\FPGA_MSXtR_CPU_001\src\cz80\cz80.v":547)
Compiling module 'cz80_registers'("D:\github\HRA_product\FPGA_MSXtR\labo\FPGA_MSXtR_CPU_001\src\cz80\cz80_reg.v":55)
WARN  (EX3791) : Expression size 4 truncated to fit in target size 3("D:\github\HRA_product\FPGA_MSXtR\labo\FPGA_MSXtR_CPU_001\src\cz80\cz80.v":1011)
Compiling module 's2026a'("D:\github\HRA_product\FPGA_MSXtR\labo\FPGA_MSXtR_CPU_001\src\s2026a\s2026a.v":34)
Compiling module 's2026a_cpu_select'("D:\github\HRA_product\FPGA_MSXtR\labo\FPGA_MSXtR_CPU_001\src\s2026a\s2026a_cpu_select.v":34)
WARN  (EX1998) : Net 'ff_switch' does not have a driver("D:\github\HRA_product\FPGA_MSXtR\labo\FPGA_MSXtR_CPU_001\src\s2026a\s2026a.v":120)
Compiling module 'bootrom'("D:\github\HRA_product\FPGA_MSXtR\labo\FPGA_MSXtR_CPU_001\src\bootrom\bootrom.v":34)
Extracting RAM for identifier 'ff_ram'("D:\github\HRA_product\FPGA_MSXtR\labo\FPGA_MSXtR_CPU_001\src\bootrom\bootrom.v":46)
Compiling module 'uart'("D:\github\HRA_product\FPGA_MSXtR\labo\FPGA_MSXtR_CPU_001\src\uart\uart.v":27)
Compiling module 'ip_uart'("D:\github\HRA_product\FPGA_MSXtR\labo\FPGA_MSXtR_CPU_001\src\uart\ip_uart.v":27)
WARN  (EX3791) : Expression size 32 truncated to fit in target size 10("D:\github\HRA_product\FPGA_MSXtR\labo\FPGA_MSXtR_CPU_001\src\uart\ip_uart.v":69)
NOTE  (EX0101) : Current top module is "fpga_msxtr"
[5%] Running netlist conversion ...
WARN  (CV0017) : Inout IO_sdram_dq is unused("D:\github\HRA_product\FPGA_MSXtR\labo\FPGA_MSXtR_CPU_001\src\FPGA_MSXtR.v":40)
Running device independent optimization ...
[10%] Optimizing Phase 0 completed
[15%] Optimizing Phase 1 completed
[25%] Optimizing Phase 2 completed
Running inference ...
[30%] Inferring Phase 0 completed
[40%] Inferring Phase 1 completed
[50%] Inferring Phase 2 completed
[55%] Inferring Phase 3 completed
Running technical mapping ...
[60%] Tech-Mapping Phase 0 completed
[65%] Tech-Mapping Phase 1 completed
[75%] Tech-Mapping Phase 2 completed
[80%] Tech-Mapping Phase 3 completed
[90%] Tech-Mapping Phase 4 completed
WARN  (NL0002) : The module "Gowin_rPLL2" instantiated to "u_pll2" is swept in optimizing("D:\github\HRA_product\FPGA_MSXtR\labo\FPGA_MSXtR_CPU_001\src\FPGA_MSXtR.v":116)
WARN  (NL0002) : The module "Gowin_rPLL3" instantiated to "u_pll3" is swept in optimizing("D:\github\HRA_product\FPGA_MSXtR\labo\FPGA_MSXtR_CPU_001\src\FPGA_MSXtR.v":121)
[95%] Generate netlist file "D:\github\HRA_product\FPGA_MSXtR\labo\FPGA_MSXtR_CPU_001\impl\gwsynthesis\FPGA_MSXtR.vg" completed
[100%] Generate report file "D:\github\HRA_product\FPGA_MSXtR\labo\FPGA_MSXtR_CPU_001\impl\gwsynthesis\FPGA_MSXtR_syn.rpt.html" completed
GowinSynthesis finish
