GowinSynthesis start
Running parser ...
Analyzing Verilog file 'C:\Users\hra\Documents\github\HRA_product\FPGA_MSXtR\labo\FPGA_MSXtR_VDP_009_LCD\src\bus_to_ahb_bridge\bus_to_ahb_bridge.v'
Analyzing Verilog file 'C:\Users\hra\Documents\github\HRA_product\FPGA_MSXtR\labo\FPGA_MSXtR_VDP_009_LCD\src\config_rom\config_rom.v'
Analyzing Verilog file 'C:\Users\hra\Documents\github\HRA_product\FPGA_MSXtR\labo\FPGA_MSXtR_VDP_009_LCD\src\debugger\ip_debugger.v'
Analyzing Verilog file 'C:\Users\hra\Documents\github\HRA_product\FPGA_MSXtR\labo\FPGA_MSXtR_VDP_009_LCD\src\gowin_clkdiv\gowin_clkdiv.v'
Analyzing Verilog file 'C:\Users\hra\Documents\github\HRA_product\FPGA_MSXtR\labo\FPGA_MSXtR_VDP_009_LCD\src\gowin_rpll\gowin_rpll.v'
Analyzing Verilog file 'C:\Users\hra\Documents\github\HRA_product\FPGA_MSXtR\labo\FPGA_MSXtR_VDP_009_LCD\src\gowin_rpll2\gowin_rpll2.v'
Analyzing Verilog file 'C:\Users\hra\Documents\github\HRA_product\FPGA_MSXtR\labo\FPGA_MSXtR_VDP_009_LCD\src\s2026b\s2026b.v'
Undeclared symbol 'w_bus_ready', assumed default net type 'wire'("C:\Users\hra\Documents\github\HRA_product\FPGA_MSXtR\labo\FPGA_MSXtR_VDP_009_LCD\src\s2026b\s2026b.v":109)
Analyzing Verilog file 'C:\Users\hra\Documents\github\HRA_product\FPGA_MSXtR\labo\FPGA_MSXtR_VDP_009_LCD\src\s2026b\s2026b_cpu_select.v'
Analyzing Verilog file 'C:\Users\hra\Documents\github\HRA_product\FPGA_MSXtR\labo\FPGA_MSXtR_VDP_009_LCD\src\sdram\ip_sdram_tangnano20k_c.v'
Analyzing Verilog file 'C:\Users\hra\Documents\github\HRA_product\FPGA_MSXtR\labo\FPGA_MSXtR_VDP_009_LCD\src\spi\ip_spi.v'
Analyzing Verilog file 'C:\Users\hra\Documents\github\HRA_product\FPGA_MSXtR\labo\FPGA_MSXtR_VDP_009_LCD\src\spi\spi.v'
Analyzing Verilog file 'C:\Users\hra\Documents\github\HRA_product\FPGA_MSXtR\labo\FPGA_MSXtR_VDP_009_LCD\src\spi_flash_interface_lite\spi_flash_interface_lite.v'
Analyzing Verilog file 'C:\Users\hra\Documents\github\HRA_product\FPGA_MSXtR\labo\FPGA_MSXtR_VDP_009_LCD\src\tangnano20k_vdp_cartridge_lcd.v'
Analyzing Verilog file 'C:\Users\hra\Documents\github\HRA_product\FPGA_MSXtR\labo\FPGA_MSXtR_VDP_009_LCD\src\uart\ip_uart.v'
Analyzing Verilog file 'C:\Users\hra\Documents\github\HRA_product\FPGA_MSXtR\labo\FPGA_MSXtR_VDP_009_LCD\src\uart\uart.v'
Analyzing Verilog file 'C:\Users\hra\Documents\github\HRA_product\FPGA_MSXtR\labo\FPGA_MSXtR_VDP_009_LCD\src\v9968\vdp_color_palette.v'
Analyzing Verilog file 'C:\Users\hra\Documents\github\HRA_product\FPGA_MSXtR\labo\FPGA_MSXtR_VDP_009_LCD\src\v9968\vdp_color_palette_ram.v'
Analyzing Verilog file 'C:\Users\hra\Documents\github\HRA_product\FPGA_MSXtR\labo\FPGA_MSXtR_VDP_009_LCD\src\v9968\vdp_command.v'
Analyzing Verilog file 'C:\Users\hra\Documents\github\HRA_product\FPGA_MSXtR\labo\FPGA_MSXtR_VDP_009_LCD\src\v9968\vdp_command_cache.v'
Analyzing Verilog file 'C:\Users\hra\Documents\github\HRA_product\FPGA_MSXtR\labo\FPGA_MSXtR_VDP_009_LCD\src\v9968\vdp_cpu_interface.v'
Analyzing Verilog file 'C:\Users\hra\Documents\github\HRA_product\FPGA_MSXtR\labo\FPGA_MSXtR_VDP_009_LCD\src\v9968\vdp_lcd.v'
Undeclared symbol 'w_vram_interleave', assumed default net type 'wire'("C:\Users\hra\Documents\github\HRA_product\FPGA_MSXtR\labo\FPGA_MSXtR_VDP_009_LCD\src\v9968\vdp_lcd.v":345)
Analyzing Verilog file 'C:\Users\hra\Documents\github\HRA_product\FPGA_MSXtR\labo\FPGA_MSXtR_VDP_009_LCD\src\v9968\vdp_lcd_out.v'
Undeclared symbol 'w_display_en', assumed default net type 'wire'("C:\Users\hra\Documents\github\HRA_product\FPGA_MSXtR\labo\FPGA_MSXtR_VDP_009_LCD\src\v9968\vdp_lcd_out.v":407)
Analyzing Verilog file 'C:\Users\hra\Documents\github\HRA_product\FPGA_MSXtR\labo\FPGA_MSXtR_VDP_009_LCD\src\v9968\vdp_sprite_divide_table.v'
Analyzing Verilog file 'C:\Users\hra\Documents\github\HRA_product\FPGA_MSXtR\labo\FPGA_MSXtR_VDP_009_LCD\src\v9968\vdp_sprite_info_collect.v'
Analyzing Verilog file 'C:\Users\hra\Documents\github\HRA_product\FPGA_MSXtR\labo\FPGA_MSXtR_VDP_009_LCD\src\v9968\vdp_sprite_makeup_pixel.v'
Analyzing Verilog file 'C:\Users\hra\Documents\github\HRA_product\FPGA_MSXtR\labo\FPGA_MSXtR_VDP_009_LCD\src\v9968\vdp_sprite_select_visible_planes.v'
Analyzing Verilog file 'C:\Users\hra\Documents\github\HRA_product\FPGA_MSXtR\labo\FPGA_MSXtR_VDP_009_LCD\src\v9968\vdp_timing_control.v'
Analyzing Verilog file 'C:\Users\hra\Documents\github\HRA_product\FPGA_MSXtR\labo\FPGA_MSXtR_VDP_009_LCD\src\v9968\vdp_timing_control_screen_mode.v'
Analyzing Verilog file 'C:\Users\hra\Documents\github\HRA_product\FPGA_MSXtR\labo\FPGA_MSXtR_VDP_009_LCD\src\v9968\vdp_timing_control_sprite.v'
Analyzing Verilog file 'C:\Users\hra\Documents\github\HRA_product\FPGA_MSXtR\labo\FPGA_MSXtR_VDP_009_LCD\src\v9968\vdp_timing_control_ssg.v'
Undeclared symbol 'dot_phase', assumed default net type 'wire'("C:\Users\hra\Documents\github\HRA_product\FPGA_MSXtR\labo\FPGA_MSXtR_VDP_009_LCD\src\v9968\vdp_timing_control_ssg.v":422)
Analyzing Verilog file 'C:\Users\hra\Documents\github\HRA_product\FPGA_MSXtR\labo\FPGA_MSXtR_VDP_009_LCD\src\v9968\vdp_upscan.v'
Analyzing Verilog file 'C:\Users\hra\Documents\github\HRA_product\FPGA_MSXtR\labo\FPGA_MSXtR_VDP_009_LCD\src\v9968\vdp_upscan_line_buffer.v'
Analyzing Verilog file 'C:\Users\hra\Documents\github\HRA_product\FPGA_MSXtR\labo\FPGA_MSXtR_VDP_009_LCD\src\v9968\vdp_video_double_buffer.v'
Analyzing Verilog file 'C:\Users\hra\Documents\github\HRA_product\FPGA_MSXtR\labo\FPGA_MSXtR_VDP_009_LCD\src\v9968\vdp_video_out_bilinear.v'
Analyzing Verilog file 'C:\Users\hra\Documents\github\HRA_product\FPGA_MSXtR\labo\FPGA_MSXtR_VDP_009_LCD\src\v9968\vdp_video_ram_line_buffer.v'
Analyzing Verilog file 'C:\Users\hra\Documents\github\HRA_product\FPGA_MSXtR\labo\FPGA_MSXtR_VDP_009_LCD\src\v9968\vdp_vram_interface.v'
Analyzing Verilog file 'C:\Users\hra\Documents\github\HRA_product\FPGA_MSXtR\labo\FPGA_MSXtR_VDP_009_LCD\src\ws2812_led\ip_ws2812_led.v'
Compiling module 'tangnano20k_vdp_cartridge_lcd'("C:\Users\hra\Documents\github\HRA_product\FPGA_MSXtR\labo\FPGA_MSXtR_VDP_009_LCD\src\tangnano20k_vdp_cartridge_lcd.v":24)
Compiling module 'Gowin_rPLL'("C:\Users\hra\Documents\github\HRA_product\FPGA_MSXtR\labo\FPGA_MSXtR_VDP_009_LCD\src\gowin_rpll\gowin_rpll.v":10)
Compiling module 'Gowin_rPLL2'("C:\Users\hra\Documents\github\HRA_product\FPGA_MSXtR\labo\FPGA_MSXtR_VDP_009_LCD\src\gowin_rpll2\gowin_rpll2.v":10)
Compiling module 'Gowin_CLKDIV'("C:\Users\hra\Documents\github\HRA_product\FPGA_MSXtR\labo\FPGA_MSXtR_VDP_009_LCD\src\gowin_clkdiv\gowin_clkdiv.v":10)
Compiling module 'ip_spi'("C:\Users\hra\Documents\github\HRA_product\FPGA_MSXtR\labo\FPGA_MSXtR_VDP_009_LCD\src\spi\ip_spi.v":34)
Compiling module 'spi'("C:\Users\hra\Documents\github\HRA_product\FPGA_MSXtR\labo\FPGA_MSXtR_VDP_009_LCD\src\spi\spi.v":38)
Compiling module 's2026b'("C:\Users\hra\Documents\github\HRA_product\FPGA_MSXtR\labo\FPGA_MSXtR_VDP_009_LCD\src\s2026b\s2026b.v":34)
Compiling module 's2026b_cpu_select'("C:\Users\hra\Documents\github\HRA_product\FPGA_MSXtR\labo\FPGA_MSXtR_VDP_009_LCD\src\s2026b\s2026b_cpu_select.v":34)
Compiling module 'vdp_lcd'("C:\Users\hra\Documents\github\HRA_product\FPGA_MSXtR\labo\FPGA_MSXtR_VDP_009_LCD\src\v9968\vdp_lcd.v":58)
Compiling module 'vdp_cpu_interface'("C:\Users\hra\Documents\github\HRA_product\FPGA_MSXtR\labo\FPGA_MSXtR_VDP_009_LCD\src\v9968\vdp_cpu_interface.v":58)
Compiling module 'vdp_timing_control'("C:\Users\hra\Documents\github\HRA_product\FPGA_MSXtR\labo\FPGA_MSXtR_VDP_009_LCD\src\v9968\vdp_timing_control.v":57)
Compiling module 'vdp_timing_control_ssg'("C:\Users\hra\Documents\github\HRA_product\FPGA_MSXtR\labo\FPGA_MSXtR_VDP_009_LCD\src\v9968\vdp_timing_control_ssg.v":58)
Compiling module 'vdp_timing_control_screen_mode'("C:\Users\hra\Documents\github\HRA_product\FPGA_MSXtR\labo\FPGA_MSXtR_VDP_009_LCD\src\v9968\vdp_timing_control_screen_mode.v":58)
Compiling module 'vdp_timing_control_sprite'("C:\Users\hra\Documents\github\HRA_product\FPGA_MSXtR\labo\FPGA_MSXtR_VDP_009_LCD\src\v9968\vdp_timing_control_sprite.v":58)
Compiling module 'vdp_sprite_select_visible_planes'("C:\Users\hra\Documents\github\HRA_product\FPGA_MSXtR\labo\FPGA_MSXtR_VDP_009_LCD\src\v9968\vdp_sprite_select_visible_planes.v":58)
Compiling module 'vdp_sprite_info_collect'("C:\Users\hra\Documents\github\HRA_product\FPGA_MSXtR\labo\FPGA_MSXtR_VDP_009_LCD\src\v9968\vdp_sprite_info_collect.v":58)
Compiling module 'vdp_sprite_makeup_pixel'("C:\Users\hra\Documents\github\HRA_product\FPGA_MSXtR\labo\FPGA_MSXtR_VDP_009_LCD\src\v9968\vdp_sprite_makeup_pixel.v":58)
Compiling module 'vdp_sprite_divide_table'("C:\Users\hra\Documents\github\HRA_product\FPGA_MSXtR\labo\FPGA_MSXtR_VDP_009_LCD\src\v9968\vdp_sprite_divide_table.v":58)
Compiling module 'vdp_command'("C:\Users\hra\Documents\github\HRA_product\FPGA_MSXtR\labo\FPGA_MSXtR_VDP_009_LCD\src\v9968\vdp_command.v":57)
Compiling module 'vdp_command_cache'("C:\Users\hra\Documents\github\HRA_product\FPGA_MSXtR\labo\FPGA_MSXtR_VDP_009_LCD\src\v9968\vdp_command_cache.v":57)
Compiling module 'vdp_vram_interface'("C:\Users\hra\Documents\github\HRA_product\FPGA_MSXtR\labo\FPGA_MSXtR_VDP_009_LCD\src\v9968\vdp_vram_interface.v":58)
Compiling module 'vdp_color_palette'("C:\Users\hra\Documents\github\HRA_product\FPGA_MSXtR\labo\FPGA_MSXtR_VDP_009_LCD\src\v9968\vdp_color_palette.v":58)
Compiling module 'vdp_color_palette_ram'("C:\Users\hra\Documents\github\HRA_product\FPGA_MSXtR\labo\FPGA_MSXtR_VDP_009_LCD\src\v9968\vdp_color_palette_ram.v":58)
Extracting RAM for identifier 'ram_r'("C:\Users\hra\Documents\github\HRA_product\FPGA_MSXtR\labo\FPGA_MSXtR_VDP_009_LCD\src\v9968\vdp_color_palette_ram.v":73)
Extracting RAM for identifier 'ram_g'("C:\Users\hra\Documents\github\HRA_product\FPGA_MSXtR\labo\FPGA_MSXtR_VDP_009_LCD\src\v9968\vdp_color_palette_ram.v":74)
Extracting RAM for identifier 'ram_b'("C:\Users\hra\Documents\github\HRA_product\FPGA_MSXtR\labo\FPGA_MSXtR_VDP_009_LCD\src\v9968\vdp_color_palette_ram.v":75)
Compiling module 'vdp_upscan'("C:\Users\hra\Documents\github\HRA_product\FPGA_MSXtR\labo\FPGA_MSXtR_VDP_009_LCD\src\v9968\vdp_upscan.v":60)
Compiling module 'vdp_upscan_line_buffer'("C:\Users\hra\Documents\github\HRA_product\FPGA_MSXtR\labo\FPGA_MSXtR_VDP_009_LCD\src\v9968\vdp_upscan_line_buffer.v":58)
Extracting RAM for identifier 'ff_imem'("C:\Users\hra\Documents\github\HRA_product\FPGA_MSXtR\labo\FPGA_MSXtR_VDP_009_LCD\src\v9968\vdp_upscan_line_buffer.v":66)
Compiling module 'vdp_lcd_out'("C:\Users\hra\Documents\github\HRA_product\FPGA_MSXtR\labo\FPGA_MSXtR_VDP_009_LCD\src\v9968\vdp_lcd_out.v":60)
Compiling module 'vdp_video_double_buffer'("C:\Users\hra\Documents\github\HRA_product\FPGA_MSXtR\labo\FPGA_MSXtR_VDP_009_LCD\src\v9968\vdp_video_double_buffer.v":58)
Compiling module 'vdp_video_ram_line_buffer'("C:\Users\hra\Documents\github\HRA_product\FPGA_MSXtR\labo\FPGA_MSXtR_VDP_009_LCD\src\v9968\vdp_video_ram_line_buffer.v":58)
Extracting RAM for identifier 'ff_imem'("C:\Users\hra\Documents\github\HRA_product\FPGA_MSXtR\labo\FPGA_MSXtR_VDP_009_LCD\src\v9968\vdp_video_ram_line_buffer.v":66)
Compiling module 'vdp_video_out_bilinear'("C:\Users\hra\Documents\github\HRA_product\FPGA_MSXtR\labo\FPGA_MSXtR_VDP_009_LCD\src\v9968\vdp_video_out_bilinear.v":60)
Compiling module 'uart'("C:\Users\hra\Documents\github\HRA_product\FPGA_MSXtR\labo\FPGA_MSXtR_VDP_009_LCD\src\uart\uart.v":27)
Compiling module 'ip_uart'("C:\Users\hra\Documents\github\HRA_product\FPGA_MSXtR\labo\FPGA_MSXtR_VDP_009_LCD\src\uart\ip_uart.v":27)
WARN  (EX3791) : Expression size 32 truncated to fit in target size 10("C:\Users\hra\Documents\github\HRA_product\FPGA_MSXtR\labo\FPGA_MSXtR_VDP_009_LCD\src\uart\ip_uart.v":69)
Compiling module 'config_rom'("C:\Users\hra\Documents\github\HRA_product\FPGA_MSXtR\labo\FPGA_MSXtR_VDP_009_LCD\src\config_rom\config_rom.v":57)
Compiling module 'bus_to_ahb_bridge'("C:\Users\hra\Documents\github\HRA_product\FPGA_MSXtR\labo\FPGA_MSXtR_VDP_009_LCD\src\bus_to_ahb_bridge\bus_to_ahb_bridge.v":57)
Compiling module 'SPI_Flash_Interface_Lite_Top'("C:\Users\hra\Documents\github\HRA_product\FPGA_MSXtR\labo\FPGA_MSXtR_VDP_009_LCD\src\spi_flash_interface_lite\spi_flash_interface_lite.v":2391)
Compiling module '**'("C:\Users\hra\Documents\github\HRA_product\FPGA_MSXtR\labo\FPGA_MSXtR_VDP_009_LCD\src\spi_flash_interface_lite\spi_flash_interface_lite.v":2390)
Compiling module 'ip_sdram'("C:\Users\hra\Documents\github\HRA_product\FPGA_MSXtR\labo\FPGA_MSXtR_VDP_009_LCD\src\sdram\ip_sdram_tangnano20k_c.v":57)
WARN  (EX3791) : Expression size 32 truncated to fit in target size 15("C:\Users\hra\Documents\github\HRA_product\FPGA_MSXtR\labo\FPGA_MSXtR_VDP_009_LCD\src\sdram\ip_sdram_tangnano20k_c.v":285)
Compiling module 'ip_ws2812_led'("C:\Users\hra\Documents\github\HRA_product\FPGA_MSXtR\labo\FPGA_MSXtR_VDP_009_LCD\src\ws2812_led\ip_ws2812_led.v":57)
Compiling module 'ip_debugger'("C:\Users\hra\Documents\github\HRA_product\FPGA_MSXtR\labo\FPGA_MSXtR_VDP_009_LCD\src\debugger\ip_debugger.v":57)
NOTE  (EX0101) : Current top module is "tangnano20k_vdp_cartridge_lcd"
WARN  (NL0001) : Sweep user defined dangling instance "u_config_rom/u_spi_flash_if/spiflash_inst/u_spi_reg/n299_s5"("C:\Users\hra\Documents\github\HRA_product\FPGA_MSXtR\labo\FPGA_MSXtR_VDP_009_LCD\src\spi_flash_interface_lite\spi_flash_interface_lite.v":2390)
WARN  (NL0001) : Sweep user defined dangling instance "u_config_rom/u_spi_flash_if/spiflash_inst/u_spi_reg/n301_s5"("C:\Users\hra\Documents\github\HRA_product\FPGA_MSXtR\labo\FPGA_MSXtR_VDP_009_LCD\src\spi_flash_interface_lite\spi_flash_interface_lite.v":2390)
WARN  (NL0001) : Sweep user defined dangling instance "u_config_rom/u_spi_flash_if/spiflash_inst/u_spi_reg/n305_s5"("C:\Users\hra\Documents\github\HRA_product\FPGA_MSXtR\labo\FPGA_MSXtR_VDP_009_LCD\src\spi_flash_interface_lite\spi_flash_interface_lite.v":2390)
WARN  (NL0001) : Sweep user defined dangling instance "u_config_rom/u_spi_flash_if/spiflash_inst/u_spi_reg/n307_s5"("C:\Users\hra\Documents\github\HRA_product\FPGA_MSXtR\labo\FPGA_MSXtR_VDP_009_LCD\src\spi_flash_interface_lite\spi_flash_interface_lite.v":2390)
WARN  (NL0001) : Sweep user defined dangling instance "u_config_rom/u_spi_flash_if/spiflash_inst/u_spi_reg/n309_s5"("C:\Users\hra\Documents\github\HRA_product\FPGA_MSXtR\labo\FPGA_MSXtR_VDP_009_LCD\src\spi_flash_interface_lite\spi_flash_interface_lite.v":2390)
WARN  (NL0001) : Sweep user defined dangling instance "u_config_rom/u_spi_flash_if/spiflash_inst/u_spi_reg/n311_s5"("C:\Users\hra\Documents\github\HRA_product\FPGA_MSXtR\labo\FPGA_MSXtR_VDP_009_LCD\src\spi_flash_interface_lite\spi_flash_interface_lite.v":2390)
WARN  (NL0001) : Sweep user defined dangling instance "u_config_rom/u_spi_flash_if/spiflash_inst/u_spi_reg/n317_s5"("C:\Users\hra\Documents\github\HRA_product\FPGA_MSXtR\labo\FPGA_MSXtR_VDP_009_LCD\src\spi_flash_interface_lite\spi_flash_interface_lite.v":2390)
WARN  (NL0001) : Sweep user defined dangling instance "u_config_rom/u_spi_flash_if/spiflash_inst/u_spi_reg/n319_s5"("C:\Users\hra\Documents\github\HRA_product\FPGA_MSXtR\labo\FPGA_MSXtR_VDP_009_LCD\src\spi_flash_interface_lite\spi_flash_interface_lite.v":2390)
WARN  (NL0001) : Sweep user defined dangling instance "u_config_rom/u_spi_flash_if/spiflash_inst/u_spi_reg/n321_s5"("C:\Users\hra\Documents\github\HRA_product\FPGA_MSXtR\labo\FPGA_MSXtR_VDP_009_LCD\src\spi_flash_interface_lite\spi_flash_interface_lite.v":2390)
WARN  (NL0001) : Sweep user defined dangling instance "u_config_rom/u_spi_flash_if/spiflash_inst/u_spi_reg/n323_s5"("C:\Users\hra\Documents\github\HRA_product\FPGA_MSXtR\labo\FPGA_MSXtR_VDP_009_LCD\src\spi_flash_interface_lite\spi_flash_interface_lite.v":2390)
WARN  (NL0001) : Sweep user defined dangling instance "u_config_rom/u_spi_flash_if/spiflash_inst/u_spi_reg/n325_s5"("C:\Users\hra\Documents\github\HRA_product\FPGA_MSXtR\labo\FPGA_MSXtR_VDP_009_LCD\src\spi_flash_interface_lite\spi_flash_interface_lite.v":2390)
WARN  (NL0001) : Sweep user defined dangling instance "u_config_rom/u_spi_flash_if/spiflash_inst/u_spi_reg/n327_s5"("C:\Users\hra\Documents\github\HRA_product\FPGA_MSXtR\labo\FPGA_MSXtR_VDP_009_LCD\src\spi_flash_interface_lite\spi_flash_interface_lite.v":2390)
WARN  (NL0001) : Sweep user defined dangling instance "u_config_rom/u_spi_flash_if/spiflash_inst/u_spi_reg/n329_s5"("C:\Users\hra\Documents\github\HRA_product\FPGA_MSXtR\labo\FPGA_MSXtR_VDP_009_LCD\src\spi_flash_interface_lite\spi_flash_interface_lite.v":2390)
WARN  (NL0001) : Sweep user defined dangling instance "u_config_rom/u_spi_flash_if/spiflash_inst/u_spi_reg/n331_s5"("C:\Users\hra\Documents\github\HRA_product\FPGA_MSXtR\labo\FPGA_MSXtR_VDP_009_LCD\src\spi_flash_interface_lite\spi_flash_interface_lite.v":2390)
WARN  (NL0001) : Sweep user defined dangling instance "u_config_rom/u_spi_flash_if/spiflash_inst/u_spi_reg/n333_s5"("C:\Users\hra\Documents\github\HRA_product\FPGA_MSXtR\labo\FPGA_MSXtR_VDP_009_LCD\src\spi_flash_interface_lite\spi_flash_interface_lite.v":2390)
WARN  (NL0001) : Sweep user defined dangling instance "u_config_rom/u_spi_flash_if/spiflash_inst/u_spi_reg/n335_s5"("C:\Users\hra\Documents\github\HRA_product\FPGA_MSXtR\labo\FPGA_MSXtR_VDP_009_LCD\src\spi_flash_interface_lite\spi_flash_interface_lite.v":2390)
WARN  (NL0001) : Sweep user defined dangling instance "u_config_rom/u_spi_flash_if/spiflash_inst/u_spi_reg/n337_s5"("C:\Users\hra\Documents\github\HRA_product\FPGA_MSXtR\labo\FPGA_MSXtR_VDP_009_LCD\src\spi_flash_interface_lite\spi_flash_interface_lite.v":2390)
WARN  (NL0001) : Sweep user defined dangling instance "u_config_rom/u_spi_flash_if/spiflash_inst/u_spi_reg/n339_s5"("C:\Users\hra\Documents\github\HRA_product\FPGA_MSXtR\labo\FPGA_MSXtR_VDP_009_LCD\src\spi_flash_interface_lite\spi_flash_interface_lite.v":2390)
WARN  (NL0001) : Sweep user defined dangling instance "u_config_rom/u_spi_flash_if/spiflash_inst/u_spi_reg/n341_s5"("C:\Users\hra\Documents\github\HRA_product\FPGA_MSXtR\labo\FPGA_MSXtR_VDP_009_LCD\src\spi_flash_interface_lite\spi_flash_interface_lite.v":2390)
WARN  (NL0001) : Sweep user defined dangling instance "u_config_rom/u_spi_flash_if/spiflash_inst/u_spi_reg/n343_s5"("C:\Users\hra\Documents\github\HRA_product\FPGA_MSXtR\labo\FPGA_MSXtR_VDP_009_LCD\src\spi_flash_interface_lite\spi_flash_interface_lite.v":2390)
WARN  (NL0001) : Sweep user defined dangling instance "u_config_rom/u_spi_flash_if/spiflash_inst/u_spi_reg/n345_s6"("C:\Users\hra\Documents\github\HRA_product\FPGA_MSXtR\labo\FPGA_MSXtR_VDP_009_LCD\src\spi_flash_interface_lite\spi_flash_interface_lite.v":2390)
WARN  (NL0001) : Sweep user defined dangling instance "u_config_rom/u_spi_flash_if/spiflash_inst/u_spi_reg/n347_s6"("C:\Users\hra\Documents\github\HRA_product\FPGA_MSXtR\labo\FPGA_MSXtR_VDP_009_LCD\src\spi_flash_interface_lite\spi_flash_interface_lite.v":2390)
WARN  (NL0001) : Sweep user defined dangling instance "u_config_rom/u_spi_flash_if/spiflash_inst/u_spi_reg/n351_s7"("C:\Users\hra\Documents\github\HRA_product\FPGA_MSXtR\labo\FPGA_MSXtR_VDP_009_LCD\src\spi_flash_interface_lite\spi_flash_interface_lite.v":2390)
WARN  (NL0001) : Sweep user defined dangling instance "u_config_rom/u_spi_flash_if/spiflash_inst/u_spi_reg/n349_s8"("C:\Users\hra\Documents\github\HRA_product\FPGA_MSXtR\labo\FPGA_MSXtR_VDP_009_LCD\src\spi_flash_interface_lite\spi_flash_interface_lite.v":2390)
WARN  (NL0001) : Sweep user defined dangling instance "u_config_rom/u_spi_flash_if/spiflash_inst/u_spi_reg/n353_s8"("C:\Users\hra\Documents\github\HRA_product\FPGA_MSXtR\labo\FPGA_MSXtR_VDP_009_LCD\src\spi_flash_interface_lite\spi_flash_interface_lite.v":2390)
WARN  (NL0001) : Sweep user defined dangling instance "u_config_rom/u_spi_flash_if/spiflash_inst/u_spi_reg/n355_s8"("C:\Users\hra\Documents\github\HRA_product\FPGA_MSXtR\labo\FPGA_MSXtR_VDP_009_LCD\src\spi_flash_interface_lite\spi_flash_interface_lite.v":2390)
WARN  (NL0001) : Sweep user defined dangling instance "u_config_rom/u_spi_flash_if/spiflash_inst/u_spi_reg/n357_s8"("C:\Users\hra\Documents\github\HRA_product\FPGA_MSXtR\labo\FPGA_MSXtR_VDP_009_LCD\src\spi_flash_interface_lite\spi_flash_interface_lite.v":2390)
WARN  (NL0001) : Sweep user defined dangling instance "u_config_rom/u_spi_flash_if/spiflash_inst/u_spi_reg/n358_s9"("C:\Users\hra\Documents\github\HRA_product\FPGA_MSXtR\labo\FPGA_MSXtR_VDP_009_LCD\src\spi_flash_interface_lite\spi_flash_interface_lite.v":2390)
WARN  (NL0001) : Sweep user defined dangling instance "u_config_rom/u_spi_flash_if/spiflash_inst/u_spi_reg/n297_s5"("C:\Users\hra\Documents\github\HRA_product\FPGA_MSXtR\labo\FPGA_MSXtR_VDP_009_LCD\src\spi_flash_interface_lite\spi_flash_interface_lite.v":2390)
WARN  (NL0001) : Sweep user defined dangling instance "u_config_rom/u_spi_flash_if/spiflash_inst/u_spi_reg/n303_s7"("C:\Users\hra\Documents\github\HRA_product\FPGA_MSXtR\labo\FPGA_MSXtR_VDP_009_LCD\src\spi_flash_interface_lite\spi_flash_interface_lite.v":2390)
WARN  (NL0001) : Sweep user defined dangling instance "u_config_rom/u_spi_flash_if/spiflash_inst/u_spi_reg/n313_s7"("C:\Users\hra\Documents\github\HRA_product\FPGA_MSXtR\labo\FPGA_MSXtR_VDP_009_LCD\src\spi_flash_interface_lite\spi_flash_interface_lite.v":2390)
WARN  (NL0001) : Sweep user defined dangling instance "u_config_rom/u_spi_flash_if/spiflash_inst/u_spi_reg/n315_s7"("C:\Users\hra\Documents\github\HRA_product\FPGA_MSXtR\labo\FPGA_MSXtR_VDP_009_LCD\src\spi_flash_interface_lite\spi_flash_interface_lite.v":2390)
WARN  (NL0001) : Sweep user defined dangling instance "u_config_rom/u_spi_flash_if/spiflash_inst/u_spi_reg/n268_s2"("C:\Users\hra\Documents\github\HRA_product\FPGA_MSXtR\labo\FPGA_MSXtR_VDP_009_LCD\src\spi_flash_interface_lite\spi_flash_interface_lite.v":2390)
WARN  (NL0001) : Sweep user defined dangling instance "u_config_rom/u_spi_flash_if/spiflash_inst/u_spi_reg/n299_s7"("C:\Users\hra\Documents\github\HRA_product\FPGA_MSXtR\labo\FPGA_MSXtR_VDP_009_LCD\src\spi_flash_interface_lite\spi_flash_interface_lite.v":2390)
WARN  (NL0001) : Sweep user defined dangling instance "u_config_rom/u_spi_flash_if/spiflash_inst/u_spi_reg/n301_s6"("C:\Users\hra\Documents\github\HRA_product\FPGA_MSXtR\labo\FPGA_MSXtR_VDP_009_LCD\src\spi_flash_interface_lite\spi_flash_interface_lite.v":2390)
WARN  (NL0001) : Sweep user defined dangling instance "u_config_rom/u_spi_flash_if/spiflash_inst/u_spi_reg/n305_s6"("C:\Users\hra\Documents\github\HRA_product\FPGA_MSXtR\labo\FPGA_MSXtR_VDP_009_LCD\src\spi_flash_interface_lite\spi_flash_interface_lite.v":2390)
WARN  (NL0001) : Sweep user defined dangling instance "u_config_rom/u_spi_flash_if/spiflash_inst/u_spi_reg/n307_s6"("C:\Users\hra\Documents\github\HRA_product\FPGA_MSXtR\labo\FPGA_MSXtR_VDP_009_LCD\src\spi_flash_interface_lite\spi_flash_interface_lite.v":2390)
WARN  (NL0001) : Sweep user defined dangling instance "u_config_rom/u_spi_flash_if/spiflash_inst/u_spi_reg/n309_s6"("C:\Users\hra\Documents\github\HRA_product\FPGA_MSXtR\labo\FPGA_MSXtR_VDP_009_LCD\src\spi_flash_interface_lite\spi_flash_interface_lite.v":2390)
WARN  (NL0001) : Sweep user defined dangling instance "u_config_rom/u_spi_flash_if/spiflash_inst/u_spi_reg/n311_s6"("C:\Users\hra\Documents\github\HRA_product\FPGA_MSXtR\labo\FPGA_MSXtR_VDP_009_LCD\src\spi_flash_interface_lite\spi_flash_interface_lite.v":2390)
WARN  (NL0001) : Sweep user defined dangling instance "u_config_rom/u_spi_flash_if/spiflash_inst/u_spi_reg/n317_s6"("C:\Users\hra\Documents\github\HRA_product\FPGA_MSXtR\labo\FPGA_MSXtR_VDP_009_LCD\src\spi_flash_interface_lite\spi_flash_interface_lite.v":2390)
WARN  (NL0001) : Sweep user defined dangling instance "u_config_rom/u_spi_flash_if/spiflash_inst/u_spi_reg/n319_s6"("C:\Users\hra\Documents\github\HRA_product\FPGA_MSXtR\labo\FPGA_MSXtR_VDP_009_LCD\src\spi_flash_interface_lite\spi_flash_interface_lite.v":2390)
WARN  (NL0001) : Sweep user defined dangling instance "u_config_rom/u_spi_flash_if/spiflash_inst/u_spi_reg/n321_s6"("C:\Users\hra\Documents\github\HRA_product\FPGA_MSXtR\labo\FPGA_MSXtR_VDP_009_LCD\src\spi_flash_interface_lite\spi_flash_interface_lite.v":2390)
WARN  (NL0001) : Sweep user defined dangling instance "u_config_rom/u_spi_flash_if/spiflash_inst/u_spi_reg/n323_s6"("C:\Users\hra\Documents\github\HRA_product\FPGA_MSXtR\labo\FPGA_MSXtR_VDP_009_LCD\src\spi_flash_interface_lite\spi_flash_interface_lite.v":2390)
WARN  (NL0001) : Sweep user defined dangling instance "u_config_rom/u_spi_flash_if/spiflash_inst/u_spi_reg/n325_s6"("C:\Users\hra\Documents\github\HRA_product\FPGA_MSXtR\labo\FPGA_MSXtR_VDP_009_LCD\src\spi_flash_interface_lite\spi_flash_interface_lite.v":2390)
WARN  (NL0001) : Sweep user defined dangling instance "u_config_rom/u_spi_flash_if/spiflash_inst/u_spi_reg/n327_s6"("C:\Users\hra\Documents\github\HRA_product\FPGA_MSXtR\labo\FPGA_MSXtR_VDP_009_LCD\src\spi_flash_interface_lite\spi_flash_interface_lite.v":2390)
WARN  (NL0001) : Sweep user defined dangling instance "u_config_rom/u_spi_flash_if/spiflash_inst/u_spi_reg/n329_s6"("C:\Users\hra\Documents\github\HRA_product\FPGA_MSXtR\labo\FPGA_MSXtR_VDP_009_LCD\src\spi_flash_interface_lite\spi_flash_interface_lite.v":2390)
WARN  (NL0001) : Sweep user defined dangling instance "u_config_rom/u_spi_flash_if/spiflash_inst/u_spi_reg/n331_s6"("C:\Users\hra\Documents\github\HRA_product\FPGA_MSXtR\labo\FPGA_MSXtR_VDP_009_LCD\src\spi_flash_interface_lite\spi_flash_interface_lite.v":2390)
WARN  (NL0001) : Sweep user defined dangling instance "u_config_rom/u_spi_flash_if/spiflash_inst/u_spi_reg/n333_s6"("C:\Users\hra\Documents\github\HRA_product\FPGA_MSXtR\labo\FPGA_MSXtR_VDP_009_LCD\src\spi_flash_interface_lite\spi_flash_interface_lite.v":2390)
WARN  (NL0001) : Sweep user defined dangling instance "u_config_rom/u_spi_flash_if/spiflash_inst/u_spi_reg/n335_s6"("C:\Users\hra\Documents\github\HRA_product\FPGA_MSXtR\labo\FPGA_MSXtR_VDP_009_LCD\src\spi_flash_interface_lite\spi_flash_interface_lite.v":2390)
WARN  (NL0001) : Sweep user defined dangling instance "u_config_rom/u_spi_flash_if/spiflash_inst/u_spi_reg/n337_s6"("C:\Users\hra\Documents\github\HRA_product\FPGA_MSXtR\labo\FPGA_MSXtR_VDP_009_LCD\src\spi_flash_interface_lite\spi_flash_interface_lite.v":2390)
WARN  (NL0001) : Sweep user defined dangling instance "u_config_rom/u_spi_flash_if/spiflash_inst/u_spi_reg/n339_s6"("C:\Users\hra\Documents\github\HRA_product\FPGA_MSXtR\labo\FPGA_MSXtR_VDP_009_LCD\src\spi_flash_interface_lite\spi_flash_interface_lite.v":2390)
WARN  (NL0001) : Sweep user defined dangling instance "u_config_rom/u_spi_flash_if/spiflash_inst/u_spi_reg/n341_s6"("C:\Users\hra\Documents\github\HRA_product\FPGA_MSXtR\labo\FPGA_MSXtR_VDP_009_LCD\src\spi_flash_interface_lite\spi_flash_interface_lite.v":2390)
WARN  (NL0001) : Sweep user defined dangling instance "u_config_rom/u_spi_flash_if/spiflash_inst/u_spi_reg/n343_s6"("C:\Users\hra\Documents\github\HRA_product\FPGA_MSXtR\labo\FPGA_MSXtR_VDP_009_LCD\src\spi_flash_interface_lite\spi_flash_interface_lite.v":2390)
WARN  (NL0001) : Sweep user defined dangling instance "u_config_rom/u_spi_flash_if/spiflash_inst/u_spi_reg/n345_s7"("C:\Users\hra\Documents\github\HRA_product\FPGA_MSXtR\labo\FPGA_MSXtR_VDP_009_LCD\src\spi_flash_interface_lite\spi_flash_interface_lite.v":2390)
WARN  (NL0001) : Sweep user defined dangling instance "u_config_rom/u_spi_flash_if/spiflash_inst/u_spi_reg/n345_s8"("C:\Users\hra\Documents\github\HRA_product\FPGA_MSXtR\labo\FPGA_MSXtR_VDP_009_LCD\src\spi_flash_interface_lite\spi_flash_interface_lite.v":2390)
WARN  (NL0001) : Sweep user defined dangling instance "u_config_rom/u_spi_flash_if/spiflash_inst/u_spi_reg/n345_s9"("C:\Users\hra\Documents\github\HRA_product\FPGA_MSXtR\labo\FPGA_MSXtR_VDP_009_LCD\src\spi_flash_interface_lite\spi_flash_interface_lite.v":2390)
WARN  (NL0001) : Sweep user defined dangling instance "u_config_rom/u_spi_flash_if/spiflash_inst/u_spi_reg/n347_s7"("C:\Users\hra\Documents\github\HRA_product\FPGA_MSXtR\labo\FPGA_MSXtR_VDP_009_LCD\src\spi_flash_interface_lite\spi_flash_interface_lite.v":2390)
WARN  (NL0001) : Sweep user defined dangling instance "u_config_rom/u_spi_flash_if/spiflash_inst/u_spi_reg/n347_s8"("C:\Users\hra\Documents\github\HRA_product\FPGA_MSXtR\labo\FPGA_MSXtR_VDP_009_LCD\src\spi_flash_interface_lite\spi_flash_interface_lite.v":2390)
WARN  (NL0001) : Sweep user defined dangling instance "u_config_rom/u_spi_flash_if/spiflash_inst/u_spi_reg/n351_s8"("C:\Users\hra\Documents\github\HRA_product\FPGA_MSXtR\labo\FPGA_MSXtR_VDP_009_LCD\src\spi_flash_interface_lite\spi_flash_interface_lite.v":2390)
WARN  (NL0001) : Sweep user defined dangling instance "u_config_rom/u_spi_flash_if/spiflash_inst/u_spi_reg/n351_s9"("C:\Users\hra\Documents\github\HRA_product\FPGA_MSXtR\labo\FPGA_MSXtR_VDP_009_LCD\src\spi_flash_interface_lite\spi_flash_interface_lite.v":2390)
WARN  (NL0001) : Sweep user defined dangling instance "u_config_rom/u_spi_flash_if/spiflash_inst/u_spi_reg/n351_s10"("C:\Users\hra\Documents\github\HRA_product\FPGA_MSXtR\labo\FPGA_MSXtR_VDP_009_LCD\src\spi_flash_interface_lite\spi_flash_interface_lite.v":2390)
WARN  (NL0001) : Sweep user defined dangling instance "u_config_rom/u_spi_flash_if/spiflash_inst/u_spi_reg/n349_s9"("C:\Users\hra\Documents\github\HRA_product\FPGA_MSXtR\labo\FPGA_MSXtR_VDP_009_LCD\src\spi_flash_interface_lite\spi_flash_interface_lite.v":2390)
WARN  (NL0001) : Sweep user defined dangling instance "u_config_rom/u_spi_flash_if/spiflash_inst/u_spi_reg/n349_s10"("C:\Users\hra\Documents\github\HRA_product\FPGA_MSXtR\labo\FPGA_MSXtR_VDP_009_LCD\src\spi_flash_interface_lite\spi_flash_interface_lite.v":2390)
WARN  (NL0001) : Sweep user defined dangling instance "u_config_rom/u_spi_flash_if/spiflash_inst/u_spi_reg/n353_s9"("C:\Users\hra\Documents\github\HRA_product\FPGA_MSXtR\labo\FPGA_MSXtR_VDP_009_LCD\src\spi_flash_interface_lite\spi_flash_interface_lite.v":2390)
WARN  (NL0001) : Sweep user defined dangling instance "u_config_rom/u_spi_flash_if/spiflash_inst/u_spi_reg/n353_s10"("C:\Users\hra\Documents\github\HRA_product\FPGA_MSXtR\labo\FPGA_MSXtR_VDP_009_LCD\src\spi_flash_interface_lite\spi_flash_interface_lite.v":2390)
WARN  (NL0001) : Sweep user defined dangling instance "u_config_rom/u_spi_flash_if/spiflash_inst/u_spi_reg/n355_s9"("C:\Users\hra\Documents\github\HRA_product\FPGA_MSXtR\labo\FPGA_MSXtR_VDP_009_LCD\src\spi_flash_interface_lite\spi_flash_interface_lite.v":2390)
WARN  (NL0001) : Sweep user defined dangling instance "u_config_rom/u_spi_flash_if/spiflash_inst/u_spi_reg/n355_s10"("C:\Users\hra\Documents\github\HRA_product\FPGA_MSXtR\labo\FPGA_MSXtR_VDP_009_LCD\src\spi_flash_interface_lite\spi_flash_interface_lite.v":2390)
WARN  (NL0001) : Sweep user defined dangling instance "u_config_rom/u_spi_flash_if/spiflash_inst/u_spi_reg/n357_s9"("C:\Users\hra\Documents\github\HRA_product\FPGA_MSXtR\labo\FPGA_MSXtR_VDP_009_LCD\src\spi_flash_interface_lite\spi_flash_interface_lite.v":2390)
WARN  (NL0001) : Sweep user defined dangling instance "u_config_rom/u_spi_flash_if/spiflash_inst/u_spi_reg/n357_s10"("C:\Users\hra\Documents\github\HRA_product\FPGA_MSXtR\labo\FPGA_MSXtR_VDP_009_LCD\src\spi_flash_interface_lite\spi_flash_interface_lite.v":2390)
WARN  (NL0001) : Sweep user defined dangling instance "u_config_rom/u_spi_flash_if/spiflash_inst/u_spi_reg/n358_s10"("C:\Users\hra\Documents\github\HRA_product\FPGA_MSXtR\labo\FPGA_MSXtR_VDP_009_LCD\src\spi_flash_interface_lite\spi_flash_interface_lite.v":2390)
WARN  (NL0001) : Sweep user defined dangling instance "u_config_rom/u_spi_flash_if/spiflash_inst/u_spi_reg/n358_s11"("C:\Users\hra\Documents\github\HRA_product\FPGA_MSXtR\labo\FPGA_MSXtR_VDP_009_LCD\src\spi_flash_interface_lite\spi_flash_interface_lite.v":2390)
WARN  (NL0001) : Sweep user defined dangling instance "u_config_rom/u_spi_flash_if/spiflash_inst/u_spi_reg/n268_s3"("C:\Users\hra\Documents\github\HRA_product\FPGA_MSXtR\labo\FPGA_MSXtR_VDP_009_LCD\src\spi_flash_interface_lite\spi_flash_interface_lite.v":2390)
WARN  (NL0001) : Sweep user defined dangling instance "u_config_rom/u_spi_flash_if/spiflash_inst/u_spi_reg/n358_s12"("C:\Users\hra\Documents\github\HRA_product\FPGA_MSXtR\labo\FPGA_MSXtR_VDP_009_LCD\src\spi_flash_interface_lite\spi_flash_interface_lite.v":2390)
WARN  (NL0001) : Sweep user defined dangling instance "u_config_rom/u_spi_flash_if/spiflash_inst/u_spi_reg/n268_s4"("C:\Users\hra\Documents\github\HRA_product\FPGA_MSXtR\labo\FPGA_MSXtR_VDP_009_LCD\src\spi_flash_interface_lite\spi_flash_interface_lite.v":2390)
WARN  (NL0001) : Sweep user defined dangling instance "u_config_rom/u_spi_flash_if/spiflash_inst/u_spi_reg/spi_trans_end_int_r_s4"("C:\Users\hra\Documents\github\HRA_product\FPGA_MSXtR\labo\FPGA_MSXtR_VDP_009_LCD\src\spi_flash_interface_lite\spi_flash_interface_lite.v":2390)
WARN  (NL0001) : Sweep user defined dangling instance "u_config_rom/u_spi_flash_if/spiflash_inst/u_spi_reg/n299_s11"("C:\Users\hra\Documents\github\HRA_product\FPGA_MSXtR\labo\FPGA_MSXtR_VDP_009_LCD\src\spi_flash_interface_lite\spi_flash_interface_lite.v":2390)
WARN  (NL0001) : Sweep user defined dangling instance "u_config_rom/u_spi_flash_if/spiflash_inst/u_spi_reg/n297_s7"("C:\Users\hra\Documents\github\HRA_product\FPGA_MSXtR\labo\FPGA_MSXtR_VDP_009_LCD\src\spi_flash_interface_lite\spi_flash_interface_lite.v":2390)
WARN  (NL0001) : Sweep user defined dangling instance "u_config_rom/u_spi_flash_if/spiflash_inst/u_spi_reg/reg_reg_tra_ctrl_r_21_s0"("C:\Users\hra\Documents\github\HRA_product\FPGA_MSXtR\labo\FPGA_MSXtR_VDP_009_LCD\src\spi_flash_interface_lite\spi_flash_interface_lite.v":2390)
WARN  (NL0001) : Sweep user defined dangling instance "u_config_rom/u_spi_flash_if/spiflash_inst/u_spi_reg/reg_reg_tra_ctrl_r_20_s0"("C:\Users\hra\Documents\github\HRA_product\FPGA_MSXtR\labo\FPGA_MSXtR_VDP_009_LCD\src\spi_flash_interface_lite\spi_flash_interface_lite.v":2390)
WARN  (NL0001) : Sweep user defined dangling instance "u_config_rom/u_spi_flash_if/spiflash_inst/u_spi_reg/reg_reg_tra_ctrl_r_19_s0"("C:\Users\hra\Documents\github\HRA_product\FPGA_MSXtR\labo\FPGA_MSXtR_VDP_009_LCD\src\spi_flash_interface_lite\spi_flash_interface_lite.v":2390)
WARN  (NL0001) : Sweep user defined dangling instance "u_config_rom/u_spi_flash_if/spiflash_inst/u_spi_reg/reg_reg_tra_ctrl_r_18_s0"("C:\Users\hra\Documents\github\HRA_product\FPGA_MSXtR\labo\FPGA_MSXtR_VDP_009_LCD\src\spi_flash_interface_lite\spi_flash_interface_lite.v":2390)
WARN  (NL0001) : Sweep user defined dangling instance "u_config_rom/u_spi_flash_if/spiflash_inst/u_spi_reg/reg_reg_tra_ctrl_r_17_s0"("C:\Users\hra\Documents\github\HRA_product\FPGA_MSXtR\labo\FPGA_MSXtR_VDP_009_LCD\src\spi_flash_interface_lite\spi_flash_interface_lite.v":2390)
WARN  (NL0001) : Sweep user defined dangling instance "u_config_rom/u_spi_flash_if/spiflash_inst/u_spi_reg/reg_reg_tra_ctrl_r_16_s0"("C:\Users\hra\Documents\github\HRA_product\FPGA_MSXtR\labo\FPGA_MSXtR_VDP_009_LCD\src\spi_flash_interface_lite\spi_flash_interface_lite.v":2390)
WARN  (NL0001) : Sweep user defined dangling instance "u_config_rom/u_spi_flash_if/spiflash_inst/u_spi_reg/reg_reg_tra_ctrl_r_15_s0"("C:\Users\hra\Documents\github\HRA_product\FPGA_MSXtR\labo\FPGA_MSXtR_VDP_009_LCD\src\spi_flash_interface_lite\spi_flash_interface_lite.v":2390)
WARN  (NL0001) : Sweep user defined dangling instance "u_config_rom/u_spi_flash_if/spiflash_inst/u_spi_reg/reg_reg_tra_ctrl_r_14_s0"("C:\Users\hra\Documents\github\HRA_product\FPGA_MSXtR\labo\FPGA_MSXtR_VDP_009_LCD\src\spi_flash_interface_lite\spi_flash_interface_lite.v":2390)
WARN  (NL0001) : Sweep user defined dangling instance "u_config_rom/u_spi_flash_if/spiflash_inst/u_spi_reg/reg_reg_tra_ctrl_r_11_s0"("C:\Users\hra\Documents\github\HRA_product\FPGA_MSXtR\labo\FPGA_MSXtR_VDP_009_LCD\src\spi_flash_interface_lite\spi_flash_interface_lite.v":2390)
WARN  (NL0001) : Sweep user defined dangling instance "u_config_rom/u_spi_flash_if/spiflash_inst/u_spi_reg/reg_reg_tra_ctrl_r_8_s0"("C:\Users\hra\Documents\github\HRA_product\FPGA_MSXtR\labo\FPGA_MSXtR_VDP_009_LCD\src\spi_flash_interface_lite\spi_flash_interface_lite.v":2390)
WARN  (NL0001) : Sweep user defined dangling instance "u_config_rom/u_spi_flash_if/spiflash_inst/u_spi_reg/reg_reg_tra_ctrl_r_7_s0"("C:\Users\hra\Documents\github\HRA_product\FPGA_MSXtR\labo\FPGA_MSXtR_VDP_009_LCD\src\spi_flash_interface_lite\spi_flash_interface_lite.v":2390)
WARN  (NL0001) : Sweep user defined dangling instance "u_config_rom/u_spi_flash_if/spiflash_inst/u_spi_reg/reg_reg_tra_ctrl_r_6_s0"("C:\Users\hra\Documents\github\HRA_product\FPGA_MSXtR\labo\FPGA_MSXtR_VDP_009_LCD\src\spi_flash_interface_lite\spi_flash_interface_lite.v":2390)
WARN  (NL0001) : Sweep user defined dangling instance "u_config_rom/u_spi_flash_if/spiflash_inst/u_spi_reg/reg_reg_tra_ctrl_r_5_s0"("C:\Users\hra\Documents\github\HRA_product\FPGA_MSXtR\labo\FPGA_MSXtR_VDP_009_LCD\src\spi_flash_interface_lite\spi_flash_interface_lite.v":2390)
WARN  (NL0001) : Sweep user defined dangling instance "u_config_rom/u_spi_flash_if/spiflash_inst/u_spi_reg/reg_reg_tra_ctrl_r_4_s0"("C:\Users\hra\Documents\github\HRA_product\FPGA_MSXtR\labo\FPGA_MSXtR_VDP_009_LCD\src\spi_flash_interface_lite\spi_flash_interface_lite.v":2390)
WARN  (NL0001) : Sweep user defined dangling instance "u_config_rom/u_spi_flash_if/spiflash_inst/u_spi_reg/reg_reg_tra_ctrl_r_3_s0"("C:\Users\hra\Documents\github\HRA_product\FPGA_MSXtR\labo\FPGA_MSXtR_VDP_009_LCD\src\spi_flash_interface_lite\spi_flash_interface_lite.v":2390)
WARN  (NL0001) : Sweep user defined dangling instance "u_config_rom/u_spi_flash_if/spiflash_inst/u_spi_reg/reg_reg_tra_ctrl_r_2_s0"("C:\Users\hra\Documents\github\HRA_product\FPGA_MSXtR\labo\FPGA_MSXtR_VDP_009_LCD\src\spi_flash_interface_lite\spi_flash_interface_lite.v":2390)
WARN  (NL0001) : Sweep user defined dangling instance "u_config_rom/u_spi_flash_if/spiflash_inst/u_spi_reg/reg_rdata_r_31_s0"("C:\Users\hra\Documents\github\HRA_product\FPGA_MSXtR\labo\FPGA_MSXtR_VDP_009_LCD\src\spi_flash_interface_lite\spi_flash_interface_lite.v":2390)
WARN  (NL0001) : Sweep user defined dangling instance "u_config_rom/u_spi_flash_if/spiflash_inst/u_spi_reg/reg_rdata_r_30_s0"("C:\Users\hra\Documents\github\HRA_product\FPGA_MSXtR\labo\FPGA_MSXtR_VDP_009_LCD\src\spi_flash_interface_lite\spi_flash_interface_lite.v":2390)
WARN  (NL0001) : Sweep user defined dangling instance "u_config_rom/u_spi_flash_if/spiflash_inst/u_spi_reg/reg_rdata_r_29_s0"("C:\Users\hra\Documents\github\HRA_product\FPGA_MSXtR\labo\FPGA_MSXtR_VDP_009_LCD\src\spi_flash_interface_lite\spi_flash_interface_lite.v":2390)
WARN  (NL0001) : Sweep user defined dangling instance "u_config_rom/u_spi_flash_if/spiflash_inst/u_spi_reg/reg_rdata_r_28_s0"("C:\Users\hra\Documents\github\HRA_product\FPGA_MSXtR\labo\FPGA_MSXtR_VDP_009_LCD\src\spi_flash_interface_lite\spi_flash_interface_lite.v":2390)
WARN  (NL0001) : Sweep user defined dangling instance "u_config_rom/u_spi_flash_if/spiflash_inst/u_spi_reg/reg_rdata_r_27_s0"("C:\Users\hra\Documents\github\HRA_product\FPGA_MSXtR\labo\FPGA_MSXtR_VDP_009_LCD\src\spi_flash_interface_lite\spi_flash_interface_lite.v":2390)
WARN  (NL0001) : Sweep user defined dangling instance "u_config_rom/u_spi_flash_if/spiflash_inst/u_spi_reg/reg_rdata_r_26_s0"("C:\Users\hra\Documents\github\HRA_product\FPGA_MSXtR\labo\FPGA_MSXtR_VDP_009_LCD\src\spi_flash_interface_lite\spi_flash_interface_lite.v":2390)
WARN  (NL0001) : Sweep user defined dangling instance "u_config_rom/u_spi_flash_if/spiflash_inst/u_spi_reg/reg_rdata_r_25_s0"("C:\Users\hra\Documents\github\HRA_product\FPGA_MSXtR\labo\FPGA_MSXtR_VDP_009_LCD\src\spi_flash_interface_lite\spi_flash_interface_lite.v":2390)
WARN  (NL0001) : Sweep user defined dangling instance "u_config_rom/u_spi_flash_if/spiflash_inst/u_spi_reg/reg_rdata_r_24_s0"("C:\Users\hra\Documents\github\HRA_product\FPGA_MSXtR\labo\FPGA_MSXtR_VDP_009_LCD\src\spi_flash_interface_lite\spi_flash_interface_lite.v":2390)
WARN  (NL0001) : Sweep user defined dangling instance "u_config_rom/u_spi_flash_if/spiflash_inst/u_spi_reg/reg_rdata_r_23_s0"("C:\Users\hra\Documents\github\HRA_product\FPGA_MSXtR\labo\FPGA_MSXtR_VDP_009_LCD\src\spi_flash_interface_lite\spi_flash_interface_lite.v":2390)
WARN  (NL0001) : Sweep user defined dangling instance "u_config_rom/u_spi_flash_if/spiflash_inst/u_spi_reg/reg_rdata_r_22_s0"("C:\Users\hra\Documents\github\HRA_product\FPGA_MSXtR\labo\FPGA_MSXtR_VDP_009_LCD\src\spi_flash_interface_lite\spi_flash_interface_lite.v":2390)
WARN  (NL0001) : Sweep user defined dangling instance "u_config_rom/u_spi_flash_if/spiflash_inst/u_spi_reg/reg_rdata_r_21_s0"("C:\Users\hra\Documents\github\HRA_product\FPGA_MSXtR\labo\FPGA_MSXtR_VDP_009_LCD\src\spi_flash_interface_lite\spi_flash_interface_lite.v":2390)
WARN  (NL0001) : Sweep user defined dangling instance "u_config_rom/u_spi_flash_if/spiflash_inst/u_spi_reg/reg_rdata_r_20_s0"("C:\Users\hra\Documents\github\HRA_product\FPGA_MSXtR\labo\FPGA_MSXtR_VDP_009_LCD\src\spi_flash_interface_lite\spi_flash_interface_lite.v":2390)
WARN  (NL0001) : Sweep user defined dangling instance "u_config_rom/u_spi_flash_if/spiflash_inst/u_spi_reg/reg_rdata_r_19_s0"("C:\Users\hra\Documents\github\HRA_product\FPGA_MSXtR\labo\FPGA_MSXtR_VDP_009_LCD\src\spi_flash_interface_lite\spi_flash_interface_lite.v":2390)
WARN  (NL0001) : Sweep user defined dangling instance "u_config_rom/u_spi_flash_if/spiflash_inst/u_spi_reg/reg_rdata_r_18_s0"("C:\Users\hra\Documents\github\HRA_product\FPGA_MSXtR\labo\FPGA_MSXtR_VDP_009_LCD\src\spi_flash_interface_lite\spi_flash_interface_lite.v":2390)
WARN  (NL0001) : Sweep user defined dangling instance "u_config_rom/u_spi_flash_if/spiflash_inst/u_spi_reg/reg_rdata_r_17_s0"("C:\Users\hra\Documents\github\HRA_product\FPGA_MSXtR\labo\FPGA_MSXtR_VDP_009_LCD\src\spi_flash_interface_lite\spi_flash_interface_lite.v":2390)
WARN  (NL0001) : Sweep user defined dangling instance "u_config_rom/u_spi_flash_if/spiflash_inst/u_spi_reg/reg_rdata_r_16_s0"("C:\Users\hra\Documents\github\HRA_product\FPGA_MSXtR\labo\FPGA_MSXtR_VDP_009_LCD\src\spi_flash_interface_lite\spi_flash_interface_lite.v":2390)
WARN  (NL0001) : Sweep user defined dangling instance "u_config_rom/u_spi_flash_if/spiflash_inst/u_spi_reg/reg_rdata_r_15_s0"("C:\Users\hra\Documents\github\HRA_product\FPGA_MSXtR\labo\FPGA_MSXtR_VDP_009_LCD\src\spi_flash_interface_lite\spi_flash_interface_lite.v":2390)
WARN  (NL0001) : Sweep user defined dangling instance "u_config_rom/u_spi_flash_if/spiflash_inst/u_spi_reg/reg_rdata_r_14_s0"("C:\Users\hra\Documents\github\HRA_product\FPGA_MSXtR\labo\FPGA_MSXtR_VDP_009_LCD\src\spi_flash_interface_lite\spi_flash_interface_lite.v":2390)
WARN  (NL0001) : Sweep user defined dangling instance "u_config_rom/u_spi_flash_if/spiflash_inst/u_spi_reg/reg_rdata_r_13_s0"("C:\Users\hra\Documents\github\HRA_product\FPGA_MSXtR\labo\FPGA_MSXtR_VDP_009_LCD\src\spi_flash_interface_lite\spi_flash_interface_lite.v":2390)
WARN  (NL0001) : Sweep user defined dangling instance "u_config_rom/u_spi_flash_if/spiflash_inst/u_spi_reg/reg_rdata_r_12_s0"("C:\Users\hra\Documents\github\HRA_product\FPGA_MSXtR\labo\FPGA_MSXtR_VDP_009_LCD\src\spi_flash_interface_lite\spi_flash_interface_lite.v":2390)
WARN  (NL0001) : Sweep user defined dangling instance "u_config_rom/u_spi_flash_if/spiflash_inst/u_spi_reg/reg_rdata_r_11_s0"("C:\Users\hra\Documents\github\HRA_product\FPGA_MSXtR\labo\FPGA_MSXtR_VDP_009_LCD\src\spi_flash_interface_lite\spi_flash_interface_lite.v":2390)
WARN  (NL0001) : Sweep user defined dangling instance "u_config_rom/u_spi_flash_if/spiflash_inst/u_spi_reg/reg_rdata_r_10_s0"("C:\Users\hra\Documents\github\HRA_product\FPGA_MSXtR\labo\FPGA_MSXtR_VDP_009_LCD\src\spi_flash_interface_lite\spi_flash_interface_lite.v":2390)
WARN  (NL0001) : Sweep user defined dangling instance "u_config_rom/u_spi_flash_if/spiflash_inst/u_spi_reg/reg_rdata_r_9_s0"("C:\Users\hra\Documents\github\HRA_product\FPGA_MSXtR\labo\FPGA_MSXtR_VDP_009_LCD\src\spi_flash_interface_lite\spi_flash_interface_lite.v":2390)
WARN  (NL0001) : Sweep user defined dangling instance "u_config_rom/u_spi_flash_if/spiflash_inst/u_spi_reg/reg_rdata_r_8_s0"("C:\Users\hra\Documents\github\HRA_product\FPGA_MSXtR\labo\FPGA_MSXtR_VDP_009_LCD\src\spi_flash_interface_lite\spi_flash_interface_lite.v":2390)
WARN  (NL0001) : Sweep user defined dangling instance "u_config_rom/u_spi_flash_if/spiflash_inst/u_spi_reg/reg_rdata_r_7_s0"("C:\Users\hra\Documents\github\HRA_product\FPGA_MSXtR\labo\FPGA_MSXtR_VDP_009_LCD\src\spi_flash_interface_lite\spi_flash_interface_lite.v":2390)
WARN  (NL0001) : Sweep user defined dangling instance "u_config_rom/u_spi_flash_if/spiflash_inst/u_spi_reg/reg_rdata_r_6_s0"("C:\Users\hra\Documents\github\HRA_product\FPGA_MSXtR\labo\FPGA_MSXtR_VDP_009_LCD\src\spi_flash_interface_lite\spi_flash_interface_lite.v":2390)
WARN  (NL0001) : Sweep user defined dangling instance "u_config_rom/u_spi_flash_if/spiflash_inst/u_spi_reg/reg_rdata_r_5_s0"("C:\Users\hra\Documents\github\HRA_product\FPGA_MSXtR\labo\FPGA_MSXtR_VDP_009_LCD\src\spi_flash_interface_lite\spi_flash_interface_lite.v":2390)
WARN  (NL0001) : Sweep user defined dangling instance "u_config_rom/u_spi_flash_if/spiflash_inst/u_spi_reg/reg_rdata_r_4_s0"("C:\Users\hra\Documents\github\HRA_product\FPGA_MSXtR\labo\FPGA_MSXtR_VDP_009_LCD\src\spi_flash_interface_lite\spi_flash_interface_lite.v":2390)
WARN  (NL0001) : Sweep user defined dangling instance "u_config_rom/u_spi_flash_if/spiflash_inst/u_spi_reg/reg_rdata_r_3_s0"("C:\Users\hra\Documents\github\HRA_product\FPGA_MSXtR\labo\FPGA_MSXtR_VDP_009_LCD\src\spi_flash_interface_lite\spi_flash_interface_lite.v":2390)
WARN  (NL0001) : Sweep user defined dangling instance "u_config_rom/u_spi_flash_if/spiflash_inst/u_spi_reg/reg_rdata_r_2_s0"("C:\Users\hra\Documents\github\HRA_product\FPGA_MSXtR\labo\FPGA_MSXtR_VDP_009_LCD\src\spi_flash_interface_lite\spi_flash_interface_lite.v":2390)
WARN  (NL0001) : Sweep user defined dangling instance "u_config_rom/u_spi_flash_if/spiflash_inst/u_spi_reg/reg_rdata_r_1_s0"("C:\Users\hra\Documents\github\HRA_product\FPGA_MSXtR\labo\FPGA_MSXtR_VDP_009_LCD\src\spi_flash_interface_lite\spi_flash_interface_lite.v":2390)
WARN  (NL0001) : Sweep user defined dangling instance "u_config_rom/u_spi_flash_if/spiflash_inst/u_spi_reg/reg_rdata_r_0_s0"("C:\Users\hra\Documents\github\HRA_product\FPGA_MSXtR\labo\FPGA_MSXtR_VDP_009_LCD\src\spi_flash_interface_lite\spi_flash_interface_lite.v":2390)
WARN  (NL0001) : Sweep user defined dangling instance "u_config_rom/u_spi_flash_if/spiflash_inst/u_spi_reg/spi_trans_end_int_r_s1"("C:\Users\hra\Documents\github\HRA_product\FPGA_MSXtR\labo\FPGA_MSXtR_VDP_009_LCD\src\spi_flash_interface_lite\spi_flash_interface_lite.v":2390)
WARN  (NL0001) : Sweep user defined dangling instance "u_config_rom/u_spi_flash_if/spiflash_inst/u_spi_fifo/rxf_rd_data_31_s0"("C:\Users\hra\Documents\github\HRA_product\FPGA_MSXtR\labo\FPGA_MSXtR_VDP_009_LCD\src\spi_flash_interface_lite\spi_flash_interface_lite.v":2390)
WARN  (NL0001) : Sweep user defined dangling instance "u_config_rom/u_spi_flash_if/spiflash_inst/u_spi_fifo/rxf_rd_data_30_s0"("C:\Users\hra\Documents\github\HRA_product\FPGA_MSXtR\labo\FPGA_MSXtR_VDP_009_LCD\src\spi_flash_interface_lite\spi_flash_interface_lite.v":2390)
WARN  (NL0001) : Sweep user defined dangling instance "u_config_rom/u_spi_flash_if/spiflash_inst/u_spi_fifo/rxf_rd_data_29_s0"("C:\Users\hra\Documents\github\HRA_product\FPGA_MSXtR\labo\FPGA_MSXtR_VDP_009_LCD\src\spi_flash_interface_lite\spi_flash_interface_lite.v":2390)
WARN  (NL0001) : Sweep user defined dangling instance "u_config_rom/u_spi_flash_if/spiflash_inst/u_spi_fifo/rxf_rd_data_28_s0"("C:\Users\hra\Documents\github\HRA_product\FPGA_MSXtR\labo\FPGA_MSXtR_VDP_009_LCD\src\spi_flash_interface_lite\spi_flash_interface_lite.v":2390)
WARN  (NL0001) : Sweep user defined dangling instance "u_config_rom/u_spi_flash_if/spiflash_inst/u_spi_fifo/rxf_rd_data_27_s0"("C:\Users\hra\Documents\github\HRA_product\FPGA_MSXtR\labo\FPGA_MSXtR_VDP_009_LCD\src\spi_flash_interface_lite\spi_flash_interface_lite.v":2390)
WARN  (NL0001) : Sweep user defined dangling instance "u_config_rom/u_spi_flash_if/spiflash_inst/u_spi_fifo/rxf_rd_data_26_s0"("C:\Users\hra\Documents\github\HRA_product\FPGA_MSXtR\labo\FPGA_MSXtR_VDP_009_LCD\src\spi_flash_interface_lite\spi_flash_interface_lite.v":2390)
WARN  (NL0001) : Sweep user defined dangling instance "u_config_rom/u_spi_flash_if/spiflash_inst/u_spi_fifo/rxf_rd_data_25_s0"("C:\Users\hra\Documents\github\HRA_product\FPGA_MSXtR\labo\FPGA_MSXtR_VDP_009_LCD\src\spi_flash_interface_lite\spi_flash_interface_lite.v":2390)
WARN  (NL0001) : Sweep user defined dangling instance "u_config_rom/u_spi_flash_if/spiflash_inst/u_spi_fifo/rxf_rd_data_24_s0"("C:\Users\hra\Documents\github\HRA_product\FPGA_MSXtR\labo\FPGA_MSXtR_VDP_009_LCD\src\spi_flash_interface_lite\spi_flash_interface_lite.v":2390)
WARN  (NL0001) : Sweep user defined dangling instance "u_config_rom/u_spi_flash_if/spiflash_inst/u_spi_fifo/rxf_rd_data_23_s0"("C:\Users\hra\Documents\github\HRA_product\FPGA_MSXtR\labo\FPGA_MSXtR_VDP_009_LCD\src\spi_flash_interface_lite\spi_flash_interface_lite.v":2390)
WARN  (NL0001) : Sweep user defined dangling instance "u_config_rom/u_spi_flash_if/spiflash_inst/u_spi_fifo/rxf_rd_data_22_s0"("C:\Users\hra\Documents\github\HRA_product\FPGA_MSXtR\labo\FPGA_MSXtR_VDP_009_LCD\src\spi_flash_interface_lite\spi_flash_interface_lite.v":2390)
WARN  (NL0001) : Sweep user defined dangling instance "u_config_rom/u_spi_flash_if/spiflash_inst/u_spi_fifo/rxf_rd_data_21_s0"("C:\Users\hra\Documents\github\HRA_product\FPGA_MSXtR\labo\FPGA_MSXtR_VDP_009_LCD\src\spi_flash_interface_lite\spi_flash_interface_lite.v":2390)
WARN  (NL0001) : Sweep user defined dangling instance "u_config_rom/u_spi_flash_if/spiflash_inst/u_spi_fifo/rxf_rd_data_20_s0"("C:\Users\hra\Documents\github\HRA_product\FPGA_MSXtR\labo\FPGA_MSXtR_VDP_009_LCD\src\spi_flash_interface_lite\spi_flash_interface_lite.v":2390)
WARN  (NL0001) : Sweep user defined dangling instance "u_config_rom/u_spi_flash_if/spiflash_inst/u_spi_fifo/rxf_rd_data_19_s0"("C:\Users\hra\Documents\github\HRA_product\FPGA_MSXtR\labo\FPGA_MSXtR_VDP_009_LCD\src\spi_flash_interface_lite\spi_flash_interface_lite.v":2390)
WARN  (NL0001) : Sweep user defined dangling instance "u_config_rom/u_spi_flash_if/spiflash_inst/u_spi_fifo/rxf_rd_data_18_s0"("C:\Users\hra\Documents\github\HRA_product\FPGA_MSXtR\labo\FPGA_MSXtR_VDP_009_LCD\src\spi_flash_interface_lite\spi_flash_interface_lite.v":2390)
WARN  (NL0001) : Sweep user defined dangling instance "u_config_rom/u_spi_flash_if/spiflash_inst/u_spi_fifo/rxf_rd_data_17_s0"("C:\Users\hra\Documents\github\HRA_product\FPGA_MSXtR\labo\FPGA_MSXtR_VDP_009_LCD\src\spi_flash_interface_lite\spi_flash_interface_lite.v":2390)
WARN  (NL0001) : Sweep user defined dangling instance "u_config_rom/u_spi_flash_if/spiflash_inst/u_spi_fifo/rxf_rd_data_16_s0"("C:\Users\hra\Documents\github\HRA_product\FPGA_MSXtR\labo\FPGA_MSXtR_VDP_009_LCD\src\spi_flash_interface_lite\spi_flash_interface_lite.v":2390)
WARN  (NL0001) : Sweep user defined dangling instance "u_config_rom/u_spi_flash_if/spiflash_inst/u_spi_fifo/rxf_rd_data_15_s0"("C:\Users\hra\Documents\github\HRA_product\FPGA_MSXtR\labo\FPGA_MSXtR_VDP_009_LCD\src\spi_flash_interface_lite\spi_flash_interface_lite.v":2390)
WARN  (NL0001) : Sweep user defined dangling instance "u_config_rom/u_spi_flash_if/spiflash_inst/u_spi_fifo/rxf_rd_data_14_s0"("C:\Users\hra\Documents\github\HRA_product\FPGA_MSXtR\labo\FPGA_MSXtR_VDP_009_LCD\src\spi_flash_interface_lite\spi_flash_interface_lite.v":2390)
WARN  (NL0001) : Sweep user defined dangling instance "u_config_rom/u_spi_flash_if/spiflash_inst/u_spi_fifo/rxf_rd_data_13_s0"("C:\Users\hra\Documents\github\HRA_product\FPGA_MSXtR\labo\FPGA_MSXtR_VDP_009_LCD\src\spi_flash_interface_lite\spi_flash_interface_lite.v":2390)
WARN  (NL0001) : Sweep user defined dangling instance "u_config_rom/u_spi_flash_if/spiflash_inst/u_spi_fifo/rxf_rd_data_12_s0"("C:\Users\hra\Documents\github\HRA_product\FPGA_MSXtR\labo\FPGA_MSXtR_VDP_009_LCD\src\spi_flash_interface_lite\spi_flash_interface_lite.v":2390)
WARN  (NL0001) : Sweep user defined dangling instance "u_config_rom/u_spi_flash_if/spiflash_inst/u_spi_fifo/rxf_rd_data_11_s0"("C:\Users\hra\Documents\github\HRA_product\FPGA_MSXtR\labo\FPGA_MSXtR_VDP_009_LCD\src\spi_flash_interface_lite\spi_flash_interface_lite.v":2390)
WARN  (NL0001) : Sweep user defined dangling instance "u_config_rom/u_spi_flash_if/spiflash_inst/u_spi_fifo/rxf_rd_data_10_s0"("C:\Users\hra\Documents\github\HRA_product\FPGA_MSXtR\labo\FPGA_MSXtR_VDP_009_LCD\src\spi_flash_interface_lite\spi_flash_interface_lite.v":2390)
WARN  (NL0001) : Sweep user defined dangling instance "u_config_rom/u_spi_flash_if/spiflash_inst/u_spi_fifo/rxf_rd_data_9_s0"("C:\Users\hra\Documents\github\HRA_product\FPGA_MSXtR\labo\FPGA_MSXtR_VDP_009_LCD\src\spi_flash_interface_lite\spi_flash_interface_lite.v":2390)
WARN  (NL0001) : Sweep user defined dangling instance "u_config_rom/u_spi_flash_if/spiflash_inst/u_spi_fifo/rxf_rd_data_8_s0"("C:\Users\hra\Documents\github\HRA_product\FPGA_MSXtR\labo\FPGA_MSXtR_VDP_009_LCD\src\spi_flash_interface_lite\spi_flash_interface_lite.v":2390)
WARN  (NL0001) : Sweep user defined dangling instance "u_config_rom/u_spi_flash_if/spiflash_inst/u_spi_fifo/rxf_rd_data_7_s0"("C:\Users\hra\Documents\github\HRA_product\FPGA_MSXtR\labo\FPGA_MSXtR_VDP_009_LCD\src\spi_flash_interface_lite\spi_flash_interface_lite.v":2390)
WARN  (NL0001) : Sweep user defined dangling instance "u_config_rom/u_spi_flash_if/spiflash_inst/u_spi_fifo/rxf_rd_data_6_s0"("C:\Users\hra\Documents\github\HRA_product\FPGA_MSXtR\labo\FPGA_MSXtR_VDP_009_LCD\src\spi_flash_interface_lite\spi_flash_interface_lite.v":2390)
WARN  (NL0001) : Sweep user defined dangling instance "u_config_rom/u_spi_flash_if/spiflash_inst/u_spi_fifo/rxf_rd_data_5_s0"("C:\Users\hra\Documents\github\HRA_product\FPGA_MSXtR\labo\FPGA_MSXtR_VDP_009_LCD\src\spi_flash_interface_lite\spi_flash_interface_lite.v":2390)
WARN  (NL0001) : Sweep user defined dangling instance "u_config_rom/u_spi_flash_if/spiflash_inst/u_spi_fifo/rxf_rd_data_4_s0"("C:\Users\hra\Documents\github\HRA_product\FPGA_MSXtR\labo\FPGA_MSXtR_VDP_009_LCD\src\spi_flash_interface_lite\spi_flash_interface_lite.v":2390)
WARN  (NL0001) : Sweep user defined dangling instance "u_config_rom/u_spi_flash_if/spiflash_inst/u_spi_fifo/rxf_rd_data_3_s0"("C:\Users\hra\Documents\github\HRA_product\FPGA_MSXtR\labo\FPGA_MSXtR_VDP_009_LCD\src\spi_flash_interface_lite\spi_flash_interface_lite.v":2390)
WARN  (NL0001) : Sweep user defined dangling instance "u_config_rom/u_spi_flash_if/spiflash_inst/u_spi_fifo/rxf_rd_data_2_s0"("C:\Users\hra\Documents\github\HRA_product\FPGA_MSXtR\labo\FPGA_MSXtR_VDP_009_LCD\src\spi_flash_interface_lite\spi_flash_interface_lite.v":2390)
WARN  (NL0001) : Sweep user defined dangling instance "u_config_rom/u_spi_flash_if/spiflash_inst/u_spi_fifo/rxf_rd_data_1_s0"("C:\Users\hra\Documents\github\HRA_product\FPGA_MSXtR\labo\FPGA_MSXtR_VDP_009_LCD\src\spi_flash_interface_lite\spi_flash_interface_lite.v":2390)
WARN  (NL0001) : Sweep user defined dangling instance "u_config_rom/u_spi_flash_if/spiflash_inst/u_spi_fifo/rxf_rd_data_0_s0"("C:\Users\hra\Documents\github\HRA_product\FPGA_MSXtR\labo\FPGA_MSXtR_VDP_009_LCD\src\spi_flash_interface_lite\spi_flash_interface_lite.v":2390)
WARN  (NL0001) : Sweep user defined dangling instance "u_config_rom/u_spi_flash_if/spiflash_inst/u_spi_ctrl/rx_shift_reg_r_31_s3"("C:\Users\hra\Documents\github\HRA_product\FPGA_MSXtR\labo\FPGA_MSXtR_VDP_009_LCD\src\spi_flash_interface_lite\spi_flash_interface_lite.v":2390)
WARN  (NL0001) : Sweep user defined dangling instance "u_config_rom/u_spi_flash_if/spiflash_inst/u_spi_ctrl/rx_shift_reg_r_30_s3"("C:\Users\hra\Documents\github\HRA_product\FPGA_MSXtR\labo\FPGA_MSXtR_VDP_009_LCD\src\spi_flash_interface_lite\spi_flash_interface_lite.v":2390)
WARN  (NL0001) : Sweep user defined dangling instance "u_config_rom/u_spi_flash_if/spiflash_inst/u_spi_ctrl/rx_shift_reg_r_29_s3"("C:\Users\hra\Documents\github\HRA_product\FPGA_MSXtR\labo\FPGA_MSXtR_VDP_009_LCD\src\spi_flash_interface_lite\spi_flash_interface_lite.v":2390)
WARN  (NL0001) : Sweep user defined dangling instance "u_config_rom/u_spi_flash_if/spiflash_inst/u_spi_ctrl/rx_shift_reg_r_28_s3"("C:\Users\hra\Documents\github\HRA_product\FPGA_MSXtR\labo\FPGA_MSXtR_VDP_009_LCD\src\spi_flash_interface_lite\spi_flash_interface_lite.v":2390)
WARN  (NL0001) : Sweep user defined dangling instance "u_config_rom/u_spi_flash_if/spiflash_inst/u_spi_ctrl/rx_shift_reg_r_27_s3"("C:\Users\hra\Documents\github\HRA_product\FPGA_MSXtR\labo\FPGA_MSXtR_VDP_009_LCD\src\spi_flash_interface_lite\spi_flash_interface_lite.v":2390)
WARN  (NL0001) : Sweep user defined dangling instance "u_config_rom/u_spi_flash_if/spiflash_inst/u_spi_ctrl/rx_shift_reg_r_26_s3"("C:\Users\hra\Documents\github\HRA_product\FPGA_MSXtR\labo\FPGA_MSXtR_VDP_009_LCD\src\spi_flash_interface_lite\spi_flash_interface_lite.v":2390)
WARN  (NL0001) : Sweep user defined dangling instance "u_config_rom/u_spi_flash_if/spiflash_inst/u_spi_ctrl/rx_shift_reg_r_25_s3"("C:\Users\hra\Documents\github\HRA_product\FPGA_MSXtR\labo\FPGA_MSXtR_VDP_009_LCD\src\spi_flash_interface_lite\spi_flash_interface_lite.v":2390)
WARN  (NL0001) : Sweep user defined dangling instance "u_config_rom/u_spi_flash_if/spiflash_inst/u_spi_ctrl/rx_shift_reg_r_24_s3"("C:\Users\hra\Documents\github\HRA_product\FPGA_MSXtR\labo\FPGA_MSXtR_VDP_009_LCD\src\spi_flash_interface_lite\spi_flash_interface_lite.v":2390)
WARN  (NL0001) : Sweep user defined dangling instance "u_config_rom/u_spi_flash_if/spiflash_inst/u_spi_ctrl/rx_shift_reg_r_23_s3"("C:\Users\hra\Documents\github\HRA_product\FPGA_MSXtR\labo\FPGA_MSXtR_VDP_009_LCD\src\spi_flash_interface_lite\spi_flash_interface_lite.v":2390)
WARN  (NL0001) : Sweep user defined dangling instance "u_config_rom/u_spi_flash_if/spiflash_inst/u_spi_ctrl/rx_shift_reg_r_22_s3"("C:\Users\hra\Documents\github\HRA_product\FPGA_MSXtR\labo\FPGA_MSXtR_VDP_009_LCD\src\spi_flash_interface_lite\spi_flash_interface_lite.v":2390)
WARN  (NL0001) : Sweep user defined dangling instance "u_config_rom/u_spi_flash_if/spiflash_inst/u_spi_ctrl/rx_shift_reg_r_21_s3"("C:\Users\hra\Documents\github\HRA_product\FPGA_MSXtR\labo\FPGA_MSXtR_VDP_009_LCD\src\spi_flash_interface_lite\spi_flash_interface_lite.v":2390)
WARN  (NL0001) : Sweep user defined dangling instance "u_config_rom/u_spi_flash_if/spiflash_inst/u_spi_ctrl/rx_shift_reg_r_20_s3"("C:\Users\hra\Documents\github\HRA_product\FPGA_MSXtR\labo\FPGA_MSXtR_VDP_009_LCD\src\spi_flash_interface_lite\spi_flash_interface_lite.v":2390)
WARN  (NL0001) : Sweep user defined dangling instance "u_config_rom/u_spi_flash_if/spiflash_inst/u_spi_ctrl/rx_shift_reg_r_19_s3"("C:\Users\hra\Documents\github\HRA_product\FPGA_MSXtR\labo\FPGA_MSXtR_VDP_009_LCD\src\spi_flash_interface_lite\spi_flash_interface_lite.v":2390)
WARN  (NL0001) : Sweep user defined dangling instance "u_config_rom/u_spi_flash_if/spiflash_inst/u_spi_ctrl/rx_shift_reg_r_18_s3"("C:\Users\hra\Documents\github\HRA_product\FPGA_MSXtR\labo\FPGA_MSXtR_VDP_009_LCD\src\spi_flash_interface_lite\spi_flash_interface_lite.v":2390)
WARN  (NL0001) : Sweep user defined dangling instance "u_config_rom/u_spi_flash_if/spiflash_inst/u_spi_ctrl/rx_shift_reg_r_17_s3"("C:\Users\hra\Documents\github\HRA_product\FPGA_MSXtR\labo\FPGA_MSXtR_VDP_009_LCD\src\spi_flash_interface_lite\spi_flash_interface_lite.v":2390)
WARN  (NL0001) : Sweep user defined dangling instance "u_config_rom/u_spi_flash_if/spiflash_inst/u_spi_ctrl/rx_shift_reg_r_16_s3"("C:\Users\hra\Documents\github\HRA_product\FPGA_MSXtR\labo\FPGA_MSXtR_VDP_009_LCD\src\spi_flash_interface_lite\spi_flash_interface_lite.v":2390)
WARN  (NL0001) : Sweep user defined dangling instance "u_config_rom/u_spi_flash_if/spiflash_inst/u_spi_ctrl/rx_shift_reg_r_15_s3"("C:\Users\hra\Documents\github\HRA_product\FPGA_MSXtR\labo\FPGA_MSXtR_VDP_009_LCD\src\spi_flash_interface_lite\spi_flash_interface_lite.v":2390)
WARN  (NL0001) : Sweep user defined dangling instance "u_config_rom/u_spi_flash_if/spiflash_inst/u_spi_ctrl/rx_shift_reg_r_14_s3"("C:\Users\hra\Documents\github\HRA_product\FPGA_MSXtR\labo\FPGA_MSXtR_VDP_009_LCD\src\spi_flash_interface_lite\spi_flash_interface_lite.v":2390)
WARN  (NL0001) : Sweep user defined dangling instance "u_config_rom/u_spi_flash_if/spiflash_inst/u_spi_ctrl/rx_shift_reg_r_13_s3"("C:\Users\hra\Documents\github\HRA_product\FPGA_MSXtR\labo\FPGA_MSXtR_VDP_009_LCD\src\spi_flash_interface_lite\spi_flash_interface_lite.v":2390)
WARN  (NL0001) : Sweep user defined dangling instance "u_config_rom/u_spi_flash_if/spiflash_inst/u_spi_ctrl/rx_shift_reg_r_12_s3"("C:\Users\hra\Documents\github\HRA_product\FPGA_MSXtR\labo\FPGA_MSXtR_VDP_009_LCD\src\spi_flash_interface_lite\spi_flash_interface_lite.v":2390)
WARN  (NL0001) : Sweep user defined dangling instance "u_config_rom/u_spi_flash_if/spiflash_inst/u_spi_ctrl/rx_shift_reg_r_11_s3"("C:\Users\hra\Documents\github\HRA_product\FPGA_MSXtR\labo\FPGA_MSXtR_VDP_009_LCD\src\spi_flash_interface_lite\spi_flash_interface_lite.v":2390)
WARN  (NL0001) : Sweep user defined dangling instance "u_config_rom/u_spi_flash_if/spiflash_inst/u_spi_ctrl/rx_shift_reg_r_10_s3"("C:\Users\hra\Documents\github\HRA_product\FPGA_MSXtR\labo\FPGA_MSXtR_VDP_009_LCD\src\spi_flash_interface_lite\spi_flash_interface_lite.v":2390)
WARN  (NL0001) : Sweep user defined dangling instance "u_config_rom/u_spi_flash_if/spiflash_inst/u_spi_ctrl/rx_shift_reg_r_9_s3"("C:\Users\hra\Documents\github\HRA_product\FPGA_MSXtR\labo\FPGA_MSXtR_VDP_009_LCD\src\spi_flash_interface_lite\spi_flash_interface_lite.v":2390)
WARN  (NL0001) : Sweep user defined dangling instance "u_config_rom/u_spi_flash_if/spiflash_inst/u_spi_ctrl/rx_shift_reg_r_8_s3"("C:\Users\hra\Documents\github\HRA_product\FPGA_MSXtR\labo\FPGA_MSXtR_VDP_009_LCD\src\spi_flash_interface_lite\spi_flash_interface_lite.v":2390)
WARN  (NL0001) : Sweep user defined dangling instance "u_config_rom/u_spi_flash_if/spiflash_inst/u_spi_ctrl/rx_shift_reg_r_7_s3"("C:\Users\hra\Documents\github\HRA_product\FPGA_MSXtR\labo\FPGA_MSXtR_VDP_009_LCD\src\spi_flash_interface_lite\spi_flash_interface_lite.v":2390)
WARN  (NL0001) : Sweep user defined dangling instance "u_config_rom/u_spi_flash_if/spiflash_inst/u_spi_ctrl/rx_shift_reg_r_6_s3"("C:\Users\hra\Documents\github\HRA_product\FPGA_MSXtR\labo\FPGA_MSXtR_VDP_009_LCD\src\spi_flash_interface_lite\spi_flash_interface_lite.v":2390)
WARN  (NL0001) : Sweep user defined dangling instance "u_config_rom/u_spi_flash_if/spiflash_inst/u_spi_ctrl/rx_shift_reg_r_5_s3"("C:\Users\hra\Documents\github\HRA_product\FPGA_MSXtR\labo\FPGA_MSXtR_VDP_009_LCD\src\spi_flash_interface_lite\spi_flash_interface_lite.v":2390)
WARN  (NL0001) : Sweep user defined dangling instance "u_config_rom/u_spi_flash_if/spiflash_inst/u_spi_ctrl/rx_shift_reg_r_4_s3"("C:\Users\hra\Documents\github\HRA_product\FPGA_MSXtR\labo\FPGA_MSXtR_VDP_009_LCD\src\spi_flash_interface_lite\spi_flash_interface_lite.v":2390)
WARN  (NL0001) : Sweep user defined dangling instance "u_config_rom/u_spi_flash_if/spiflash_inst/u_spi_ctrl/rx_shift_reg_r_3_s3"("C:\Users\hra\Documents\github\HRA_product\FPGA_MSXtR\labo\FPGA_MSXtR_VDP_009_LCD\src\spi_flash_interface_lite\spi_flash_interface_lite.v":2390)
WARN  (NL0001) : Sweep user defined dangling instance "u_config_rom/u_spi_flash_if/spiflash_inst/u_spi_ctrl/rx_shift_reg_r_2_s3"("C:\Users\hra\Documents\github\HRA_product\FPGA_MSXtR\labo\FPGA_MSXtR_VDP_009_LCD\src\spi_flash_interface_lite\spi_flash_interface_lite.v":2390)
WARN  (NL0001) : Sweep user defined dangling instance "u_config_rom/u_spi_flash_if/spiflash_inst/u_spi_ctrl/rx_shift_reg_r_1_s3"("C:\Users\hra\Documents\github\HRA_product\FPGA_MSXtR\labo\FPGA_MSXtR_VDP_009_LCD\src\spi_flash_interface_lite\spi_flash_interface_lite.v":2390)
WARN  (NL0001) : Sweep user defined dangling instance "u_config_rom/u_spi_flash_if/spiflash_inst/u_spi_ctrl/rx_shift_reg_r_0_s3"("C:\Users\hra\Documents\github\HRA_product\FPGA_MSXtR\labo\FPGA_MSXtR_VDP_009_LCD\src\spi_flash_interface_lite\spi_flash_interface_lite.v":2390)
WARN  (NL0001) : Sweep user defined dangling instance "u_config_rom/u_spi_flash_if/spiflash_inst/u_spi_ctrl/n674_s1"("C:\Users\hra\Documents\github\HRA_product\FPGA_MSXtR\labo\FPGA_MSXtR_VDP_009_LCD\src\spi_flash_interface_lite\spi_flash_interface_lite.v":2390)
WARN  (NL0001) : Sweep user defined dangling instance "u_config_rom/u_spi_flash_if/spiflash_inst/u_spi_ctrl/n673_s1"("C:\Users\hra\Documents\github\HRA_product\FPGA_MSXtR\labo\FPGA_MSXtR_VDP_009_LCD\src\spi_flash_interface_lite\spi_flash_interface_lite.v":2390)
WARN  (NL0001) : Sweep user defined dangling instance "u_config_rom/u_spi_flash_if/spiflash_inst/u_spi_ctrl/n672_s1"("C:\Users\hra\Documents\github\HRA_product\FPGA_MSXtR\labo\FPGA_MSXtR_VDP_009_LCD\src\spi_flash_interface_lite\spi_flash_interface_lite.v":2390)
WARN  (NL0001) : Sweep user defined dangling instance "u_config_rom/u_spi_flash_if/spiflash_inst/u_spi_ctrl/n671_s1"("C:\Users\hra\Documents\github\HRA_product\FPGA_MSXtR\labo\FPGA_MSXtR_VDP_009_LCD\src\spi_flash_interface_lite\spi_flash_interface_lite.v":2390)
WARN  (NL0001) : Sweep user defined dangling instance "u_config_rom/u_spi_flash_if/spiflash_inst/u_spi_ctrl/n670_s1"("C:\Users\hra\Documents\github\HRA_product\FPGA_MSXtR\labo\FPGA_MSXtR_VDP_009_LCD\src\spi_flash_interface_lite\spi_flash_interface_lite.v":2390)
WARN  (NL0001) : Sweep user defined dangling instance "u_config_rom/u_spi_flash_if/spiflash_inst/u_spi_ctrl/n669_s1"("C:\Users\hra\Documents\github\HRA_product\FPGA_MSXtR\labo\FPGA_MSXtR_VDP_009_LCD\src\spi_flash_interface_lite\spi_flash_interface_lite.v":2390)
WARN  (NL0001) : Sweep user defined dangling instance "u_config_rom/u_spi_flash_if/spiflash_inst/u_spi_ctrl/n668_s1"("C:\Users\hra\Documents\github\HRA_product\FPGA_MSXtR\labo\FPGA_MSXtR_VDP_009_LCD\src\spi_flash_interface_lite\spi_flash_interface_lite.v":2390)
WARN  (NL0001) : Sweep user defined dangling instance "u_config_rom/u_spi_flash_if/spiflash_inst/u_spi_ctrl/n667_s1"("C:\Users\hra\Documents\github\HRA_product\FPGA_MSXtR\labo\FPGA_MSXtR_VDP_009_LCD\src\spi_flash_interface_lite\spi_flash_interface_lite.v":2390)
WARN  (NL0001) : Sweep user defined dangling instance "u_config_rom/u_spi_flash_if/spiflash_inst/u_spi_ctrl/n666_s1"("C:\Users\hra\Documents\github\HRA_product\FPGA_MSXtR\labo\FPGA_MSXtR_VDP_009_LCD\src\spi_flash_interface_lite\spi_flash_interface_lite.v":2390)
WARN  (NL0001) : Sweep user defined dangling instance "u_config_rom/u_spi_flash_if/spiflash_inst/u_spi_ctrl/n665_s1"("C:\Users\hra\Documents\github\HRA_product\FPGA_MSXtR\labo\FPGA_MSXtR_VDP_009_LCD\src\spi_flash_interface_lite\spi_flash_interface_lite.v":2390)
WARN  (NL0001) : Sweep user defined dangling instance "u_config_rom/u_spi_flash_if/spiflash_inst/u_spi_ctrl/n664_s1"("C:\Users\hra\Documents\github\HRA_product\FPGA_MSXtR\labo\FPGA_MSXtR_VDP_009_LCD\src\spi_flash_interface_lite\spi_flash_interface_lite.v":2390)
WARN  (NL0001) : Sweep user defined dangling instance "u_config_rom/u_spi_flash_if/spiflash_inst/u_spi_ctrl/n663_s1"("C:\Users\hra\Documents\github\HRA_product\FPGA_MSXtR\labo\FPGA_MSXtR_VDP_009_LCD\src\spi_flash_interface_lite\spi_flash_interface_lite.v":2390)
WARN  (NL0001) : Sweep user defined dangling instance "u_config_rom/u_spi_flash_if/spiflash_inst/u_spi_ctrl/n662_s1"("C:\Users\hra\Documents\github\HRA_product\FPGA_MSXtR\labo\FPGA_MSXtR_VDP_009_LCD\src\spi_flash_interface_lite\spi_flash_interface_lite.v":2390)
WARN  (NL0001) : Sweep user defined dangling instance "u_config_rom/u_spi_flash_if/spiflash_inst/u_spi_ctrl/n661_s1"("C:\Users\hra\Documents\github\HRA_product\FPGA_MSXtR\labo\FPGA_MSXtR_VDP_009_LCD\src\spi_flash_interface_lite\spi_flash_interface_lite.v":2390)
WARN  (NL0001) : Sweep user defined dangling instance "u_config_rom/u_spi_flash_if/spiflash_inst/u_spi_ctrl/n660_s1"("C:\Users\hra\Documents\github\HRA_product\FPGA_MSXtR\labo\FPGA_MSXtR_VDP_009_LCD\src\spi_flash_interface_lite\spi_flash_interface_lite.v":2390)
WARN  (NL0001) : Sweep user defined dangling instance "u_config_rom/u_spi_flash_if/spiflash_inst/u_spi_ctrl/n659_s1"("C:\Users\hra\Documents\github\HRA_product\FPGA_MSXtR\labo\FPGA_MSXtR_VDP_009_LCD\src\spi_flash_interface_lite\spi_flash_interface_lite.v":2390)
WARN  (NL0001) : Sweep user defined dangling instance "u_config_rom/u_spi_flash_if/spiflash_inst/u_spi_ctrl/n658_s1"("C:\Users\hra\Documents\github\HRA_product\FPGA_MSXtR\labo\FPGA_MSXtR_VDP_009_LCD\src\spi_flash_interface_lite\spi_flash_interface_lite.v":2390)
WARN  (NL0001) : Sweep user defined dangling instance "u_config_rom/u_spi_flash_if/spiflash_inst/u_spi_ctrl/n657_s1"("C:\Users\hra\Documents\github\HRA_product\FPGA_MSXtR\labo\FPGA_MSXtR_VDP_009_LCD\src\spi_flash_interface_lite\spi_flash_interface_lite.v":2390)
WARN  (NL0001) : Sweep user defined dangling instance "u_config_rom/u_spi_flash_if/spiflash_inst/u_spi_ctrl/n656_s1"("C:\Users\hra\Documents\github\HRA_product\FPGA_MSXtR\labo\FPGA_MSXtR_VDP_009_LCD\src\spi_flash_interface_lite\spi_flash_interface_lite.v":2390)
WARN  (NL0001) : Sweep user defined dangling instance "u_config_rom/u_spi_flash_if/spiflash_inst/u_spi_ctrl/n655_s1"("C:\Users\hra\Documents\github\HRA_product\FPGA_MSXtR\labo\FPGA_MSXtR_VDP_009_LCD\src\spi_flash_interface_lite\spi_flash_interface_lite.v":2390)
WARN  (NL0001) : Sweep user defined dangling instance "u_config_rom/u_spi_flash_if/spiflash_inst/u_spi_ctrl/n654_s1"("C:\Users\hra\Documents\github\HRA_product\FPGA_MSXtR\labo\FPGA_MSXtR_VDP_009_LCD\src\spi_flash_interface_lite\spi_flash_interface_lite.v":2390)
WARN  (NL0001) : Sweep user defined dangling instance "u_config_rom/u_spi_flash_if/spiflash_inst/u_spi_ctrl/n653_s1"("C:\Users\hra\Documents\github\HRA_product\FPGA_MSXtR\labo\FPGA_MSXtR_VDP_009_LCD\src\spi_flash_interface_lite\spi_flash_interface_lite.v":2390)
WARN  (NL0001) : Sweep user defined dangling instance "u_config_rom/u_spi_flash_if/spiflash_inst/u_spi_ctrl/n652_s1"("C:\Users\hra\Documents\github\HRA_product\FPGA_MSXtR\labo\FPGA_MSXtR_VDP_009_LCD\src\spi_flash_interface_lite\spi_flash_interface_lite.v":2390)
WARN  (NL0001) : Sweep user defined dangling instance "u_config_rom/u_spi_flash_if/spiflash_inst/u_spi_ctrl/n651_s1"("C:\Users\hra\Documents\github\HRA_product\FPGA_MSXtR\labo\FPGA_MSXtR_VDP_009_LCD\src\spi_flash_interface_lite\spi_flash_interface_lite.v":2390)
WARN  (NL0001) : Sweep user defined dangling instance "u_config_rom/u_spi_flash_if/spiflash_inst/u_spi_ctrl/n650_s1"("C:\Users\hra\Documents\github\HRA_product\FPGA_MSXtR\labo\FPGA_MSXtR_VDP_009_LCD\src\spi_flash_interface_lite\spi_flash_interface_lite.v":2390)
WARN  (NL0001) : Sweep user defined dangling instance "u_config_rom/u_spi_flash_if/spiflash_inst/u_spi_ctrl/n649_s1"("C:\Users\hra\Documents\github\HRA_product\FPGA_MSXtR\labo\FPGA_MSXtR_VDP_009_LCD\src\spi_flash_interface_lite\spi_flash_interface_lite.v":2390)
WARN  (NL0001) : Sweep user defined dangling instance "u_config_rom/u_spi_flash_if/spiflash_inst/u_spi_ctrl/n648_s1"("C:\Users\hra\Documents\github\HRA_product\FPGA_MSXtR\labo\FPGA_MSXtR_VDP_009_LCD\src\spi_flash_interface_lite\spi_flash_interface_lite.v":2390)
WARN  (NL0001) : Sweep user defined dangling instance "u_config_rom/u_spi_flash_if/spiflash_inst/u_spi_ctrl/n647_s1"("C:\Users\hra\Documents\github\HRA_product\FPGA_MSXtR\labo\FPGA_MSXtR_VDP_009_LCD\src\spi_flash_interface_lite\spi_flash_interface_lite.v":2390)
WARN  (NL0001) : Sweep user defined dangling instance "u_config_rom/u_spi_flash_if/spiflash_inst/u_spi_ctrl/n646_s1"("C:\Users\hra\Documents\github\HRA_product\FPGA_MSXtR\labo\FPGA_MSXtR_VDP_009_LCD\src\spi_flash_interface_lite\spi_flash_interface_lite.v":2390)
WARN  (NL0001) : Sweep user defined dangling instance "u_config_rom/u_spi_flash_if/spiflash_inst/u_spi_ctrl/n645_s1"("C:\Users\hra\Documents\github\HRA_product\FPGA_MSXtR\labo\FPGA_MSXtR_VDP_009_LCD\src\spi_flash_interface_lite\spi_flash_interface_lite.v":2390)
WARN  (NL0001) : Sweep user defined dangling instance "u_config_rom/u_spi_flash_if/spiflash_inst/u_spi_ctrl/n644_s1"("C:\Users\hra\Documents\github\HRA_product\FPGA_MSXtR\labo\FPGA_MSXtR_VDP_009_LCD\src\spi_flash_interface_lite\spi_flash_interface_lite.v":2390)
WARN  (NL0001) : Sweep user defined dangling instance "u_config_rom/u_spi_flash_if/spiflash_inst/u_spi_ctrl/n643_s1"("C:\Users\hra\Documents\github\HRA_product\FPGA_MSXtR\labo\FPGA_MSXtR_VDP_009_LCD\src\spi_flash_interface_lite\spi_flash_interface_lite.v":2390)
WARN  (NL0001) : Sweep user defined dangling instance "u_config_rom/u_spi_flash_if/spiflash_inst/u_spi_ctrl/rx_shift_reg_r_31_s4"("C:\Users\hra\Documents\github\HRA_product\FPGA_MSXtR\labo\FPGA_MSXtR_VDP_009_LCD\src\spi_flash_interface_lite\spi_flash_interface_lite.v":2390)
WARN  (NL0001) : Sweep user defined dangling instance "u_config_rom/u_spi_flash_if/spiflash_inst/u_spi_ctrl/rx_shift_reg_r_31_s5"("C:\Users\hra\Documents\github\HRA_product\FPGA_MSXtR\labo\FPGA_MSXtR_VDP_009_LCD\src\spi_flash_interface_lite\spi_flash_interface_lite.v":2390)
WARN  (NL0001) : Sweep user defined dangling instance "u_config_rom/u_spi_flash_if/spiflash_inst/u_spi_ctrl/rx_shift_reg_r_30_s4"("C:\Users\hra\Documents\github\HRA_product\FPGA_MSXtR\labo\FPGA_MSXtR_VDP_009_LCD\src\spi_flash_interface_lite\spi_flash_interface_lite.v":2390)
WARN  (NL0001) : Sweep user defined dangling instance "u_config_rom/u_spi_flash_if/spiflash_inst/u_spi_ctrl/rx_shift_reg_r_29_s4"("C:\Users\hra\Documents\github\HRA_product\FPGA_MSXtR\labo\FPGA_MSXtR_VDP_009_LCD\src\spi_flash_interface_lite\spi_flash_interface_lite.v":2390)
WARN  (NL0001) : Sweep user defined dangling instance "u_config_rom/u_spi_flash_if/spiflash_inst/u_spi_ctrl/rx_shift_reg_r_28_s4"("C:\Users\hra\Documents\github\HRA_product\FPGA_MSXtR\labo\FPGA_MSXtR_VDP_009_LCD\src\spi_flash_interface_lite\spi_flash_interface_lite.v":2390)
WARN  (NL0001) : Sweep user defined dangling instance "u_config_rom/u_spi_flash_if/spiflash_inst/u_spi_ctrl/rx_shift_reg_r_27_s4"("C:\Users\hra\Documents\github\HRA_product\FPGA_MSXtR\labo\FPGA_MSXtR_VDP_009_LCD\src\spi_flash_interface_lite\spi_flash_interface_lite.v":2390)
WARN  (NL0001) : Sweep user defined dangling instance "u_config_rom/u_spi_flash_if/spiflash_inst/u_spi_ctrl/rx_shift_reg_r_26_s4"("C:\Users\hra\Documents\github\HRA_product\FPGA_MSXtR\labo\FPGA_MSXtR_VDP_009_LCD\src\spi_flash_interface_lite\spi_flash_interface_lite.v":2390)
WARN  (NL0001) : Sweep user defined dangling instance "u_config_rom/u_spi_flash_if/spiflash_inst/u_spi_ctrl/rx_shift_reg_r_25_s4"("C:\Users\hra\Documents\github\HRA_product\FPGA_MSXtR\labo\FPGA_MSXtR_VDP_009_LCD\src\spi_flash_interface_lite\spi_flash_interface_lite.v":2390)
WARN  (NL0001) : Sweep user defined dangling instance "u_config_rom/u_spi_flash_if/spiflash_inst/u_spi_ctrl/rx_shift_reg_r_23_s4"("C:\Users\hra\Documents\github\HRA_product\FPGA_MSXtR\labo\FPGA_MSXtR_VDP_009_LCD\src\spi_flash_interface_lite\spi_flash_interface_lite.v":2390)
WARN  (NL0001) : Sweep user defined dangling instance "u_config_rom/u_spi_flash_if/spiflash_inst/u_spi_ctrl/rx_shift_reg_r_15_s4"("C:\Users\hra\Documents\github\HRA_product\FPGA_MSXtR\labo\FPGA_MSXtR_VDP_009_LCD\src\spi_flash_interface_lite\spi_flash_interface_lite.v":2390)
WARN  (NL0001) : Sweep user defined dangling instance "u_config_rom/u_spi_flash_if/spiflash_inst/u_spi_ctrl/rx_shift_reg_r_7_s4"("C:\Users\hra\Documents\github\HRA_product\FPGA_MSXtR\labo\FPGA_MSXtR_VDP_009_LCD\src\spi_flash_interface_lite\spi_flash_interface_lite.v":2390)
WARN  (NL0001) : Sweep user defined dangling instance "u_config_rom/u_spi_flash_if/spiflash_inst/u_spi_ctrl/rx_shift_reg_r_31_s7"("C:\Users\hra\Documents\github\HRA_product\FPGA_MSXtR\labo\FPGA_MSXtR_VDP_009_LCD\src\spi_flash_interface_lite\spi_flash_interface_lite.v":2390)
WARN  (NL0001) : Sweep user defined dangling instance "u_config_rom/u_spi_flash_if/spiflash_inst/u_spi_ctrl/rx_shift_reg_r_23_s5"("C:\Users\hra\Documents\github\HRA_product\FPGA_MSXtR\labo\FPGA_MSXtR_VDP_009_LCD\src\spi_flash_interface_lite\spi_flash_interface_lite.v":2390)
WARN  (NL0001) : Sweep user defined dangling instance "u_config_rom/u_spi_flash_if/spiflash_inst/u_spi_ctrl/rx_shift_reg_r_15_s6"("C:\Users\hra\Documents\github\HRA_product\FPGA_MSXtR\labo\FPGA_MSXtR_VDP_009_LCD\src\spi_flash_interface_lite\spi_flash_interface_lite.v":2390)
WARN  (NL0001) : Sweep user defined dangling instance "u_config_rom/u_spi_flash_if/spiflash_inst/u_spi_ctrl/rx_shift_reg_r_31_s8"("C:\Users\hra\Documents\github\HRA_product\FPGA_MSXtR\labo\FPGA_MSXtR_VDP_009_LCD\src\spi_flash_interface_lite\spi_flash_interface_lite.v":2390)
WARN  (NL0001) : Sweep user defined dangling instance "u_config_rom/u_spi_flash_if/spiflash_inst/u_spi_ctrl/rx_shift_reg_r_31_s1"("C:\Users\hra\Documents\github\HRA_product\FPGA_MSXtR\labo\FPGA_MSXtR_VDP_009_LCD\src\spi_flash_interface_lite\spi_flash_interface_lite.v":2390)
WARN  (NL0001) : Sweep user defined dangling instance "u_config_rom/u_spi_flash_if/spiflash_inst/u_spi_ctrl/rx_shift_reg_r_30_s1"("C:\Users\hra\Documents\github\HRA_product\FPGA_MSXtR\labo\FPGA_MSXtR_VDP_009_LCD\src\spi_flash_interface_lite\spi_flash_interface_lite.v":2390)
WARN  (NL0001) : Sweep user defined dangling instance "u_config_rom/u_spi_flash_if/spiflash_inst/u_spi_ctrl/rx_shift_reg_r_29_s1"("C:\Users\hra\Documents\github\HRA_product\FPGA_MSXtR\labo\FPGA_MSXtR_VDP_009_LCD\src\spi_flash_interface_lite\spi_flash_interface_lite.v":2390)
WARN  (NL0001) : Sweep user defined dangling instance "u_config_rom/u_spi_flash_if/spiflash_inst/u_spi_ctrl/rx_shift_reg_r_28_s1"("C:\Users\hra\Documents\github\HRA_product\FPGA_MSXtR\labo\FPGA_MSXtR_VDP_009_LCD\src\spi_flash_interface_lite\spi_flash_interface_lite.v":2390)
WARN  (NL0001) : Sweep user defined dangling instance "u_config_rom/u_spi_flash_if/spiflash_inst/u_spi_ctrl/rx_shift_reg_r_27_s1"("C:\Users\hra\Documents\github\HRA_product\FPGA_MSXtR\labo\FPGA_MSXtR_VDP_009_LCD\src\spi_flash_interface_lite\spi_flash_interface_lite.v":2390)
WARN  (NL0001) : Sweep user defined dangling instance "u_config_rom/u_spi_flash_if/spiflash_inst/u_spi_ctrl/rx_shift_reg_r_26_s1"("C:\Users\hra\Documents\github\HRA_product\FPGA_MSXtR\labo\FPGA_MSXtR_VDP_009_LCD\src\spi_flash_interface_lite\spi_flash_interface_lite.v":2390)
WARN  (NL0001) : Sweep user defined dangling instance "u_config_rom/u_spi_flash_if/spiflash_inst/u_spi_ctrl/rx_shift_reg_r_25_s1"("C:\Users\hra\Documents\github\HRA_product\FPGA_MSXtR\labo\FPGA_MSXtR_VDP_009_LCD\src\spi_flash_interface_lite\spi_flash_interface_lite.v":2390)
WARN  (NL0001) : Sweep user defined dangling instance "u_config_rom/u_spi_flash_if/spiflash_inst/u_spi_ctrl/rx_shift_reg_r_24_s1"("C:\Users\hra\Documents\github\HRA_product\FPGA_MSXtR\labo\FPGA_MSXtR_VDP_009_LCD\src\spi_flash_interface_lite\spi_flash_interface_lite.v":2390)
WARN  (NL0001) : Sweep user defined dangling instance "u_config_rom/u_spi_flash_if/spiflash_inst/u_spi_ctrl/rx_shift_reg_r_23_s1"("C:\Users\hra\Documents\github\HRA_product\FPGA_MSXtR\labo\FPGA_MSXtR_VDP_009_LCD\src\spi_flash_interface_lite\spi_flash_interface_lite.v":2390)
WARN  (NL0001) : Sweep user defined dangling instance "u_config_rom/u_spi_flash_if/spiflash_inst/u_spi_ctrl/rx_shift_reg_r_22_s1"("C:\Users\hra\Documents\github\HRA_product\FPGA_MSXtR\labo\FPGA_MSXtR_VDP_009_LCD\src\spi_flash_interface_lite\spi_flash_interface_lite.v":2390)
WARN  (NL0001) : Sweep user defined dangling instance "u_config_rom/u_spi_flash_if/spiflash_inst/u_spi_ctrl/rx_shift_reg_r_21_s1"("C:\Users\hra\Documents\github\HRA_product\FPGA_MSXtR\labo\FPGA_MSXtR_VDP_009_LCD\src\spi_flash_interface_lite\spi_flash_interface_lite.v":2390)
WARN  (NL0001) : Sweep user defined dangling instance "u_config_rom/u_spi_flash_if/spiflash_inst/u_spi_ctrl/rx_shift_reg_r_20_s1"("C:\Users\hra\Documents\github\HRA_product\FPGA_MSXtR\labo\FPGA_MSXtR_VDP_009_LCD\src\spi_flash_interface_lite\spi_flash_interface_lite.v":2390)
WARN  (NL0001) : Sweep user defined dangling instance "u_config_rom/u_spi_flash_if/spiflash_inst/u_spi_ctrl/rx_shift_reg_r_19_s1"("C:\Users\hra\Documents\github\HRA_product\FPGA_MSXtR\labo\FPGA_MSXtR_VDP_009_LCD\src\spi_flash_interface_lite\spi_flash_interface_lite.v":2390)
WARN  (NL0001) : Sweep user defined dangling instance "u_config_rom/u_spi_flash_if/spiflash_inst/u_spi_ctrl/rx_shift_reg_r_18_s1"("C:\Users\hra\Documents\github\HRA_product\FPGA_MSXtR\labo\FPGA_MSXtR_VDP_009_LCD\src\spi_flash_interface_lite\spi_flash_interface_lite.v":2390)
WARN  (NL0001) : Sweep user defined dangling instance "u_config_rom/u_spi_flash_if/spiflash_inst/u_spi_ctrl/rx_shift_reg_r_17_s1"("C:\Users\hra\Documents\github\HRA_product\FPGA_MSXtR\labo\FPGA_MSXtR_VDP_009_LCD\src\spi_flash_interface_lite\spi_flash_interface_lite.v":2390)
WARN  (NL0001) : Sweep user defined dangling instance "u_config_rom/u_spi_flash_if/spiflash_inst/u_spi_ctrl/rx_shift_reg_r_16_s1"("C:\Users\hra\Documents\github\HRA_product\FPGA_MSXtR\labo\FPGA_MSXtR_VDP_009_LCD\src\spi_flash_interface_lite\spi_flash_interface_lite.v":2390)
WARN  (NL0001) : Sweep user defined dangling instance "u_config_rom/u_spi_flash_if/spiflash_inst/u_spi_ctrl/rx_shift_reg_r_15_s1"("C:\Users\hra\Documents\github\HRA_product\FPGA_MSXtR\labo\FPGA_MSXtR_VDP_009_LCD\src\spi_flash_interface_lite\spi_flash_interface_lite.v":2390)
WARN  (NL0001) : Sweep user defined dangling instance "u_config_rom/u_spi_flash_if/spiflash_inst/u_spi_ctrl/rx_shift_reg_r_14_s1"("C:\Users\hra\Documents\github\HRA_product\FPGA_MSXtR\labo\FPGA_MSXtR_VDP_009_LCD\src\spi_flash_interface_lite\spi_flash_interface_lite.v":2390)
WARN  (NL0001) : Sweep user defined dangling instance "u_config_rom/u_spi_flash_if/spiflash_inst/u_spi_ctrl/rx_shift_reg_r_13_s1"("C:\Users\hra\Documents\github\HRA_product\FPGA_MSXtR\labo\FPGA_MSXtR_VDP_009_LCD\src\spi_flash_interface_lite\spi_flash_interface_lite.v":2390)
WARN  (NL0001) : Sweep user defined dangling instance "u_config_rom/u_spi_flash_if/spiflash_inst/u_spi_ctrl/rx_shift_reg_r_12_s1"("C:\Users\hra\Documents\github\HRA_product\FPGA_MSXtR\labo\FPGA_MSXtR_VDP_009_LCD\src\spi_flash_interface_lite\spi_flash_interface_lite.v":2390)
WARN  (NL0001) : Sweep user defined dangling instance "u_config_rom/u_spi_flash_if/spiflash_inst/u_spi_ctrl/rx_shift_reg_r_11_s1"("C:\Users\hra\Documents\github\HRA_product\FPGA_MSXtR\labo\FPGA_MSXtR_VDP_009_LCD\src\spi_flash_interface_lite\spi_flash_interface_lite.v":2390)
WARN  (NL0001) : Sweep user defined dangling instance "u_config_rom/u_spi_flash_if/spiflash_inst/u_spi_ctrl/rx_shift_reg_r_10_s1"("C:\Users\hra\Documents\github\HRA_product\FPGA_MSXtR\labo\FPGA_MSXtR_VDP_009_LCD\src\spi_flash_interface_lite\spi_flash_interface_lite.v":2390)
WARN  (NL0001) : Sweep user defined dangling instance "u_config_rom/u_spi_flash_if/spiflash_inst/u_spi_ctrl/rx_shift_reg_r_9_s1"("C:\Users\hra\Documents\github\HRA_product\FPGA_MSXtR\labo\FPGA_MSXtR_VDP_009_LCD\src\spi_flash_interface_lite\spi_flash_interface_lite.v":2390)
WARN  (NL0001) : Sweep user defined dangling instance "u_config_rom/u_spi_flash_if/spiflash_inst/u_spi_ctrl/rx_shift_reg_r_8_s1"("C:\Users\hra\Documents\github\HRA_product\FPGA_MSXtR\labo\FPGA_MSXtR_VDP_009_LCD\src\spi_flash_interface_lite\spi_flash_interface_lite.v":2390)
WARN  (NL0001) : Sweep user defined dangling instance "u_config_rom/u_spi_flash_if/spiflash_inst/u_spi_ctrl/rx_shift_reg_r_7_s1"("C:\Users\hra\Documents\github\HRA_product\FPGA_MSXtR\labo\FPGA_MSXtR_VDP_009_LCD\src\spi_flash_interface_lite\spi_flash_interface_lite.v":2390)
WARN  (NL0001) : Sweep user defined dangling instance "u_config_rom/u_spi_flash_if/spiflash_inst/u_spi_ctrl/rx_shift_reg_r_6_s1"("C:\Users\hra\Documents\github\HRA_product\FPGA_MSXtR\labo\FPGA_MSXtR_VDP_009_LCD\src\spi_flash_interface_lite\spi_flash_interface_lite.v":2390)
WARN  (NL0001) : Sweep user defined dangling instance "u_config_rom/u_spi_flash_if/spiflash_inst/u_spi_ctrl/rx_shift_reg_r_5_s1"("C:\Users\hra\Documents\github\HRA_product\FPGA_MSXtR\labo\FPGA_MSXtR_VDP_009_LCD\src\spi_flash_interface_lite\spi_flash_interface_lite.v":2390)
WARN  (NL0001) : Sweep user defined dangling instance "u_config_rom/u_spi_flash_if/spiflash_inst/u_spi_ctrl/rx_shift_reg_r_4_s1"("C:\Users\hra\Documents\github\HRA_product\FPGA_MSXtR\labo\FPGA_MSXtR_VDP_009_LCD\src\spi_flash_interface_lite\spi_flash_interface_lite.v":2390)
WARN  (NL0001) : Sweep user defined dangling instance "u_config_rom/u_spi_flash_if/spiflash_inst/u_spi_ctrl/rx_shift_reg_r_3_s1"("C:\Users\hra\Documents\github\HRA_product\FPGA_MSXtR\labo\FPGA_MSXtR_VDP_009_LCD\src\spi_flash_interface_lite\spi_flash_interface_lite.v":2390)
WARN  (NL0001) : Sweep user defined dangling instance "u_config_rom/u_spi_flash_if/spiflash_inst/u_spi_ctrl/rx_shift_reg_r_2_s1"("C:\Users\hra\Documents\github\HRA_product\FPGA_MSXtR\labo\FPGA_MSXtR_VDP_009_LCD\src\spi_flash_interface_lite\spi_flash_interface_lite.v":2390)
WARN  (NL0001) : Sweep user defined dangling instance "u_config_rom/u_spi_flash_if/spiflash_inst/u_spi_ctrl/rx_shift_reg_r_1_s1"("C:\Users\hra\Documents\github\HRA_product\FPGA_MSXtR\labo\FPGA_MSXtR_VDP_009_LCD\src\spi_flash_interface_lite\spi_flash_interface_lite.v":2390)
WARN  (NL0001) : Sweep user defined dangling instance "u_config_rom/u_spi_flash_if/spiflash_inst/u_spi_ctrl/rx_shift_reg_r_0_s1"("C:\Users\hra\Documents\github\HRA_product\FPGA_MSXtR\labo\FPGA_MSXtR_VDP_009_LCD\src\spi_flash_interface_lite\spi_flash_interface_lite.v":2390)
WARN  (NL0001) : Sweep user defined dangling instance "u_config_rom/u_spi_flash_if/spiflash_inst/u_spi_spiif/spi_in_r_s0"("C:\Users\hra\Documents\github\HRA_product\FPGA_MSXtR\labo\FPGA_MSXtR_VDP_009_LCD\src\spi_flash_interface_lite\spi_flash_interface_lite.v":2390)
WARN  (NL0001) : Sweep user defined dangling instance "u_config_rom/u_spi_flash_if/spiflash_inst/u_spi_spiif/spi_in_d1_r_s0"("C:\Users\hra\Documents\github\HRA_product\FPGA_MSXtR\labo\FPGA_MSXtR_VDP_009_LCD\src\spi_flash_interface_lite\spi_flash_interface_lite.v":2390)
[5%] Running netlist conversion ...
Running device independent optimization ...
[10%] Optimizing Phase 0 completed
[15%] Optimizing Phase 1 completed
[25%] Optimizing Phase 2 completed
Running inference ...
[30%] Inferring Phase 0 completed
[40%] Inferring Phase 1 completed
[50%] Inferring Phase 2 completed
[55%] Inferring Phase 3 completed
Running technical mapping ...
[60%] Tech-Mapping Phase 0 completed
[65%] Tech-Mapping Phase 1 completed
[75%] Tech-Mapping Phase 2 completed
[80%] Tech-Mapping Phase 3 completed
[90%] Tech-Mapping Phase 4 completed
[95%] Generate netlist file "C:\Users\hra\Documents\github\HRA_product\FPGA_MSXtR\labo\FPGA_MSXtR_VDP_009_LCD\impl\gwsynthesis\tangnano20k_vdp_cartridge_lcd.vg" completed
[100%] Generate report file "C:\Users\hra\Documents\github\HRA_product\FPGA_MSXtR\labo\FPGA_MSXtR_VDP_009_LCD\impl\gwsynthesis\tangnano20k_vdp_cartridge_lcd_syn.rpt.html" completed
GowinSynthesis finish
