Z80 Macro Assembler ZMA v1.0.19
=====================================================
Programmed by t.hara

  DEFS is DEFINE STRING (default).
  OUTPUT TYPE: BINARY

<< code >>
LINE# |OFFSET|ADDR|MNEMONIC
======+======+====+==================================
    35|      |    |UART := 0x10
      |      |    |  Global integer symbol [UART] = 16 (0x10)
------+------+----+----------------------------------
    36|      |    |BUTTON := 0x10
      |      |    |  Global integer symbol [BUTTON] = 16 (0x10)
------+------+----+----------------------------------
    37|      |    |S2026_REG_IDX := 0xE4
      |      |    |  Global integer symbol [S2026_REG_IDX] = 228 (0xe4)
------+------+----+----------------------------------
    38|      |    |S2026_REG_VAL := 0xE5
      |      |    |  Global integer symbol [S2026_REG_VAL] = 229 (0xe5)
------+------+----+----------------------------------
    39|      |    |S2026_FR_TIMER_L := 0xE6
      |      |    |  Global integer symbol [S2026_FR_TIMER_L] = 230 (0xe6)
------+------+----+----------------------------------
    40|      |    |S2026_FR_TIMER_H := 0xE7
      |      |    |  Global integer symbol [S2026_FR_TIMER_H] = 231 (0xe7)
------+------+----+----------------------------------
    42|      |    |ORG 0x0000
------+------+----+----------------------------------
    46|      |    |DI
      |      |    |  Z80:5cyc R800:2cyc
      |000000|0000|  F3
------+------+----+----------------------------------
    47|      |    |LD SP, 8192 - 2
      |      |    |  Z80:11cyc R800:3cyc
      |000001|0001|  31 FE 1F
------+------+----+----------------------------------
    52|      |    |WAIT_PRESS_BUTTON :
      |      |    |  label [WAIT_PRESS_BUTTON] address: 0x000004
------+------+----+----------------------------------
    53|      |    |IN A, [ BUTTON ]
      |      |    |  Z80:12cyc R800:10cyc/9cyc
      |000004|0004|  DB 10
------+------+----+----------------------------------
    54|      |    |AND A, 1
      |      |    |  Z80:8cyc R800:2cyc
      |000006|0006|  E6 01
------+------+----+----------------------------------
    55|      |    |JR Z, WAIT_PRESS_BUTTON
      |      |    |  Z80:13cyc/8cyc R800:3cyc/2cyc
      |000008|0008|  28 FA
------+------+----+----------------------------------
    56|      |    |WAIT_RELEASE_BUTTON :
      |      |    |  label [WAIT_RELEASE_BUTTON] address: 0x00000a
------+------+----+----------------------------------
    57|      |    |IN A, [ BUTTON ]
      |      |    |  Z80:12cyc R800:10cyc/9cyc
      |00000A|000A|  DB 10
------+------+----+----------------------------------
    58|      |    |AND A, 1
      |      |    |  Z80:8cyc R800:2cyc
      |00000C|000C|  E6 01
------+------+----+----------------------------------
    59|      |    |JR NZ, WAIT_RELEASE_BUTTON
      |      |    |  Z80:13cyc/8cyc R800:3cyc/2cyc
      |00000E|000E|  20 FA
------+------+----+----------------------------------
    98|      |    |LD A, 6
      |      |    |  Z80:8cyc R800:2cyc
      |000010|0010|  3E 06
------+------+----+----------------------------------
    99|      |    |OUT [ S2026_REG_IDX ], A
      |      |    |  Z80:12cyc R800:10cyc/9cyc
      |000012|0012|  D3 E4
------+------+----+----------------------------------
   100|      |    |IN A, [ S2026_REG_VAL ]
      |      |    |  Z80:12cyc R800:10cyc/9cyc
      |000014|0014|  DB E5
------+------+----+----------------------------------
   101|      |    |AND A, 0b0010_0000
      |      |    |  Z80:8cyc R800:2cyc
      |000016|0016|  E6 20
------+------+----+----------------------------------
   102|      |    |JR Z, R800_MESSAGE
      |      |    |  Z80:13cyc/8cyc R800:3cyc/2cyc
      |000018|0018|  28 05
------+------+----+----------------------------------
   103|      |    |LD DE, S_Z80_MESSAGE
      |      |    |  Z80:11cyc R800:3cyc
      |00001A|001A|  11 98 00
------+------+----+----------------------------------
   104|      |    |JR SKIP
      |      |    |  Z80:13cyc R800:3cyc
      |00001D|001D|  18 03
------+------+----+----------------------------------
   105|      |    |R800_MESSAGE :
      |      |    |  label [R800_MESSAGE] address: 0x00001f
------+------+----+----------------------------------
   106|      |    |LD DE, S_R800_MESSAGE
      |      |    |  Z80:11cyc R800:3cyc
      |00001F|001F|  11 A6 00
------+------+----+----------------------------------
   107|      |    |SKIP :
      |      |    |  label [SKIP] address: 0x000022
------+------+----+----------------------------------
   108|      |    |CALL PUTS
      |      |    |  Z80:18cyc R800:5cyc
      |000022|0022|  CD 50 00
------+------+----+----------------------------------
   110|      |    |LD B, 10
      |      |    |  Z80:8cyc R800:2cyc
      |000025|0025|  06 0A
------+------+----+----------------------------------
   111|      |    |LOOP :
      |      |    |  label [LOOP] address: 0x000027
------+------+----+----------------------------------
   112|      |    |LD DE, ASTERISK
      |      |    |  Z80:11cyc R800:3cyc
      |000027|0027|  11 B5 00
------+------+----+----------------------------------
   113|      |    |CALL PUTS
      |      |    |  Z80:18cyc R800:5cyc
      |00002A|002A|  CD 50 00
------+------+----+----------------------------------
   114|      |    |LD HL, 65000
      |      |    |  Z80:11cyc R800:3cyc
      |00002D|002D|  21 E8 FD
------+------+----+----------------------------------
   115|      |    |WAIT_LOOP :
      |      |    |  label [WAIT_LOOP] address: 0x000030
------+------+----+----------------------------------
   116|      |    |NOP
      |      |    |  Z80:5cyc R800:1cyc
      |000030|0030|  00
------+------+----+----------------------------------
   117|      |    |NOP
      |      |    |  Z80:5cyc R800:1cyc
      |000031|0031|  00
------+------+----+----------------------------------
   118|      |    |NOP
      |      |    |  Z80:5cyc R800:1cyc
      |000032|0032|  00
------+------+----+----------------------------------
   119|      |    |NOP
      |      |    |  Z80:5cyc R800:1cyc
      |000033|0033|  00
------+------+----+----------------------------------
   120|      |    |DEC HL
      |      |    |  Z80:7cyc R800:1cyc
      |000034|0034|  2B
------+------+----+----------------------------------
   121|      |    |LD A, L
      |      |    |  Z80:5cyc R800:2cyc
      |000035|0035|  7D
------+------+----+----------------------------------
   122|      |    |OR A, H
      |      |    |  Z80:5cyc R800:1cyc
      |000036|0036|  B4
------+------+----+----------------------------------
   123|      |    |JR NZ, WAIT_LOOP
      |      |    |  Z80:13cyc/8cyc R800:3cyc/2cyc
      |000037|0037|  20 F7
------+------+----+----------------------------------
   124|      |    |DJNZ LOOP
      |      |    |  Z80:14cyc/9cyc R800:3cyc/2cyc
      |000039|0039|  10 EC
------+------+----+----------------------------------
   125|      |    |LD DE, CRLF
      |      |    |  Z80:11cyc R800:3cyc
      |00003B|003B|  11 B7 00
------+------+----+----------------------------------
   126|      |    |CALL PUTS
      |      |    |  Z80:18cyc R800:5cyc
      |00003E|003E|  CD 50 00
------+------+----+----------------------------------
   130|      |    |LD A, 6
      |      |    |  Z80:8cyc R800:2cyc
      |000041|0041|  3E 06
------+------+----+----------------------------------
   131|      |    |OUT [ S2026_REG_IDX ], A
      |      |    |  Z80:12cyc R800:10cyc/9cyc
      |000043|0043|  D3 E4
------+------+----+----------------------------------
   132|      |    |IN A, [ S2026_REG_VAL ]
      |      |    |  Z80:12cyc R800:10cyc/9cyc
      |000045|0045|  DB E5
------+------+----+----------------------------------
   133|      |    |XOR A, 0b0010_0000
      |      |    |  Z80:8cyc R800:2cyc
      |000047|0047|  EE 20
------+------+----+----------------------------------
   134|      |    |OUT [ S2026_REG_VAL ], A
      |      |    |  Z80:12cyc R800:10cyc/9cyc
      |000049|0049|  D3 E5
------+------+----+----------------------------------
   135|      |    |NOP
      |      |    |  Z80:5cyc R800:1cyc
      |00004B|004B|  00
------+------+----+----------------------------------
   136|      |    |NOP
      |      |    |  Z80:5cyc R800:1cyc
      |00004C|004C|  00
------+------+----+----------------------------------
   137|      |    |JP WAIT_PRESS_BUTTON
      |      |    |  Z80:11cyc R800:5cyc
      |00004D|004D|  C3 04 00
------+------+----+----------------------------------
   147|      |    |SCOPE PUTS
      |      |    |  Enter scope: PUTS:
------+------+----+----------------------------------
   148|      |    |PUTS ::
      |      |    |  global label [PUTS] address: 0x000050
------+------+----+----------------------------------
   149|      |    |LD A, [ DE ]
      |      |    |  Z80:8cyc R800:4cyc
      |000050|0050|  1A
------+------+----+----------------------------------
   150|      |    |INC DE
      |      |    |  Z80:7cyc R800:1cyc
      |000051|0051|  13
------+------+----+----------------------------------
   151|      |    |OR A, A
      |      |    |  Z80:5cyc R800:1cyc
      |000052|0052|  B7
------+------+----+----------------------------------
   152|      |    |JP Z, _SKIP
      |      |    |  Z80:11cyc R800:5cyc/3cyc
      |000053|0053|  CA 5A 00
------+------+----+----------------------------------
   153|      |    |OUT [ UART ], A
      |      |    |  Z80:12cyc R800:10cyc/9cyc
      |000056|0056|  D3 10
------+------+----+----------------------------------
   154|      |    |JR PUTS
      |      |    |  Z80:13cyc R800:3cyc
      |000058|0058|  18 F6
------+------+----+----------------------------------
   155|      |    |_SKIP :
      |      |    |  label [PUTS:_SKIP] address: 0x00005a
------+------+----+----------------------------------
   156|      |    |RET
      |      |    |  Z80:11cyc R800:5cyc
      |00005A|005A|  C9
------+------+----+----------------------------------
   157|      |    |ENDSCOPE
      |      |    |  Exit scope: PUTS:
------+------+----+----------------------------------
   165|      |    |SCOPE PUT_HEX
      |      |    |  Enter scope: PUT_HEX:
------+------+----+----------------------------------
   166|      |    |PUT_HEX ::
      |      |    |  global label [PUT_HEX] address: 0x00005b
------+------+----+----------------------------------
   167|      |    |LD A, H
      |      |    |  Z80:5cyc R800:2cyc
      |00005B|005B|  7C
------+------+----+----------------------------------
   168|      |    |RRCA
      |      |    |  Z80:5cyc R800:1cyc
      |00005C|005C|  0F
------+------+----+----------------------------------
   169|      |    |RRCA
      |      |    |  Z80:5cyc R800:1cyc
      |00005D|005D|  0F
------+------+----+----------------------------------
   170|      |    |RRCA
      |      |    |  Z80:5cyc R800:1cyc
      |00005E|005E|  0F
------+------+----+----------------------------------
   171|      |    |RRCA
      |      |    |  Z80:5cyc R800:1cyc
      |00005F|005F|  0F
------+------+----+----------------------------------
   172|      |    |AND A, 0x0F
      |      |    |  Z80:8cyc R800:2cyc
      |000060|0060|  E6 0F
------+------+----+----------------------------------
   173|      |    |ADD A, '0'
      |      |    |  Z80:8cyc R800:2cyc
      |000062|0062|  C6 30
------+------+----+----------------------------------
   174|      |    |CP A, '9' + 1
      |      |    |  Z80:8cyc R800:2cyc
      |000064|0064|  FE 3A
------+------+----+----------------------------------
   175|      |    |JR C, SKIP1
      |      |    |  Z80:13cyc/8cyc R800:3cyc/2cyc
      |000066|0066|  38 02
------+------+----+----------------------------------
   176|      |    |ADD A, 'A' - '0' - 10
      |      |    |  Z80:8cyc R800:2cyc
      |000068|0068|  C6 07
------+------+----+----------------------------------
   177|      |    |SKIP1 :
      |      |    |  label [PUT_HEX:SKIP1] address: 0x00006a
------+------+----+----------------------------------
   178|      |    |OUT [ UART ], A
      |      |    |  Z80:12cyc R800:10cyc/9cyc
      |00006A|006A|  D3 10
------+------+----+----------------------------------
   180|      |    |LD A, H
      |      |    |  Z80:5cyc R800:2cyc
      |00006C|006C|  7C
------+------+----+----------------------------------
   181|      |    |AND A, 0x0F
      |      |    |  Z80:8cyc R800:2cyc
      |00006D|006D|  E6 0F
------+------+----+----------------------------------
   182|      |    |ADD A, '0'
      |      |    |  Z80:8cyc R800:2cyc
      |00006F|006F|  C6 30
------+------+----+----------------------------------
   183|      |    |CP A, '9' + 1
      |      |    |  Z80:8cyc R800:2cyc
      |000071|0071|  FE 3A
------+------+----+----------------------------------
   184|      |    |JR C, SKIP2
      |      |    |  Z80:13cyc/8cyc R800:3cyc/2cyc
      |000073|0073|  38 02
------+------+----+----------------------------------
   185|      |    |ADD A, 'A' - '0' - 10
      |      |    |  Z80:8cyc R800:2cyc
      |000075|0075|  C6 07
------+------+----+----------------------------------
   186|      |    |SKIP2 :
      |      |    |  label [PUT_HEX:SKIP2] address: 0x000077
------+------+----+----------------------------------
   187|      |    |OUT [ UART ], A
      |      |    |  Z80:12cyc R800:10cyc/9cyc
      |000077|0077|  D3 10
------+------+----+----------------------------------
   189|      |    |LD A, L
      |      |    |  Z80:5cyc R800:2cyc
      |000079|0079|  7D
------+------+----+----------------------------------
   190|      |    |RRCA
      |      |    |  Z80:5cyc R800:1cyc
      |00007A|007A|  0F
------+------+----+----------------------------------
   191|      |    |RRCA
      |      |    |  Z80:5cyc R800:1cyc
      |00007B|007B|  0F
------+------+----+----------------------------------
   192|      |    |RRCA
      |      |    |  Z80:5cyc R800:1cyc
      |00007C|007C|  0F
------+------+----+----------------------------------
   193|      |    |RRCA
      |      |    |  Z80:5cyc R800:1cyc
      |00007D|007D|  0F
------+------+----+----------------------------------
   194|      |    |AND A, 0x0F
      |      |    |  Z80:8cyc R800:2cyc
      |00007E|007E|  E6 0F
------+------+----+----------------------------------
   195|      |    |ADD A, '0'
      |      |    |  Z80:8cyc R800:2cyc
      |000080|0080|  C6 30
------+------+----+----------------------------------
   196|      |    |CP A, '9' + 1
      |      |    |  Z80:8cyc R800:2cyc
      |000082|0082|  FE 3A
------+------+----+----------------------------------
   197|      |    |JR C, SKIP3
      |      |    |  Z80:13cyc/8cyc R800:3cyc/2cyc
      |000084|0084|  38 02
------+------+----+----------------------------------
   198|      |    |ADD A, 'A' - '0' - 10
      |      |    |  Z80:8cyc R800:2cyc
      |000086|0086|  C6 07
------+------+----+----------------------------------
   199|      |    |SKIP3 :
      |      |    |  label [PUT_HEX:SKIP3] address: 0x000088
------+------+----+----------------------------------
   200|      |    |OUT [ UART ], A
      |      |    |  Z80:12cyc R800:10cyc/9cyc
      |000088|0088|  D3 10
------+------+----+----------------------------------
   202|      |    |LD A, L
      |      |    |  Z80:5cyc R800:2cyc
      |00008A|008A|  7D
------+------+----+----------------------------------
   203|      |    |AND A, 0x0F
      |      |    |  Z80:8cyc R800:2cyc
      |00008B|008B|  E6 0F
------+------+----+----------------------------------
   204|      |    |ADD A, '0'
      |      |    |  Z80:8cyc R800:2cyc
      |00008D|008D|  C6 30
------+------+----+----------------------------------
   205|      |    |CP A, '9' + 1
      |      |    |  Z80:8cyc R800:2cyc
      |00008F|008F|  FE 3A
------+------+----+----------------------------------
   206|      |    |JR C, SKIP4
      |      |    |  Z80:13cyc/8cyc R800:3cyc/2cyc
      |000091|0091|  38 02
------+------+----+----------------------------------
   207|      |    |ADD A, 'A' - '0' - 10
      |      |    |  Z80:8cyc R800:2cyc
      |000093|0093|  C6 07
------+------+----+----------------------------------
   208|      |    |SKIP4 :
      |      |    |  label [PUT_HEX:SKIP4] address: 0x000095
------+------+----+----------------------------------
   209|      |    |OUT [ UART ], A
      |      |    |  Z80:12cyc R800:10cyc/9cyc
      |000095|0095|  D3 10
------+------+----+----------------------------------
   210|      |    |RET
      |      |    |  Z80:11cyc R800:5cyc
      |000097|0097|  C9
------+------+----+----------------------------------
   211|      |    |ENDSCOPE
      |      |    |  Exit scope: PUT_HEX:
------+------+----+----------------------------------
   216|      |    |S_Z80_MESSAGE :
      |      |    |  label [S_Z80_MESSAGE] address: 0x000098
------+------+----+----------------------------------
   217|      |    |DB "THIS IS Z80", 0x0D, 0x0A, 0
      |000098|0098|  54 48 49 53 20 49 53 20
      |0000A0|00A0|  5A 38 30 0D 0A 00
------+------+----+----------------------------------
   218|      |    |S_R800_MESSAGE :
      |      |    |  label [S_R800_MESSAGE] address: 0x0000a6
------+------+----+----------------------------------
   219|      |    |DB "THIS IS R800", 0x0D, 0x0A, 0
      |0000A6|00A6|  54 48 49 53 20 49 53 20
      |0000AE|00AE|  52 38 30 30 0D 0A 00
------+------+----+----------------------------------
   220|      |    |ASTERISK :
      |      |    |  label [ASTERISK] address: 0x0000b5
------+------+----+----------------------------------
   221|      |    |DB "*", 0
      |0000B5|00B5|  2A 00
------+------+----+----------------------------------
   222|      |    |CRLF :
      |      |    |  label [CRLF] address: 0x0000b7
------+------+----+----------------------------------
   223|      |    |DB 0x0D, 0x0A, 0
      |0000B7|00B7|  0D 0A 00
------+------+----+----------------------------------
   224|      |    |S_OK :
      |      |    |  label [S_OK] address: 0x0000ba
------+------+----+----------------------------------
   225|      |    |DB "-OK", 0x0D, 0x0A, 0
      |0000BA|00BA|  2D 4F 4B 0D 0A 00
------+------+----+----------------------------------
   226|      |    |S_FAIL :
      |      |    |  label [S_FAIL] address: 0x0000c0
------+------+----+----------------------------------
   227|      |    |DB "-FAILED", 0x0D, 0x0A, 0
      |0000C0|00C0|  2D 46 41 49 4C 45 44 0D
      |0000C8|00C8|  0A 00
------+------+----+----------------------------------
<< label >>
ASTERISK .............. 181 ( 0xb5 )
BUTTON ................ 16 ( 0x10 )
CRLF .................. 183 ( 0xb7 )
LOOP .................. 39 ( 0x27 )
PUTS .................. 80 ( 0x50 )
PUTS:_SKIP ............ 90 ( 0x5a )
PUT_HEX ............... 91 ( 0x5b )
PUT_HEX:SKIP1 ......... 106 ( 0x6a )
PUT_HEX:SKIP2 ......... 119 ( 0x77 )
PUT_HEX:SKIP3 ......... 136 ( 0x88 )
PUT_HEX:SKIP4 ......... 149 ( 0x95 )
R800_MESSAGE .......... 31 ( 0x1f )
S2026_FR_TIMER_H ...... 231 ( 0xe7 )
S2026_FR_TIMER_L ...... 230 ( 0xe6 )
S2026_REG_IDX ......... 228 ( 0xe4 )
S2026_REG_VAL ......... 229 ( 0xe5 )
SKIP .................. 34 ( 0x22 )
S_FAIL ................ 192 ( 0xc0 )
S_OK .................. 186 ( 0xba )
S_R800_MESSAGE ........ 166 ( 0xa6 )
S_Z80_MESSAGE ......... 152 ( 0x98 )
UART .................. 16 ( 0x10 )
WAIT_LOOP ............. 48 ( 0x30 )
WAIT_PRESS_BUTTON ..... 4 ( 0x4 )
WAIT_RELEASE_BUTTON ... 10 ( 0xa )
