GowinSynthesis start
Running parser ...
Analyzing Verilog file 'C:\Users\hra\Documents\github\HRA_product\FPGA_MSXtR\labo\FPGA_MSXtR_VDP_008\src\gowin_clkdiv\gowin_clkdiv.v'
Analyzing Verilog file 'C:\Users\hra\Documents\github\HRA_product\FPGA_MSXtR\labo\FPGA_MSXtR_VDP_008\src\gowin_rpll\gowin_rpll.v'
Analyzing Verilog file 'C:\Users\hra\Documents\github\HRA_product\FPGA_MSXtR\labo\FPGA_MSXtR_VDP_008\src\gowin_rpll2\gowin_rpll2.v'
Analyzing Verilog file 'C:\Users\hra\Documents\github\HRA_product\FPGA_MSXtR\labo\FPGA_MSXtR_VDP_008\src\sdram\ip_sdram_tangnano20k_c.v'
Analyzing Verilog file 'C:\Users\hra\Documents\github\HRA_product\FPGA_MSXtR\labo\FPGA_MSXtR_VDP_008_LCD_ONLY\src\display_controller.v'
Analyzing Verilog file 'C:\Users\hra\Documents\github\HRA_product\FPGA_MSXtR\labo\FPGA_MSXtR_VDP_008_LCD_ONLY\src\tangnano20k_vdp_cartridge_lcd.v'
Undeclared symbol 'led', assumed default net type 'wire'("C:\Users\hra\Documents\github\HRA_product\FPGA_MSXtR\labo\FPGA_MSXtR_VDP_008_LCD_ONLY\src\tangnano20k_vdp_cartridge_lcd.v":179)
Compiling module 'tangnano20k_vdp_cartridge_lcd'("C:\Users\hra\Documents\github\HRA_product\FPGA_MSXtR\labo\FPGA_MSXtR_VDP_008_LCD_ONLY\src\tangnano20k_vdp_cartridge_lcd.v":24)
Compiling module 'Gowin_rPLL'("C:\Users\hra\Documents\github\HRA_product\FPGA_MSXtR\labo\FPGA_MSXtR_VDP_008\src\gowin_rpll\gowin_rpll.v":10)
Compiling module 'Gowin_rPLL2'("C:\Users\hra\Documents\github\HRA_product\FPGA_MSXtR\labo\FPGA_MSXtR_VDP_008\src\gowin_rpll2\gowin_rpll2.v":10)
Compiling module 'Gowin_CLKDIV'("C:\Users\hra\Documents\github\HRA_product\FPGA_MSXtR\labo\FPGA_MSXtR_VDP_008\src\gowin_clkdiv\gowin_clkdiv.v":10)
Compiling module 'ip_sdram'("C:\Users\hra\Documents\github\HRA_product\FPGA_MSXtR\labo\FPGA_MSXtR_VDP_008\src\sdram\ip_sdram_tangnano20k_c.v":57)
WARN  (EX3791) : Expression size 32 truncated to fit in target size 15("C:\Users\hra\Documents\github\HRA_product\FPGA_MSXtR\labo\FPGA_MSXtR_VDP_008\src\sdram\ip_sdram_tangnano20k_c.v":285)
Compiling module 'display_controller'("C:\Users\hra\Documents\github\HRA_product\FPGA_MSXtR\labo\FPGA_MSXtR_VDP_008_LCD_ONLY\src\display_controller.v":57)
WARN  (EX1998) : Net 'w_bus_vdp_ready' does not have a driver("C:\Users\hra\Documents\github\HRA_product\FPGA_MSXtR\labo\FPGA_MSXtR_VDP_008_LCD_ONLY\src\tangnano20k_vdp_cartridge_lcd.v":93)
WARN  (EX1998) : Net 'w_bus_vdp_rdata[7]' does not have a driver("C:\Users\hra\Documents\github\HRA_product\FPGA_MSXtR\labo\FPGA_MSXtR_VDP_008_LCD_ONLY\src\tangnano20k_vdp_cartridge_lcd.v":94)
WARN  (EX1998) : Net 'w_bus_vdp_rdata_en' does not have a driver("C:\Users\hra\Documents\github\HRA_product\FPGA_MSXtR\labo\FPGA_MSXtR_VDP_008_LCD_ONLY\src\tangnano20k_vdp_cartridge_lcd.v":95)
WARN  (EX1998) : Net 'w_sdram_address[17]' does not have a driver("C:\Users\hra\Documents\github\HRA_product\FPGA_MSXtR\labo\FPGA_MSXtR_VDP_008_LCD_ONLY\src\tangnano20k_vdp_cartridge_lcd.v":104)
WARN  (EX1998) : Net 'w_sdram_write' does not have a driver("C:\Users\hra\Documents\github\HRA_product\FPGA_MSXtR\labo\FPGA_MSXtR_VDP_008_LCD_ONLY\src\tangnano20k_vdp_cartridge_lcd.v":105)
WARN  (EX1998) : Net 'w_sdram_valid' does not have a driver("C:\Users\hra\Documents\github\HRA_product\FPGA_MSXtR\labo\FPGA_MSXtR_VDP_008_LCD_ONLY\src\tangnano20k_vdp_cartridge_lcd.v":106)
WARN  (EX1998) : Net 'w_sdram_refresh' does not have a driver("C:\Users\hra\Documents\github\HRA_product\FPGA_MSXtR\labo\FPGA_MSXtR_VDP_008_LCD_ONLY\src\tangnano20k_vdp_cartridge_lcd.v":107)
WARN  (EX1998) : Net 'w_sdram_wdata[31]' does not have a driver("C:\Users\hra\Documents\github\HRA_product\FPGA_MSXtR\labo\FPGA_MSXtR_VDP_008_LCD_ONLY\src\tangnano20k_vdp_cartridge_lcd.v":108)
WARN  (EX1998) : Net 'w_sdram_wdata_mask[3]' does not have a driver("C:\Users\hra\Documents\github\HRA_product\FPGA_MSXtR\labo\FPGA_MSXtR_VDP_008_LCD_ONLY\src\tangnano20k_vdp_cartridge_lcd.v":109)
NOTE  (EX0101) : Current top module is "tangnano20k_vdp_cartridge_lcd"
[5%] Running netlist conversion ...
WARN  (CV0016) : Input clk27m is unused("C:\Users\hra\Documents\github\HRA_product\FPGA_MSXtR\labo\FPGA_MSXtR_VDP_008_LCD_ONLY\src\tangnano20k_vdp_cartridge_lcd.v":25)
WARN  (CV0016) : Input button is unused("C:\Users\hra\Documents\github\HRA_product\FPGA_MSXtR\labo\FPGA_MSXtR_VDP_008_LCD_ONLY\src\tangnano20k_vdp_cartridge_lcd.v":27)
Running device independent optimization ...
[10%] Optimizing Phase 0 completed
[15%] Optimizing Phase 1 completed
[25%] Optimizing Phase 2 completed
Running inference ...
[30%] Inferring Phase 0 completed
[40%] Inferring Phase 1 completed
[50%] Inferring Phase 2 completed
[55%] Inferring Phase 3 completed
Running technical mapping ...
[60%] Tech-Mapping Phase 0 completed
[65%] Tech-Mapping Phase 1 completed
[75%] Tech-Mapping Phase 2 completed
[80%] Tech-Mapping Phase 3 completed
[90%] Tech-Mapping Phase 4 completed
WARN  (NL0002) : The module "Gowin_CLKDIV" instantiated to "u_clkdiv" is swept in optimizing("C:\Users\hra\Documents\github\HRA_product\FPGA_MSXtR\labo\FPGA_MSXtR_VDP_008_LCD_ONLY\src\tangnano20k_vdp_cartridge_lcd.v":163)
WARN  (NL0002) : The module "Gowin_rPLL" instantiated to "u_pll" is swept in optimizing("C:\Users\hra\Documents\github\HRA_product\FPGA_MSXtR\labo\FPGA_MSXtR_VDP_008_LCD_ONLY\src\tangnano20k_vdp_cartridge_lcd.v":150)
[95%] Generate netlist file "C:\Users\hra\Documents\github\HRA_product\FPGA_MSXtR\labo\FPGA_MSXtR_VDP_008_LCD_ONLY\impl\gwsynthesis\tangnano20k_vdp_cartridge.vg" completed
[100%] Generate report file "C:\Users\hra\Documents\github\HRA_product\FPGA_MSXtR\labo\FPGA_MSXtR_VDP_008_LCD_ONLY\impl\gwsynthesis\tangnano20k_vdp_cartridge_syn.rpt.html" completed
GowinSynthesis finish
