Z80 Macro Assembler ZMA v1.0.19
=====================================================
Programmed by t.hara

  DEFS is DEFINE STRING (default).
  OUTPUT TYPE: BINARY

<< code >>
LINE# |OFFSET|ADDR|MNEMONIC
======+======+====+==================================
    35|      |    |UART := 0x10
      |      |    |  Global integer symbol [UART] = 16 (0x10)
------+------+----+----------------------------------
    36|      |    |BUTTON := 0x10
      |      |    |  Global integer symbol [BUTTON] = 16 (0x10)
------+------+----+----------------------------------
    37|      |    |VDP_PORT0 := 0x98
      |      |    |  Global integer symbol [VDP_PORT0] = 152 (0x98)
------+------+----+----------------------------------
    38|      |    |VDP_PORT1 := 0x99
      |      |    |  Global integer symbol [VDP_PORT1] = 153 (0x99)
------+------+----+----------------------------------
    39|      |    |VDP_PORT2 := 0x9A
      |      |    |  Global integer symbol [VDP_PORT2] = 154 (0x9a)
------+------+----+----------------------------------
    40|      |    |VDP_PORT3 := 0x9B
      |      |    |  Global integer symbol [VDP_PORT3] = 155 (0x9b)
------+------+----+----------------------------------
    41|      |    |VDP_PORT4 := 0x9C
      |      |    |  Global integer symbol [VDP_PORT4] = 156 (0x9c)
------+------+----+----------------------------------
    43|      |    |ORG 0x0000
------+------+----+----------------------------------
    47|      |    |DI
      |      |    |  Z80:5cyc R800:2cyc
      |000000|0000|  F3
------+------+----+----------------------------------
    48|      |    |LD SP, 8192 - 2
      |      |    |  Z80:11cyc R800:3cyc
      |000001|0001|  31 FE 1F
------+------+----+----------------------------------
    53|      |    |SCOPE SET_SCREEN1
      |      |    |  Enter scope: SET_SCREEN1:
------+------+----+----------------------------------
    54|      |    |SET_SCREEN1 ::
      |      |    |  global label [SET_SCREEN1] address: 0x000004
------+------+----+----------------------------------
    55|      |    |LD HL, VDP_REGISTERS
      |      |    |  Z80:11cyc R800:3cyc
      |000004|0004|  21 7C 00
------+------+----+----------------------------------
    56|      |    |LD C, VDP_PORT1
      |      |    |  Z80:8cyc R800:2cyc
      |000007|0007|  0E 99
------+------+----+----------------------------------
    57|      |    |LOOP :
      |      |    |  label [SET_SCREEN1:LOOP] address: 0x000009
------+------+----+----------------------------------
    58|      |    |LD A, [ HL ]
      |      |    |  Z80:8cyc R800:4cyc
      |000009|0009|  7E
------+------+----+----------------------------------
    59|      |    |INC A
      |      |    |  Z80:5cyc R800:1cyc
      |00000A|000A|  3C
------+------+----+----------------------------------
    60|      |    |JR Z, EXIT_LOOP
      |      |    |  Z80:13cyc/8cyc R800:3cyc/2cyc
      |00000B|000B|  28 0C
------+------+----+----------------------------------
    61|      |    |DEC A
      |      |    |  Z80:5cyc R800:1cyc
      |00000D|000D|  3D
------+------+----+----------------------------------
    62|      |    |OR A, 0x80
      |      |    |  Z80:8cyc R800:2cyc
      |00000E|000E|  F6 80
------+------+----+----------------------------------
    63|      |    |INC HL
      |      |    |  Z80:7cyc R800:1cyc
      |000010|0010|  23
------+------+----+----------------------------------
    64|      |    |LD B, [ HL ]
      |      |    |  Z80:8cyc R800:4cyc
      |000011|0011|  46
------+------+----+----------------------------------
    65|      |    |INC HL
      |      |    |  Z80:7cyc R800:1cyc
      |000012|0012|  23
------+------+----+----------------------------------
    66|      |    |OUT [ C ], B
      |      |    |  Z80:14cyc R800:10cyc/9cyc
      |000013|0013|  ED 41
------+------+----+----------------------------------
    67|      |    |OUT [ C ], A
      |      |    |  Z80:14cyc R800:10cyc/9cyc
      |000015|0015|  ED 79
------+------+----+----------------------------------
    68|      |    |JR LOOP
      |      |    |  Z80:13cyc R800:3cyc
      |000017|0017|  18 F0
------+------+----+----------------------------------
    69|      |    |EXIT_LOOP :
      |      |    |  label [SET_SCREEN1:EXIT_LOOP] address: 0x000019
------+------+----+----------------------------------
    70|      |    |ENDSCOPE
      |      |    |  Exit scope: SET_SCREEN1:
------+------+----+----------------------------------
    75|      |    |SCOPE SETUP_VRAM
      |      |    |  Enter scope: SETUP_VRAM:
------+------+----+----------------------------------
    76|      |    |SETUP_VRAM ::
      |      |    |  global label [SETUP_VRAM] address: 0x000019
------+------+----+----------------------------------
    78|      |    |LD HL, FONT_DATA
      |      |    |  Z80:11cyc R800:3cyc
      |000019|0019|  21 C2 00
------+------+----+----------------------------------
    79|      |    |LD DE, 0x0000 + 0x20 * 8
      |      |    |  Z80:11cyc R800:3cyc
      |00001C|001C|  11 00 01
------+------+----+----------------------------------
    80|      |    |LD BC, ( 0x80 - 0x20 ) * 8
      |      |    |  Z80:11cyc R800:3cyc
      |00001F|001F|  01 00 03
------+------+----+----------------------------------
    81|      |    |CALL WRITE_VRAM_BLOCK
      |      |    |  Z80:18cyc R800:5cyc
      |000022|0022|  CD 68 00
------+------+----+----------------------------------
    83|      |    |LD HL, 0x1800
      |      |    |  Z80:11cyc R800:3cyc
      |000025|0025|  21 00 18
------+------+----+----------------------------------
    84|      |    |LD DE, 0x4000 - 0x1800
      |      |    |  Z80:11cyc R800:3cyc
      |000028|0028|  11 00 28
------+------+----+----------------------------------
    85|      |    |LD B, 0
      |      |    |  Z80:8cyc R800:2cyc
      |00002B|002B|  06 00
------+------+----+----------------------------------
    86|      |    |CALL FILL_VRAM
      |      |    |  Z80:18cyc R800:5cyc
      |00002D|002D|  CD 53 00
------+------+----+----------------------------------
    88|      |    |LD HL, 0x1C00
      |      |    |  Z80:11cyc R800:3cyc
      |000030|0030|  21 00 1C
------+------+----+----------------------------------
    89|      |    |LD DE, 32 * 4
      |      |    |  Z80:11cyc R800:3cyc
      |000033|0033|  11 80 00
------+------+----+----------------------------------
    90|      |    |LD B, 208
      |      |    |  Z80:8cyc R800:2cyc
      |000036|0036|  06 D0
------+------+----+----------------------------------
    91|      |    |CALL FILL_VRAM
      |      |    |  Z80:18cyc R800:5cyc
      |000038|0038|  CD 53 00
------+------+----+----------------------------------
    93|      |    |LD HL, 0x2000
      |      |    |  Z80:11cyc R800:3cyc
      |00003B|003B|  21 00 20
------+------+----+----------------------------------
    94|      |    |LD DE, 32
      |      |    |  Z80:11cyc R800:3cyc
      |00003E|003E|  11 20 00
------+------+----+----------------------------------
    95|      |    |LD B, 0xF4
      |      |    |  Z80:8cyc R800:2cyc
      |000041|0041|  06 F4
------+------+----+----------------------------------
    96|      |    |CALL FILL_VRAM
      |      |    |  Z80:18cyc R800:5cyc
      |000043|0043|  CD 53 00
------+------+----+----------------------------------
    98|      |    |LD HL, MESSAGE
      |      |    |  Z80:11cyc R800:3cyc
      |000046|0046|  21 B3 00
------+------+----+----------------------------------
    99|      |    |LD DE, 0x1800
      |      |    |  Z80:11cyc R800:3cyc
      |000049|0049|  11 00 18
------+------+----+----------------------------------
   100|      |    |LD BC, MESSAGE_END - MESSAGE
      |      |    |  Z80:11cyc R800:3cyc
      |00004C|004C|  01 0F 00
------+------+----+----------------------------------
   101|      |    |CALL WRITE_VRAM_BLOCK
      |      |    |  Z80:18cyc R800:5cyc
      |00004F|004F|  CD 68 00
------+------+----+----------------------------------
   102|      |    |ENDSCOPE
      |      |    |  Exit scope: SETUP_VRAM:
------+------+----+----------------------------------
   107|      |    |SCOPE MAIN
      |      |    |  Enter scope: MAIN:
------+------+----+----------------------------------
   108|      |    |MAIN ::
      |      |    |  global label [MAIN] address: 0x000052
------+------+----+----------------------------------
   109|      |    |HALT
      |      |    |  Z80:5cyc R800:2cycAnd wait interrupt.
      |000052|0052|  76
------+------+----+----------------------------------
   110|      |    |ENDSCOPE
      |      |    |  Exit scope: MAIN:
------+------+----+----------------------------------
   121|      |    |SCOPE FILL_VRAM
      |      |    |  Enter scope: FILL_VRAM:
------+------+----+----------------------------------
   122|      |    |FILL_VRAM ::
      |      |    |  global label [FILL_VRAM] address: 0x000053
------+------+----+----------------------------------
   123|      |    |LD C, VDP_PORT1
      |      |    |  Z80:8cyc R800:2cyc
      |000053|0053|  0E 99
------+------+----+----------------------------------
   124|      |    |LD A, L
      |      |    |  Z80:5cyc R800:2cyc
      |000055|0055|  7D
------+------+----+----------------------------------
   125|      |    |OUT [ C ], A
      |      |    |  Z80:14cyc R800:10cyc/9cyc
      |000056|0056|  ED 79
------+------+----+----------------------------------
   126|      |    |LD A, H
      |      |    |  Z80:5cyc R800:2cyc
      |000058|0058|  7C
------+------+----+----------------------------------
   127|      |    |AND A, 0x3F
      |      |    |  Z80:8cyc R800:2cyc
      |000059|0059|  E6 3F
------+------+----+----------------------------------
   128|      |    |OR A, 0x40
      |      |    |  Z80:8cyc R800:2cyc
      |00005B|005B|  F6 40
------+------+----+----------------------------------
   129|      |    |OUT [ C ], A
      |      |    |  Z80:14cyc R800:10cyc/9cyc
      |00005D|005D|  ED 79
------+------+----+----------------------------------
   130|      |    |DEC C
      |      |    |  Z80:5cyc R800:1cyc
      |00005F|005F|  0D
------+------+----+----------------------------------
   131|      |    |LOOP :
      |      |    |  label [FILL_VRAM:LOOP] address: 0x000060
------+------+----+----------------------------------
   132|      |    |OUT [ C ], B
      |      |    |  Z80:14cyc R800:10cyc/9cyc
      |000060|0060|  ED 41
------+------+----+----------------------------------
   133|      |    |DEC DE
      |      |    |  Z80:7cyc R800:1cyc
      |000062|0062|  1B
------+------+----+----------------------------------
   134|      |    |LD A, E
      |      |    |  Z80:5cyc R800:2cyc
      |000063|0063|  7B
------+------+----+----------------------------------
   135|      |    |OR A, D
      |      |    |  Z80:5cyc R800:1cyc
      |000064|0064|  B2
------+------+----+----------------------------------
   136|      |    |JR NZ, LOOP
      |      |    |  Z80:13cyc/8cyc R800:3cyc/2cyc
      |000065|0065|  20 F9
------+------+----+----------------------------------
   137|      |    |RET
      |      |    |  Z80:11cyc R800:5cyc
      |000067|0067|  C9
------+------+----+----------------------------------
   138|      |    |ENDSCOPE
      |      |    |  Exit scope: FILL_VRAM:
------+------+----+----------------------------------
   149|      |    |SCOPE WRITE_VRAM_BLOCK
      |      |    |  Enter scope: WRITE_VRAM_BLOCK:
------+------+----+----------------------------------
   150|      |    |WRITE_VRAM_BLOCK ::
      |      |    |  global label [WRITE_VRAM_BLOCK] address: 0x000068
------+------+----+----------------------------------
   151|      |    |LD A, E
      |      |    |  Z80:5cyc R800:2cyc
      |000068|0068|  7B
------+------+----+----------------------------------
   152|      |    |OUT [ VDP_PORT1 ], A
      |      |    |  Z80:12cyc R800:10cyc/9cyc
      |000069|0069|  D3 99
------+------+----+----------------------------------
   153|      |    |LD A, D
      |      |    |  Z80:5cyc R800:2cyc
      |00006B|006B|  7A
------+------+----+----------------------------------
   154|      |    |AND A, 0x3F
      |      |    |  Z80:8cyc R800:2cyc
      |00006C|006C|  E6 3F
------+------+----+----------------------------------
   155|      |    |OR A, 0x40
      |      |    |  Z80:8cyc R800:2cyc
      |00006E|006E|  F6 40
------+------+----+----------------------------------
   156|      |    |OUT [ VDP_PORT1 ], A
      |      |    |  Z80:12cyc R800:10cyc/9cyc
      |000070|0070|  D3 99
------+------+----+----------------------------------
   157|      |    |LOOP :
      |      |    |  label [WRITE_VRAM_BLOCK:LOOP] address: 0x000072
------+------+----+----------------------------------
   158|      |    |LD A, [ HL ]
      |      |    |  Z80:8cyc R800:4cyc
      |000072|0072|  7E
------+------+----+----------------------------------
   159|      |    |INC HL
      |      |    |  Z80:7cyc R800:1cyc
      |000073|0073|  23
------+------+----+----------------------------------
   160|      |    |OUT [ VDP_PORT0 ], A
      |      |    |  Z80:12cyc R800:10cyc/9cyc
      |000074|0074|  D3 98
------+------+----+----------------------------------
   161|      |    |DEC BC
      |      |    |  Z80:7cyc R800:1cyc
      |000076|0076|  0B
------+------+----+----------------------------------
   162|      |    |LD A, C
      |      |    |  Z80:5cyc R800:2cyc
      |000077|0077|  79
------+------+----+----------------------------------
   163|      |    |OR A, B
      |      |    |  Z80:5cyc R800:1cyc
      |000078|0078|  B0
------+------+----+----------------------------------
   164|      |    |JR NZ, LOOP
      |      |    |  Z80:13cyc/8cyc R800:3cyc/2cyc
      |000079|0079|  20 F7
------+------+----+----------------------------------
   165|      |    |RET
      |      |    |  Z80:11cyc R800:5cyc
      |00007B|007B|  C9
------+------+----+----------------------------------
   166|      |    |ENDSCOPE
      |      |    |  Exit scope: WRITE_VRAM_BLOCK:
------+------+----+----------------------------------
   171|      |    |VDP_REGISTERS ::
      |      |    |  global label [VDP_REGISTERS] address: 0x00007c
------+------+----+----------------------------------
   173|      |    |DB 0, 0x00
      |00007C|007C|  00 00
------+------+----+----------------------------------
   174|      |    |DB 1, 0x40
      |00007E|007E|  01 40
------+------+----+----------------------------------
   175|      |    |DB 8, 0x08
      |000080|0080|  08 08
------+------+----+----------------------------------
   176|      |    |DB 9, 0x00
      |000082|0082|  09 00
------+------+----+----------------------------------
   177|      |    |DB 20, 0x00
      |000084|0084|  14 00
------+------+----+----------------------------------
   178|      |    |DB 21, 0x3B
      |000086|0086|  15 3B
------+------+----+----------------------------------
   179|      |    |DB 22, 0x05
      |000088|0088|  16 05
------+------+----+----------------------------------
   181|      |    |DB 2, 0x06
      |00008A|008A|  02 06
------+------+----+----------------------------------
   182|      |    |DB 3, 0x80
      |00008C|008C|  03 80
------+------+----+----------------------------------
   183|      |    |DB 10, 0x00
      |00008E|008E|  0A 00
------+------+----+----------------------------------
   184|      |    |DB 4, 0x00
      |000090|0090|  04 00
------+------+----+----------------------------------
   185|      |    |DB 5, 0x36
      |000092|0092|  05 36
------+------+----+----------------------------------
   186|      |    |DB 11, 0x00
      |000094|0094|  0B 00
------+------+----+----------------------------------
   187|      |    |DB 6, 0x07
      |000096|0096|  06 07
------+------+----+----------------------------------
   189|      |    |DB 7, 0x07
      |000098|0098|  07 07
------+------+----+----------------------------------
   190|      |    |DB 12, 0x07
      |00009A|009A|  0C 07
------+------+----+----------------------------------
   191|      |    |DB 13, 0x07
      |00009C|009C|  0D 07
------+------+----+----------------------------------
   193|      |    |DB 18, 0x00
      |00009E|009E|  12 00
------+------+----+----------------------------------
   194|      |    |DB 19, 0x00
      |0000A0|00A0|  13 00
------+------+----+----------------------------------
   195|      |    |DB 23, 0x00
      |0000A2|00A2|  17 00
------+------+----+----------------------------------
   197|      |    |DB 14, 0x00
      |0000A4|00A4|  0E 00
------+------+----+----------------------------------
   198|      |    |DB 15, 0x00
      |0000A6|00A6|  0F 00
------+------+----+----------------------------------
   199|      |    |DB 16, 0x00
      |0000A8|00A8|  10 00
------+------+----+----------------------------------
   200|      |    |DB 17, 0x1C
      |0000AA|00AA|  11 1C
------+------+----+----------------------------------
   202|      |    |DB 25, 0x00
      |0000AC|00AC|  19 00
------+------+----+----------------------------------
   203|      |    |DB 26, 0x00
      |0000AE|00AE|  1A 00
------+------+----+----------------------------------
   204|      |    |DB 27, 0x00
      |0000B0|00B0|  1B 00
------+------+----+----------------------------------
   206|      |    |DB 255
      |0000B2|00B2|  FF
------+------+----+----------------------------------
   207|      |    |MESSAGE ::
      |      |    |  global label [MESSAGE] address: 0x0000b3
------+------+----+----------------------------------
   208|      |    |DB "FPGA MSXtR TEST"
      |0000B3|00B3|  46 50 47 41 20 4D 53 58
      |0000BB|00BB|  74 52 20 54 45 53 54
------+------+----+----------------------------------
   209|      |    |MESSAGE_END ::
      |      |    |  global label [MESSAGE_END] address: 0x0000c2
------+------+----+----------------------------------
   210|      |    |INCLUDE "zg6x8_font.asm" begin
     1|      |    |FONT_DATA ::
      |      |    |  global label [FONT_DATA] address: 0x0000c2
------+------+----+----------------------------------
     3|      |    |DB 0x00, 0x00, 0x00, 0x00, 0x00, 0x00, 0x00, 0x00
      |0000C2|00C2|  00 00 00 00 00 00 00 00
------+------+----+----------------------------------
     4|      |    |DB 0x00, 0x20, 0x20, 0x20, 0x20, 0x00, 0x20, 0x00
      |0000CA|00CA|  00 20 20 20 20 00 20 00
------+------+----+----------------------------------
     5|      |    |DB 0x00, 0x48, 0x48, 0x00, 0x00, 0x00, 0x00, 0x00
      |0000D2|00D2|  00 48 48 00 00 00 00 00
------+------+----+----------------------------------
     6|      |    |DB 0x00, 0x00, 0x50, 0xF8, 0x50, 0xF8, 0x50, 0x00
      |0000DA|00DA|  00 00 50 F8 50 F8 50 00
------+------+----+----------------------------------
     7|      |    |DB 0x00, 0x20, 0xF8, 0xA0, 0xF8, 0x28, 0xF8, 0x20
      |0000E2|00E2|  00 20 F8 A0 F8 28 F8 20
------+------+----+----------------------------------
     8|      |    |DB 0x00, 0x00, 0xC8, 0xD0, 0x20, 0x58, 0x98, 0x00
      |0000EA|00EA|  00 00 C8 D0 20 58 98 00
------+------+----+----------------------------------
     9|      |    |DB 0x00, 0x40, 0xA0, 0x40, 0xA8, 0x90, 0x68, 0x00
      |0000F2|00F2|  00 40 A0 40 A8 90 68 00
------+------+----+----------------------------------
    10|      |    |DB 0x00, 0x20, 0x40, 0x00, 0x00, 0x00, 0x00, 0x00
      |0000FA|00FA|  00 20 40 00 00 00 00 00
------+------+----+----------------------------------
    11|      |    |DB 0x00, 0x08, 0x10, 0x10, 0x10, 0x10, 0x08, 0x00
      |000102|0102|  00 08 10 10 10 10 08 00
------+------+----+----------------------------------
    12|      |    |DB 0x00, 0x40, 0x20, 0x20, 0x20, 0x20, 0x40, 0x00
      |00010A|010A|  00 40 20 20 20 20 40 00
------+------+----+----------------------------------
    13|      |    |DB 0x00, 0x00, 0x50, 0x20, 0xF8, 0x20, 0x50, 0x00
      |000112|0112|  00 00 50 20 F8 20 50 00
------+------+----+----------------------------------
    14|      |    |DB 0x00, 0x00, 0x20, 0x20, 0xF8, 0x20, 0x20, 0x00
      |00011A|011A|  00 00 20 20 F8 20 20 00
------+------+----+----------------------------------
    15|      |    |DB 0x00, 0x00, 0x00, 0x00, 0x00, 0x20, 0x20, 0x40
      |000122|0122|  00 00 00 00 00 20 20 40
------+------+----+----------------------------------
    16|      |    |DB 0x00, 0x00, 0x00, 0x00, 0xF8, 0x00, 0x00, 0x00
      |00012A|012A|  00 00 00 00 F8 00 00 00
------+------+----+----------------------------------
    17|      |    |DB 0x00, 0x00, 0x00, 0x00, 0x00, 0x60, 0x60, 0x00
      |000132|0132|  00 00 00 00 00 60 60 00
------+------+----+----------------------------------
    18|      |    |DB 0x00, 0x00, 0x08, 0x10, 0x20, 0x40, 0x80, 0x00
      |00013A|013A|  00 00 08 10 20 40 80 00
------+------+----+----------------------------------
    20|      |    |DB 0x00, 0x70, 0x98, 0xA8, 0xA8, 0xC8, 0x70, 0x00
      |000142|0142|  00 70 98 A8 A8 C8 70 00
------+------+----+----------------------------------
    21|      |    |DB 0x00, 0x20, 0x60, 0x20, 0x20, 0x20, 0xF8, 0x00
      |00014A|014A|  00 20 60 20 20 20 F8 00
------+------+----+----------------------------------
    22|      |    |DB 0x00, 0x70, 0x88, 0x08, 0x70, 0x80, 0xF8, 0x00
      |000152|0152|  00 70 88 08 70 80 F8 00
------+------+----+----------------------------------
    23|      |    |DB 0x00, 0x70, 0x88, 0x30, 0x08, 0x88, 0x70, 0x00
      |00015A|015A|  00 70 88 30 08 88 70 00
------+------+----+----------------------------------
    24|      |    |DB 0x00, 0x10, 0x30, 0x50, 0x90, 0xF8, 0x10, 0x00
      |000162|0162|  00 10 30 50 90 F8 10 00
------+------+----+----------------------------------
    25|      |    |DB 0x00, 0xF8, 0x80, 0xF0, 0x08, 0x88, 0x70, 0x00
      |00016A|016A|  00 F8 80 F0 08 88 70 00
------+------+----+----------------------------------
    26|      |    |DB 0x00, 0x70, 0x80, 0xF0, 0x88, 0x88, 0x70, 0x00
      |000172|0172|  00 70 80 F0 88 88 70 00
------+------+----+----------------------------------
    27|      |    |DB 0x00, 0xF8, 0x08, 0x10, 0x20, 0x20, 0x20, 0x00
      |00017A|017A|  00 F8 08 10 20 20 20 00
------+------+----+----------------------------------
    28|      |    |DB 0x00, 0x70, 0x88, 0x70, 0x88, 0x88, 0x70, 0x00
      |000182|0182|  00 70 88 70 88 88 70 00
------+------+----+----------------------------------
    29|      |    |DB 0x00, 0x70, 0x88, 0x88, 0x78, 0x08, 0x70, 0x00
      |00018A|018A|  00 70 88 88 78 08 70 00
------+------+----+----------------------------------
    30|      |    |DB 0x00, 0x00, 0x20, 0x00, 0x00, 0x20, 0x00, 0x00
      |000192|0192|  00 00 20 00 00 20 00 00
------+------+----+----------------------------------
    31|      |    |DB 0x00, 0x00, 0x20, 0x00, 0x00, 0x20, 0x20, 0x40
      |00019A|019A|  00 00 20 00 00 20 20 40
------+------+----+----------------------------------
    32|      |    |DB 0x00, 0x00, 0x10, 0x20, 0x40, 0x20, 0x10, 0x00
      |0001A2|01A2|  00 00 10 20 40 20 10 00
------+------+----+----------------------------------
    33|      |    |DB 0x00, 0x00, 0x00, 0x78, 0x00, 0x78, 0x00, 0x00
      |0001AA|01AA|  00 00 00 78 00 78 00 00
------+------+----+----------------------------------
    34|      |    |DB 0x00, 0x00, 0x20, 0x10, 0x08, 0x10, 0x20, 0x00
      |0001B2|01B2|  00 00 20 10 08 10 20 00
------+------+----+----------------------------------
    35|      |    |DB 0x00, 0x70, 0x88, 0x10, 0x20, 0x00, 0x20, 0x00
      |0001BA|01BA|  00 70 88 10 20 00 20 00
------+------+----+----------------------------------
    37|      |    |DB 0x00, 0x70, 0xA8, 0xA8, 0xB0, 0x80, 0x78, 0x00
      |0001C2|01C2|  00 70 A8 A8 B0 80 78 00
------+------+----+----------------------------------
    38|      |    |DB 0x00, 0x78, 0x88, 0x88, 0xF8, 0x88, 0x88, 0x00
      |0001CA|01CA|  00 78 88 88 F8 88 88 00
------+------+----+----------------------------------
    39|      |    |DB 0x00, 0xF0, 0x88, 0xF0, 0x88, 0x88, 0xF0, 0x00
      |0001D2|01D2|  00 F0 88 F0 88 88 F0 00
------+------+----+----------------------------------
    40|      |    |DB 0x00, 0x70, 0x88, 0x80, 0x80, 0x88, 0x70, 0x00
      |0001DA|01DA|  00 70 88 80 80 88 70 00
------+------+----+----------------------------------
    41|      |    |DB 0x00, 0xE0, 0x90, 0x88, 0x88, 0x88, 0xF0, 0x00
      |0001E2|01E2|  00 E0 90 88 88 88 F0 00
------+------+----+----------------------------------
    42|      |    |DB 0x00, 0xF8, 0x80, 0xF0, 0x80, 0x80, 0xF8, 0x00
      |0001EA|01EA|  00 F8 80 F0 80 80 F8 00
------+------+----+----------------------------------
    43|      |    |DB 0x00, 0xF8, 0x80, 0xF0, 0x80, 0x80, 0x80, 0x00
      |0001F2|01F2|  00 F8 80 F0 80 80 80 00
------+------+----+----------------------------------
    44|      |    |DB 0x00, 0x70, 0x88, 0x80, 0xB8, 0x88, 0x70, 0x00
      |0001FA|01FA|  00 70 88 80 B8 88 70 00
------+------+----+----------------------------------
    45|      |    |DB 0x00, 0x88, 0x88, 0xF8, 0x88, 0x88, 0x88, 0x00
      |000202|0202|  00 88 88 F8 88 88 88 00
------+------+----+----------------------------------
    46|      |    |DB 0x00, 0xF8, 0x20, 0x20, 0x20, 0x20, 0xF8, 0x00
      |00020A|020A|  00 F8 20 20 20 20 F8 00
------+------+----+----------------------------------
    47|      |    |DB 0x00, 0x08, 0x08, 0x08, 0x88, 0x88, 0x70, 0x00
      |000212|0212|  00 08 08 08 88 88 70 00
------+------+----+----------------------------------
    48|      |    |DB 0x00, 0x90, 0xA0, 0xC0, 0xA0, 0x90, 0x88, 0x00
      |00021A|021A|  00 90 A0 C0 A0 90 88 00
------+------+----+----------------------------------
    49|      |    |DB 0x00, 0x80, 0x80, 0x80, 0x80, 0x80, 0xF8, 0x00
      |000222|0222|  00 80 80 80 80 80 F8 00
------+------+----+----------------------------------
    50|      |    |DB 0x00, 0x88, 0xD8, 0xA8, 0xA8, 0x88, 0x88, 0x00
      |00022A|022A|  00 88 D8 A8 A8 88 88 00
------+------+----+----------------------------------
    51|      |    |DB 0x00, 0x88, 0x88, 0xC8, 0xA8, 0x98, 0x88, 0x00
      |000232|0232|  00 88 88 C8 A8 98 88 00
------+------+----+----------------------------------
    52|      |    |DB 0x00, 0x70, 0x88, 0x88, 0x88, 0x88, 0x70, 0x00
      |00023A|023A|  00 70 88 88 88 88 70 00
------+------+----+----------------------------------
    54|      |    |DB 0x00, 0xF0, 0x88, 0x88, 0xF0, 0x80, 0x80, 0x00
      |000242|0242|  00 F0 88 88 F0 80 80 00
------+------+----+----------------------------------
    55|      |    |DB 0x00, 0x70, 0x88, 0x88, 0x88, 0xA8, 0x70, 0x10
      |00024A|024A|  00 70 88 88 88 A8 70 10
------+------+----+----------------------------------
    56|      |    |DB 0x00, 0xF0, 0x88, 0x88, 0xF0, 0x90, 0x88, 0x00
      |000252|0252|  00 F0 88 88 F0 90 88 00
------+------+----+----------------------------------
    57|      |    |DB 0x00, 0x70, 0x80, 0x70, 0x08, 0x88, 0x70, 0x00
      |00025A|025A|  00 70 80 70 08 88 70 00
------+------+----+----------------------------------
    58|      |    |DB 0x00, 0xF8, 0x20, 0x20, 0x20, 0x20, 0x20, 0x00
      |000262|0262|  00 F8 20 20 20 20 20 00
------+------+----+----------------------------------
    59|      |    |DB 0x00, 0x88, 0x88, 0x88, 0x88, 0x88, 0x70, 0x00
      |00026A|026A|  00 88 88 88 88 88 70 00
------+------+----+----------------------------------
    60|      |    |DB 0x00, 0x88, 0x88, 0x88, 0x88, 0x50, 0x20, 0x00
      |000272|0272|  00 88 88 88 88 50 20 00
------+------+----+----------------------------------
    61|      |    |DB 0x00, 0x88, 0x88, 0x88, 0xA8, 0xA8, 0x50, 0x00
      |00027A|027A|  00 88 88 88 A8 A8 50 00
------+------+----+----------------------------------
    62|      |    |DB 0x00, 0x88, 0x50, 0x20, 0x20, 0x50, 0x88, 0x00
      |000282|0282|  00 88 50 20 20 50 88 00
------+------+----+----------------------------------
    63|      |    |DB 0x00, 0x88, 0x88, 0x50, 0x20, 0x20, 0x20, 0x00
      |00028A|028A|  00 88 88 50 20 20 20 00
------+------+----+----------------------------------
    64|      |    |DB 0x00, 0xF8, 0x90, 0x20, 0x40, 0x88, 0xF8, 0x00
      |000292|0292|  00 F8 90 20 40 88 F8 00
------+------+----+----------------------------------
    65|      |    |DB 0x00, 0x70, 0x40, 0x40, 0x40, 0x40, 0x70, 0x00
      |00029A|029A|  00 70 40 40 40 40 70 00
------+------+----+----------------------------------
    66|      |    |DB 0x00, 0x00, 0x80, 0x40, 0x20, 0x10, 0x08, 0x00
      |0002A2|02A2|  00 00 80 40 20 10 08 00
------+------+----+----------------------------------
    67|      |    |DB 0x00, 0x70, 0x10, 0x10, 0x10, 0x10, 0x70, 0x00
      |0002AA|02AA|  00 70 10 10 10 10 70 00
------+------+----+----------------------------------
    68|      |    |DB 0x00, 0x20, 0x50, 0x88, 0x00, 0x00, 0x00, 0x00
      |0002B2|02B2|  00 20 50 88 00 00 00 00
------+------+----+----------------------------------
    69|      |    |DB 0x00, 0x00, 0x00, 0x00, 0x00, 0x00, 0x00, 0xFC
      |0002BA|02BA|  00 00 00 00 00 00 00 FC
------+------+----+----------------------------------
    71|      |    |DB 0x00, 0x40, 0x40, 0x20, 0x00, 0x00, 0x00, 0x00
      |0002C2|02C2|  00 40 40 20 00 00 00 00
------+------+----+----------------------------------
    72|      |    |DB 0x00, 0x00, 0x70, 0x08, 0x78, 0x88, 0x78, 0x00
      |0002CA|02CA|  00 00 70 08 78 88 78 00
------+------+----+----------------------------------
    73|      |    |DB 0x00, 0x80, 0x80, 0xF0, 0x88, 0x88, 0xF0, 0x00
      |0002D2|02D2|  00 80 80 F0 88 88 F0 00
------+------+----+----------------------------------
    74|      |    |DB 0x00, 0x00, 0x70, 0x88, 0x80, 0x80, 0x78, 0x00
      |0002DA|02DA|  00 00 70 88 80 80 78 00
------+------+----+----------------------------------
    75|      |    |DB 0x00, 0x08, 0x08, 0x78, 0x88, 0x88, 0x78, 0x00
      |0002E2|02E2|  00 08 08 78 88 88 78 00
------+------+----+----------------------------------
    76|      |    |DB 0x00, 0x00, 0x70, 0x88, 0xF0, 0x80, 0x78, 0x00
      |0002EA|02EA|  00 00 70 88 F0 80 78 00
------+------+----+----------------------------------
    77|      |    |DB 0x00, 0x18, 0x20, 0x30, 0x20, 0x20, 0x20, 0x00
      |0002F2|02F2|  00 18 20 30 20 20 20 00
------+------+----+----------------------------------
    78|      |    |DB 0x00, 0x00, 0x78, 0x88, 0x88, 0x78, 0x08, 0x70
      |0002FA|02FA|  00 00 78 88 88 78 08 70
------+------+----+----------------------------------
    79|      |    |DB 0x00, 0x80, 0x80, 0xF0, 0x88, 0x88, 0x88, 0x00
      |000302|0302|  00 80 80 F0 88 88 88 00
------+------+----+----------------------------------
    80|      |    |DB 0x00, 0x20, 0x00, 0x60, 0x20, 0x20, 0x70, 0x00
      |00030A|030A|  00 20 00 60 20 20 70 00
------+------+----+----------------------------------
    81|      |    |DB 0x00, 0x08, 0x00, 0x08, 0x08, 0x08, 0x48, 0x30
      |000312|0312|  00 08 00 08 08 08 48 30
------+------+----+----------------------------------
    82|      |    |DB 0x00, 0x40, 0x50, 0x60, 0x60, 0x50, 0x48, 0x00
      |00031A|031A|  00 40 50 60 60 50 48 00
------+------+----+----------------------------------
    83|      |    |DB 0x00, 0x20, 0x20, 0x20, 0x20, 0x20, 0x18, 0x00
      |000322|0322|  00 20 20 20 20 20 18 00
------+------+----+----------------------------------
    84|      |    |DB 0x00, 0x00, 0xD0, 0xA8, 0xA8, 0xA8, 0xA8, 0x00
      |00032A|032A|  00 00 D0 A8 A8 A8 A8 00
------+------+----+----------------------------------
    85|      |    |DB 0x00, 0x00, 0xF0, 0x88, 0x88, 0x88, 0x88, 0x00
      |000332|0332|  00 00 F0 88 88 88 88 00
------+------+----+----------------------------------
    86|      |    |DB 0x00, 0x00, 0x70, 0x88, 0x88, 0x88, 0x70, 0x00
      |00033A|033A|  00 00 70 88 88 88 70 00
------+------+----+----------------------------------
    88|      |    |DB 0x00, 0x00, 0xF0, 0x88, 0x88, 0xF0, 0x80, 0x80
      |000342|0342|  00 00 F0 88 88 F0 80 80
------+------+----+----------------------------------
    89|      |    |DB 0x00, 0x00, 0x70, 0x90, 0x90, 0x70, 0x10, 0x18
      |00034A|034A|  00 00 70 90 90 70 10 18
------+------+----+----------------------------------
    90|      |    |DB 0x00, 0x00, 0x38, 0x40, 0x40, 0x40, 0x40, 0x00
      |000352|0352|  00 00 38 40 40 40 40 00
------+------+----+----------------------------------
    91|      |    |DB 0x00, 0x00, 0x70, 0x80, 0x70, 0x08, 0xF0, 0x00
      |00035A|035A|  00 00 70 80 70 08 F0 00
------+------+----+----------------------------------
    92|      |    |DB 0x00, 0x20, 0x70, 0x20, 0x20, 0x20, 0x18, 0x00
      |000362|0362|  00 20 70 20 20 20 18 00
------+------+----+----------------------------------
    93|      |    |DB 0x00, 0x00, 0x88, 0x88, 0x88, 0x88, 0x70, 0x00
      |00036A|036A|  00 00 88 88 88 88 70 00
------+------+----+----------------------------------
    94|      |    |DB 0x00, 0x00, 0x88, 0x88, 0x50, 0x50, 0x20, 0x00
      |000372|0372|  00 00 88 88 50 50 20 00
------+------+----+----------------------------------
    95|      |    |DB 0x00, 0x00, 0x88, 0xA8, 0xA8, 0xA8, 0x50, 0x00
      |00037A|037A|  00 00 88 A8 A8 A8 50 00
------+------+----+----------------------------------
    96|      |    |DB 0x00, 0x00, 0x88, 0x50, 0x20, 0x50, 0x88, 0x00
      |000382|0382|  00 00 88 50 20 50 88 00
------+------+----+----------------------------------
    97|      |    |DB 0x00, 0x00, 0x88, 0x88, 0x88, 0x78, 0x08, 0x70
      |00038A|038A|  00 00 88 88 88 78 08 70
------+------+----+----------------------------------
    98|      |    |DB 0x00, 0x00, 0xF8, 0x10, 0x20, 0x40, 0xF8, 0x00
      |000392|0392|  00 00 F8 10 20 40 F8 00
------+------+----+----------------------------------
    99|      |    |DB 0x00, 0x38, 0x20, 0xC0, 0x20, 0x20, 0x38, 0x00
      |00039A|039A|  00 38 20 C0 20 20 38 00
------+------+----+----------------------------------
   100|      |    |DB 0x00, 0x20, 0x20, 0x20, 0x20, 0x20, 0x20, 0x00
      |0003A2|03A2|  00 20 20 20 20 20 20 00
------+------+----+----------------------------------
   101|      |    |DB 0x00, 0xE0, 0x20, 0x18, 0x20, 0x20, 0xE0, 0x00
      |0003AA|03AA|  00 E0 20 18 20 20 E0 00
------+------+----+----------------------------------
   102|      |    |DB 0x00, 0x28, 0x50, 0x00, 0x00, 0x00, 0x00, 0x00
      |0003B2|03B2|  00 28 50 00 00 00 00 00
------+------+----+----------------------------------
   103|      |    |DB 0x30, 0x48, 0xB4, 0xC4, 0xC4, 0xB4, 0x48, 0x30
      |0003BA|03BA|  30 48 B4 C4 C4 B4 48 30
------+------+----+----------------------------------
   210|      |    |INCLUDE "zg6x8_font.asm" end
<< label >>
BUTTON .................. 16 ( 0x10 )
FILL_VRAM ............... 83 ( 0x53 )
FILL_VRAM:LOOP .......... 96 ( 0x60 )
FONT_DATA ............... 194 ( 0xc2 )
MAIN .................... 82 ( 0x52 )
MESSAGE ................. 179 ( 0xb3 )
MESSAGE_END ............. 194 ( 0xc2 )
SETUP_VRAM .............. 25 ( 0x19 )
SET_SCREEN1 ............. 4 ( 0x4 )
SET_SCREEN1:EXIT_LOOP ... 25 ( 0x19 )
SET_SCREEN1:LOOP ........ 9 ( 0x9 )
UART .................... 16 ( 0x10 )
VDP_PORT0 ............... 152 ( 0x98 )
VDP_PORT1 ............... 153 ( 0x99 )
VDP_PORT2 ............... 154 ( 0x9a )
VDP_PORT3 ............... 155 ( 0x9b )
VDP_PORT4 ............... 156 ( 0x9c )
VDP_REGISTERS ........... 124 ( 0x7c )
WRITE_VRAM_BLOCK ........ 104 ( 0x68 )
WRITE_VRAM_BLOCK:LOOP ... 114 ( 0x72 )
