Z80 Macro Assembler ZMA v1.0.19
=====================================================
Programmed by t.hara

  DEFS is DEFINE STRING (default).
  OUTPUT TYPE: BINARY

<< code >>
LINE# |OFFSET|ADDR|MNEMONIC
======+======+====+==================================
    35|      |    |UART := 0x10
      |      |    |  Global integer symbol [UART] = 16 (0x10)
------+------+----+----------------------------------
    36|      |    |BUTTON := 0x10
      |      |    |  Global integer symbol [BUTTON] = 16 (0x10)
------+------+----+----------------------------------
    38|      |    |ORG 0x0000
------+------+----+----------------------------------
    42|      |    |DI
      |      |    |  Z80:5cyc R800:2cyc
      |000000|0000|  F3
------+------+----+----------------------------------
    43|      |    |LD SP, 8192
      |      |    |  Z80:11cyc R800:3cyc
      |000001|0001|  31 00 20
------+------+----+----------------------------------
    47|      |    |WAIT_PRESS_BUTTON :
      |      |    |  label [WAIT_PRESS_BUTTON] address: 0x000004
------+------+----+----------------------------------
    48|      |    |IN A, [ BUTTON ]
      |      |    |  Z80:12cyc R800:10cyc/9cyc
      |000004|0004|  DB 10
------+------+----+----------------------------------
    49|      |    |AND A, 1
      |      |    |  Z80:8cyc R800:2cyc
      |000006|0006|  E6 01
------+------+----+----------------------------------
    50|      |    |JR Z, WAIT_PRESS_BUTTON
      |      |    |  Z80:13cyc/8cyc R800:3cyc/2cyc
      |000008|0008|  28 FA
------+------+----+----------------------------------
    51|      |    |WAIT_RELEASE_BUTTON :
      |      |    |  label [WAIT_RELEASE_BUTTON] address: 0x00000a
------+------+----+----------------------------------
    52|      |    |IN A, [ BUTTON ]
      |      |    |  Z80:12cyc R800:10cyc/9cyc
      |00000A|000A|  DB 10
------+------+----+----------------------------------
    53|      |    |AND A, 1
      |      |    |  Z80:8cyc R800:2cyc
      |00000C|000C|  E6 01
------+------+----+----------------------------------
    54|      |    |JR NZ, WAIT_RELEASE_BUTTON
      |      |    |  Z80:13cyc/8cyc R800:3cyc/2cyc
      |00000E|000E|  20 FA
------+------+----+----------------------------------
    59|      |    |LD DE, PROMPT_MESSAGE
      |      |    |  Z80:11cyc R800:3cyc
      |000010|0010|  11 20 00
------+------+----+----------------------------------
    60|      |    |CALL PUTS
      |      |    |  Z80:18cyc R800:5cyc
      |000013|0013|  CD 18 00
------+------+----+----------------------------------
    61|      |    |JR WAIT_PRESS_BUTTON
      |      |    |  Z80:13cyc R800:3cyc
      |000016|0016|  18 EC
------+------+----+----------------------------------
    70|      |    |SCOPE PUTS
      |      |    |  Enter scope: PUTS:
------+------+----+----------------------------------
    71|      |    |PUTS ::
      |      |    |  global label [PUTS] address: 0x000018
------+------+----+----------------------------------
    72|      |    |LD A, [ DE ]
      |      |    |  Z80:8cyc R800:4cyc
      |000018|0018|  1A
------+------+----+----------------------------------
    73|      |    |INC DE
      |      |    |  Z80:7cyc R800:1cyc
      |000019|0019|  13
------+------+----+----------------------------------
    74|      |    |OR A, A
      |      |    |  Z80:5cyc R800:1cyc
      |00001A|001A|  B7
------+------+----+----------------------------------
    75|      |    |RET Z
      |      |    |  Z80:12cyc/6cyc R800:5cyc/1cyc
      |00001B|001B|  C8
------+------+----+----------------------------------
    76|      |    |OUT [ UART ], A
      |      |    |  Z80:12cyc R800:10cyc/9cyc
      |00001C|001C|  D3 10
------+------+----+----------------------------------
    77|      |    |JR PUTS
      |      |    |  Z80:13cyc R800:3cyc
      |00001E|001E|  18 F8
------+------+----+----------------------------------
    78|      |    |ENDSCOPE
      |      |    |  Exit scope: PUTS:
------+------+----+----------------------------------
    83|      |    |PROMPT_MESSAGE :
      |      |    |  label [PROMPT_MESSAGE] address: 0x000020
------+------+----+----------------------------------
    84|      |    |DB "TEST MESSAGE", 0x0D, 0x0A, 0
      |000020|0020|  54 45 53 54 20 4D 45 53
      |000028|0028|  53 41 47 45 0D 0A 00
------+------+----+----------------------------------
<< label >>
BUTTON ................ 16 ( 0x10 )
PROMPT_MESSAGE ........ 32 ( 0x20 )
PUTS .................. 24 ( 0x18 )
UART .................. 16 ( 0x10 )
WAIT_PRESS_BUTTON ..... 4 ( 0x4 )
WAIT_RELEASE_BUTTON ... 10 ( 0xa )
