Z80 Macro Assembler ZMA v1.0.19
=====================================================
Programmed by t.hara

  DEFS is DEFINE STRING (default).
  OUTPUT TYPE: BINARY

<< code >>
LINE# |OFFSET|ADDR|MNEMONIC
======+======+====+==================================
    35|      |    |UART := 0x10
      |      |    |  Global integer symbol [UART] = 16 (0x10)
------+------+----+----------------------------------
    36|      |    |BUTTON := 0x10
      |      |    |  Global integer symbol [BUTTON] = 16 (0x10)
------+------+----+----------------------------------
    38|      |    |ORG 0x0000
------+------+----+----------------------------------
    42|      |    |DI
      |      |    |  Z80:5cyc R800:2cyc
      |000000|0000|  F3
------+------+----+----------------------------------
    43|      |    |LD SP, 8192 - 2
      |      |    |  Z80:11cyc R800:3cyc
      |000001|0001|  31 FE 1F
------+------+----+----------------------------------
    48|      |    |WAIT_PRESS_BUTTON :
      |      |    |  label [WAIT_PRESS_BUTTON] address: 0x000004
------+------+----+----------------------------------
    49|      |    |IN A, [ BUTTON ]
      |      |    |  Z80:12cyc R800:10cyc/9cyc
      |000004|0004|  DB 10
------+------+----+----------------------------------
    50|      |    |AND A, 1
      |      |    |  Z80:8cyc R800:2cyc
      |000006|0006|  E6 01
------+------+----+----------------------------------
    51|      |    |JR Z, WAIT_PRESS_BUTTON
      |      |    |  Z80:13cyc/8cyc R800:3cyc/2cyc
      |000008|0008|  28 FA
------+------+----+----------------------------------
    52|      |    |WAIT_RELEASE_BUTTON :
      |      |    |  label [WAIT_RELEASE_BUTTON] address: 0x00000a
------+------+----+----------------------------------
    53|      |    |IN A, [ BUTTON ]
      |      |    |  Z80:12cyc R800:10cyc/9cyc
      |00000A|000A|  DB 10
------+------+----+----------------------------------
    54|      |    |AND A, 1
      |      |    |  Z80:8cyc R800:2cyc
      |00000C|000C|  E6 01
------+------+----+----------------------------------
    55|      |    |JR NZ, WAIT_RELEASE_BUTTON
      |      |    |  Z80:13cyc/8cyc R800:3cyc/2cyc
      |00000E|000E|  20 FA
------+------+----+----------------------------------
    94|      |    |LD DE, S_Z80_MESSAGE
      |      |    |  Z80:11cyc R800:3cyc
      |000010|0010|  11 7D 00
------+------+----+----------------------------------
    95|      |    |CALL PUTS
      |      |    |  Z80:18cyc R800:5cyc
      |000013|0013|  CD 35 00
------+------+----+----------------------------------
    97|      |    |LD B, 30
      |      |    |  Z80:8cyc R800:2cyc
      |000016|0016|  06 1E
------+------+----+----------------------------------
    98|      |    |LOOP :
      |      |    |  label [LOOP] address: 0x000018
------+------+----+----------------------------------
    99|      |    |LD DE, ASTERISK
      |      |    |  Z80:11cyc R800:3cyc
      |000018|0018|  11 9F 00
------+------+----+----------------------------------
   100|      |    |CALL PUTS
      |      |    |  Z80:18cyc R800:5cyc
      |00001B|001B|  CD 35 00
------+------+----+----------------------------------
   101|      |    |LD HL, 65000
      |      |    |  Z80:11cyc R800:3cyc
      |00001E|001E|  21 E8 FD
------+------+----+----------------------------------
   102|      |    |WAIT_LOOP :
      |      |    |  label [WAIT_LOOP] address: 0x000021
------+------+----+----------------------------------
   103|      |    |NOP
      |      |    |  Z80:5cyc R800:1cyc
      |000021|0021|  00
------+------+----+----------------------------------
   104|      |    |NOP
      |      |    |  Z80:5cyc R800:1cyc
      |000022|0022|  00
------+------+----+----------------------------------
   105|      |    |NOP
      |      |    |  Z80:5cyc R800:1cyc
      |000023|0023|  00
------+------+----+----------------------------------
   106|      |    |NOP
      |      |    |  Z80:5cyc R800:1cyc
      |000024|0024|  00
------+------+----+----------------------------------
   107|      |    |DEC HL
      |      |    |  Z80:7cyc R800:1cyc
      |000025|0025|  2B
------+------+----+----------------------------------
   108|      |    |LD A, L
      |      |    |  Z80:5cyc R800:2cyc
      |000026|0026|  7D
------+------+----+----------------------------------
   109|      |    |OR A, H
      |      |    |  Z80:5cyc R800:1cyc
      |000027|0027|  B4
------+------+----+----------------------------------
   110|      |    |JR NZ, WAIT_LOOP
      |      |    |  Z80:13cyc/8cyc R800:3cyc/2cyc
      |000028|0028|  20 F7
------+------+----+----------------------------------
   111|      |    |DJNZ LOOP
      |      |    |  Z80:14cyc/9cyc R800:3cyc/2cyc
      |00002A|002A|  10 EC
------+------+----+----------------------------------
   112|      |    |LD DE, CRLF
      |      |    |  Z80:11cyc R800:3cyc
      |00002C|002C|  11 A1 00
------+------+----+----------------------------------
   113|      |    |CALL PUTS
      |      |    |  Z80:18cyc R800:5cyc
      |00002F|002F|  CD 35 00
------+------+----+----------------------------------
   114|      |    |JP WAIT_PRESS_BUTTON
      |      |    |  Z80:11cyc R800:5cyc
      |000032|0032|  C3 04 00
------+------+----+----------------------------------
   124|      |    |SCOPE PUTS
      |      |    |  Enter scope: PUTS:
------+------+----+----------------------------------
   125|      |    |PUTS ::
      |      |    |  global label [PUTS] address: 0x000035
------+------+----+----------------------------------
   126|      |    |LD A, [ DE ]
      |      |    |  Z80:8cyc R800:4cyc
      |000035|0035|  1A
------+------+----+----------------------------------
   127|      |    |INC DE
      |      |    |  Z80:7cyc R800:1cyc
      |000036|0036|  13
------+------+----+----------------------------------
   128|      |    |OR A, A
      |      |    |  Z80:5cyc R800:1cyc
      |000037|0037|  B7
------+------+----+----------------------------------
   129|      |    |JP Z, _SKIP
      |      |    |  Z80:11cyc R800:5cyc/3cyc
      |000038|0038|  CA 3F 00
------+------+----+----------------------------------
   130|      |    |OUT [ UART ], A
      |      |    |  Z80:12cyc R800:10cyc/9cyc
      |00003B|003B|  D3 10
------+------+----+----------------------------------
   131|      |    |JR PUTS
      |      |    |  Z80:13cyc R800:3cyc
      |00003D|003D|  18 F6
------+------+----+----------------------------------
   132|      |    |_SKIP :
      |      |    |  label [PUTS:_SKIP] address: 0x00003f
------+------+----+----------------------------------
   133|      |    |RET
      |      |    |  Z80:11cyc R800:5cyc
      |00003F|003F|  C9
------+------+----+----------------------------------
   134|      |    |ENDSCOPE
      |      |    |  Exit scope: PUTS:
------+------+----+----------------------------------
   142|      |    |SCOPE PUT_HEX
      |      |    |  Enter scope: PUT_HEX:
------+------+----+----------------------------------
   143|      |    |PUT_HEX ::
      |      |    |  global label [PUT_HEX] address: 0x000040
------+------+----+----------------------------------
   144|      |    |LD A, H
      |      |    |  Z80:5cyc R800:2cyc
      |000040|0040|  7C
------+------+----+----------------------------------
   145|      |    |RRCA
      |      |    |  Z80:5cyc R800:1cyc
      |000041|0041|  0F
------+------+----+----------------------------------
   146|      |    |RRCA
      |      |    |  Z80:5cyc R800:1cyc
      |000042|0042|  0F
------+------+----+----------------------------------
   147|      |    |RRCA
      |      |    |  Z80:5cyc R800:1cyc
      |000043|0043|  0F
------+------+----+----------------------------------
   148|      |    |RRCA
      |      |    |  Z80:5cyc R800:1cyc
      |000044|0044|  0F
------+------+----+----------------------------------
   149|      |    |AND A, 0x0F
      |      |    |  Z80:8cyc R800:2cyc
      |000045|0045|  E6 0F
------+------+----+----------------------------------
   150|      |    |ADD A, '0'
      |      |    |  Z80:8cyc R800:2cyc
      |000047|0047|  C6 30
------+------+----+----------------------------------
   151|      |    |CP A, '9' + 1
      |      |    |  Z80:8cyc R800:2cyc
      |000049|0049|  FE 3A
------+------+----+----------------------------------
   152|      |    |JR C, SKIP1
      |      |    |  Z80:13cyc/8cyc R800:3cyc/2cyc
      |00004B|004B|  38 02
------+------+----+----------------------------------
   153|      |    |ADD A, 'A' - '0' - 10
      |      |    |  Z80:8cyc R800:2cyc
      |00004D|004D|  C6 07
------+------+----+----------------------------------
   154|      |    |SKIP1 :
      |      |    |  label [PUT_HEX:SKIP1] address: 0x00004f
------+------+----+----------------------------------
   155|      |    |OUT [ UART ], A
      |      |    |  Z80:12cyc R800:10cyc/9cyc
      |00004F|004F|  D3 10
------+------+----+----------------------------------
   157|      |    |LD A, H
      |      |    |  Z80:5cyc R800:2cyc
      |000051|0051|  7C
------+------+----+----------------------------------
   158|      |    |AND A, 0x0F
      |      |    |  Z80:8cyc R800:2cyc
      |000052|0052|  E6 0F
------+------+----+----------------------------------
   159|      |    |ADD A, '0'
      |      |    |  Z80:8cyc R800:2cyc
      |000054|0054|  C6 30
------+------+----+----------------------------------
   160|      |    |CP A, '9' + 1
      |      |    |  Z80:8cyc R800:2cyc
      |000056|0056|  FE 3A
------+------+----+----------------------------------
   161|      |    |JR C, SKIP2
      |      |    |  Z80:13cyc/8cyc R800:3cyc/2cyc
      |000058|0058|  38 02
------+------+----+----------------------------------
   162|      |    |ADD A, 'A' - '0' - 10
      |      |    |  Z80:8cyc R800:2cyc
      |00005A|005A|  C6 07
------+------+----+----------------------------------
   163|      |    |SKIP2 :
      |      |    |  label [PUT_HEX:SKIP2] address: 0x00005c
------+------+----+----------------------------------
   164|      |    |OUT [ UART ], A
      |      |    |  Z80:12cyc R800:10cyc/9cyc
      |00005C|005C|  D3 10
------+------+----+----------------------------------
   166|      |    |LD A, L
      |      |    |  Z80:5cyc R800:2cyc
      |00005E|005E|  7D
------+------+----+----------------------------------
   167|      |    |RRCA
      |      |    |  Z80:5cyc R800:1cyc
      |00005F|005F|  0F
------+------+----+----------------------------------
   168|      |    |RRCA
      |      |    |  Z80:5cyc R800:1cyc
      |000060|0060|  0F
------+------+----+----------------------------------
   169|      |    |RRCA
      |      |    |  Z80:5cyc R800:1cyc
      |000061|0061|  0F
------+------+----+----------------------------------
   170|      |    |RRCA
      |      |    |  Z80:5cyc R800:1cyc
      |000062|0062|  0F
------+------+----+----------------------------------
   171|      |    |AND A, 0x0F
      |      |    |  Z80:8cyc R800:2cyc
      |000063|0063|  E6 0F
------+------+----+----------------------------------
   172|      |    |ADD A, '0'
      |      |    |  Z80:8cyc R800:2cyc
      |000065|0065|  C6 30
------+------+----+----------------------------------
   173|      |    |CP A, '9' + 1
      |      |    |  Z80:8cyc R800:2cyc
      |000067|0067|  FE 3A
------+------+----+----------------------------------
   174|      |    |JR C, SKIP3
      |      |    |  Z80:13cyc/8cyc R800:3cyc/2cyc
      |000069|0069|  38 02
------+------+----+----------------------------------
   175|      |    |ADD A, 'A' - '0' - 10
      |      |    |  Z80:8cyc R800:2cyc
      |00006B|006B|  C6 07
------+------+----+----------------------------------
   176|      |    |SKIP3 :
      |      |    |  label [PUT_HEX:SKIP3] address: 0x00006d
------+------+----+----------------------------------
   177|      |    |OUT [ UART ], A
      |      |    |  Z80:12cyc R800:10cyc/9cyc
      |00006D|006D|  D3 10
------+------+----+----------------------------------
   179|      |    |LD A, L
      |      |    |  Z80:5cyc R800:2cyc
      |00006F|006F|  7D
------+------+----+----------------------------------
   180|      |    |AND A, 0x0F
      |      |    |  Z80:8cyc R800:2cyc
      |000070|0070|  E6 0F
------+------+----+----------------------------------
   181|      |    |ADD A, '0'
      |      |    |  Z80:8cyc R800:2cyc
      |000072|0072|  C6 30
------+------+----+----------------------------------
   182|      |    |CP A, '9' + 1
      |      |    |  Z80:8cyc R800:2cyc
      |000074|0074|  FE 3A
------+------+----+----------------------------------
   183|      |    |JR C, SKIP4
      |      |    |  Z80:13cyc/8cyc R800:3cyc/2cyc
      |000076|0076|  38 02
------+------+----+----------------------------------
   184|      |    |ADD A, 'A' - '0' - 10
      |      |    |  Z80:8cyc R800:2cyc
      |000078|0078|  C6 07
------+------+----+----------------------------------
   185|      |    |SKIP4 :
      |      |    |  label [PUT_HEX:SKIP4] address: 0x00007a
------+------+----+----------------------------------
   186|      |    |OUT [ UART ], A
      |      |    |  Z80:12cyc R800:10cyc/9cyc
      |00007A|007A|  D3 10
------+------+----+----------------------------------
   187|      |    |RET
      |      |    |  Z80:11cyc R800:5cyc
      |00007C|007C|  C9
------+------+----+----------------------------------
   188|      |    |ENDSCOPE
      |      |    |  Exit scope: PUT_HEX:
------+------+----+----------------------------------
   193|      |    |S_Z80_MESSAGE :
      |      |    |  label [S_Z80_MESSAGE] address: 0x00007d
------+------+----+----------------------------------
   194|      |    |DB "Hello, world!! I\'m cz80, yeah!!", 0x0D, 0x0A, 0
      |00007D|007D|  48 65 6C 6C 6F 2C 20 77
      |000085|0085|  6F 72 6C 64 21 21 20 49
      |00008D|008D|  27 6D 20 63 7A 38 30 2C
      |000095|0095|  20 79 65 61 68 21 21 0D
      |00009D|009D|  0A 00
------+------+----+----------------------------------
   195|      |    |ASTERISK :
      |      |    |  label [ASTERISK] address: 0x00009f
------+------+----+----------------------------------
   196|      |    |DB "*", 0
      |00009F|009F|  2A 00
------+------+----+----------------------------------
   197|      |    |CRLF :
      |      |    |  label [CRLF] address: 0x0000a1
------+------+----+----------------------------------
   198|      |    |DB 0x0D, 0x0A, 0
      |0000A1|00A1|  0D 0A 00
------+------+----+----------------------------------
   199|      |    |S_OK :
      |      |    |  label [S_OK] address: 0x0000a4
------+------+----+----------------------------------
   200|      |    |DB "-OK", 0x0D, 0x0A, 0
      |0000A4|00A4|  2D 4F 4B 0D 0A 00
------+------+----+----------------------------------
   201|      |    |S_FAIL :
      |      |    |  label [S_FAIL] address: 0x0000aa
------+------+----+----------------------------------
   202|      |    |DB "-FAILED", 0x0D, 0x0A, 0
      |0000AA|00AA|  2D 46 41 49 4C 45 44 0D
      |0000B2|00B2|  0A 00
------+------+----+----------------------------------
<< label >>
ASTERISK .............. 159 ( 0x9f )
BUTTON ................ 16 ( 0x10 )
CRLF .................. 161 ( 0xa1 )
LOOP .................. 24 ( 0x18 )
PUTS .................. 53 ( 0x35 )
PUTS:_SKIP ............ 63 ( 0x3f )
PUT_HEX ............... 64 ( 0x40 )
PUT_HEX:SKIP1 ......... 79 ( 0x4f )
PUT_HEX:SKIP2 ......... 92 ( 0x5c )
PUT_HEX:SKIP3 ......... 109 ( 0x6d )
PUT_HEX:SKIP4 ......... 122 ( 0x7a )
S_FAIL ................ 170 ( 0xaa )
S_OK .................. 164 ( 0xa4 )
S_Z80_MESSAGE ......... 125 ( 0x7d )
UART .................. 16 ( 0x10 )
WAIT_LOOP ............. 33 ( 0x21 )
WAIT_PRESS_BUTTON ..... 4 ( 0x4 )
WAIT_RELEASE_BUTTON ... 10 ( 0xa )
