GowinSynthesis start
Running parser ...
Analyzing Verilog file 'C:\Users\hra\Documents\github\HRA_product\FPGA_MSXtR\labo\FPGA_MSXtR_VDP_002\src\FPGA_MSXtR.v'
WARN  (EX2830) : Data object 'w_bus_uart_rdata' is already declared("C:\Users\hra\Documents\github\HRA_product\FPGA_MSXtR\labo\FPGA_MSXtR_VDP_002\src\FPGA_MSXtR.v":106)
Previous declaration of 'w_bus_uart_rdata' is from here("C:\Users\hra\Documents\github\HRA_product\FPGA_MSXtR\labo\FPGA_MSXtR_VDP_002\src\FPGA_MSXtR.v":78)
WARN  (EX3671) : Second declaration of 'w_bus_uart_rdata' is ignored("C:\Users\hra\Documents\github\HRA_product\FPGA_MSXtR\labo\FPGA_MSXtR_VDP_002\src\FPGA_MSXtR.v":106)
WARN  (EX2830) : Data object 'w_bus_uart_rdata_en' is already declared("C:\Users\hra\Documents\github\HRA_product\FPGA_MSXtR\labo\FPGA_MSXtR_VDP_002\src\FPGA_MSXtR.v":107)
Previous declaration of 'w_bus_uart_rdata_en' is from here("C:\Users\hra\Documents\github\HRA_product\FPGA_MSXtR\labo\FPGA_MSXtR_VDP_002\src\FPGA_MSXtR.v":79)
WARN  (EX3671) : Second declaration of 'w_bus_uart_rdata_en' is ignored("C:\Users\hra\Documents\github\HRA_product\FPGA_MSXtR\labo\FPGA_MSXtR_VDP_002\src\FPGA_MSXtR.v":107)
WARN  (EX2830) : Data object 'w_bus_uart_ready' is already declared("C:\Users\hra\Documents\github\HRA_product\FPGA_MSXtR\labo\FPGA_MSXtR_VDP_002\src\FPGA_MSXtR.v":108)
Previous declaration of 'w_bus_uart_ready' is from here("C:\Users\hra\Documents\github\HRA_product\FPGA_MSXtR\labo\FPGA_MSXtR_VDP_002\src\FPGA_MSXtR.v":80)
WARN  (EX3671) : Second declaration of 'w_bus_uart_ready' is ignored("C:\Users\hra\Documents\github\HRA_product\FPGA_MSXtR\labo\FPGA_MSXtR_VDP_002\src\FPGA_MSXtR.v":108)
Undeclared symbol 'w_bus_vdp_cs', assumed default net type 'wire'("C:\Users\hra\Documents\github\HRA_product\FPGA_MSXtR\labo\FPGA_MSXtR_VDP_002\src\FPGA_MSXtR.v":257)
Undeclared symbol 'reset_n', assumed default net type 'wire'("C:\Users\hra\Documents\github\HRA_product\FPGA_MSXtR\labo\FPGA_MSXtR_VDP_002\src\FPGA_MSXtR.v":313)
Undeclared symbol 'reset_n2', assumed default net type 'wire'("C:\Users\hra\Documents\github\HRA_product\FPGA_MSXtR\labo\FPGA_MSXtR_VDP_002\src\FPGA_MSXtR.v":357)
Undeclared symbol 'clk215m', assumed default net type 'wire'("C:\Users\hra\Documents\github\HRA_product\FPGA_MSXtR\labo\FPGA_MSXtR_VDP_002\src\FPGA_MSXtR.v":358)
Undeclared symbol 'tmds_clk_p', assumed default net type 'wire'("C:\Users\hra\Documents\github\HRA_product\FPGA_MSXtR\labo\FPGA_MSXtR_VDP_002\src\FPGA_MSXtR.v":366)
Undeclared symbol 'tmds_clk_n', assumed default net type 'wire'("C:\Users\hra\Documents\github\HRA_product\FPGA_MSXtR\labo\FPGA_MSXtR_VDP_002\src\FPGA_MSXtR.v":367)
Undeclared symbol 'tmds_d_p', assumed default net type 'wire'("C:\Users\hra\Documents\github\HRA_product\FPGA_MSXtR\labo\FPGA_MSXtR_VDP_002\src\FPGA_MSXtR.v":368)
Undeclared symbol 'tmds_d_n', assumed default net type 'wire'("C:\Users\hra\Documents\github\HRA_product\FPGA_MSXtR\labo\FPGA_MSXtR_VDP_002\src\FPGA_MSXtR.v":369)
Undeclared symbol 'ff_reset_n', assumed default net type 'wire'("C:\Users\hra\Documents\github\HRA_product\FPGA_MSXtR\labo\FPGA_MSXtR_VDP_002\src\FPGA_MSXtR.v":376)
Undeclared symbol 'w_sdram_bus_valid', assumed default net type 'wire'("C:\Users\hra\Documents\github\HRA_product\FPGA_MSXtR\labo\FPGA_MSXtR_VDP_002\src\FPGA_MSXtR.v":381)
Undeclared symbol 'w_sdram_bus_write', assumed default net type 'wire'("C:\Users\hra\Documents\github\HRA_product\FPGA_MSXtR\labo\FPGA_MSXtR_VDP_002\src\FPGA_MSXtR.v":382)
Undeclared symbol 'w_sdram_bus_refresh', assumed default net type 'wire'("C:\Users\hra\Documents\github\HRA_product\FPGA_MSXtR\labo\FPGA_MSXtR_VDP_002\src\FPGA_MSXtR.v":383)
Undeclared symbol 'w_sdram_bus_wdata', assumed default net type 'wire'("C:\Users\hra\Documents\github\HRA_product\FPGA_MSXtR\labo\FPGA_MSXtR_VDP_002\src\FPGA_MSXtR.v":384)
Undeclared symbol 'w_sdram_bus_wdata_mask', assumed default net type 'wire'("C:\Users\hra\Documents\github\HRA_product\FPGA_MSXtR\labo\FPGA_MSXtR_VDP_002\src\FPGA_MSXtR.v":385)
Undeclared symbol 'w_sdram_bus_rdata', assumed default net type 'wire'("C:\Users\hra\Documents\github\HRA_product\FPGA_MSXtR\labo\FPGA_MSXtR_VDP_002\src\FPGA_MSXtR.v":386)
Undeclared symbol 'w_sdram_q_en', assumed default net type 'wire'("C:\Users\hra\Documents\github\HRA_product\FPGA_MSXtR\labo\FPGA_MSXtR_VDP_002\src\FPGA_MSXtR.v":387)
Analyzing Verilog file 'C:\Users\hra\Documents\github\HRA_product\FPGA_MSXtR\labo\FPGA_MSXtR_VDP_002\src\bootrom\bootrom.v'
Analyzing Verilog file 'C:\Users\hra\Documents\github\HRA_product\FPGA_MSXtR\labo\FPGA_MSXtR_VDP_002\src\bootrom\rom.v'
Analyzing included file 'C:\Users\hra\Documents\github\HRA_product\FPGA_MSXtR\labo\FPGA_MSXtR_VDP_002\src\bootrom\bootrom.vh'("C:\Users\hra\Documents\github\HRA_product\FPGA_MSXtR\labo\FPGA_MSXtR_VDP_002\src\bootrom\rom.v":55)
Back to file 'C:\Users\hra\Documents\github\HRA_product\FPGA_MSXtR\labo\FPGA_MSXtR_VDP_002\src\bootrom\rom.v'("C:\Users\hra\Documents\github\HRA_product\FPGA_MSXtR\labo\FPGA_MSXtR_VDP_002\src\bootrom\rom.v":55)
Analyzing Verilog file 'C:\Users\hra\Documents\github\HRA_product\FPGA_MSXtR\labo\FPGA_MSXtR_VDP_002\src\cz80\cz80.v'
Analyzing Verilog file 'C:\Users\hra\Documents\github\HRA_product\FPGA_MSXtR\labo\FPGA_MSXtR_VDP_002\src\cz80\cz80_alu.v'
Analyzing Verilog file 'C:\Users\hra\Documents\github\HRA_product\FPGA_MSXtR\labo\FPGA_MSXtR_VDP_002\src\cz80\cz80_inst.v'
Analyzing Verilog file 'C:\Users\hra\Documents\github\HRA_product\FPGA_MSXtR\labo\FPGA_MSXtR_VDP_002\src\cz80\cz80_mcode.v'
Analyzing Verilog file 'C:\Users\hra\Documents\github\HRA_product\FPGA_MSXtR\labo\FPGA_MSXtR_VDP_002\src\cz80\cz80_reg.v'
Analyzing Verilog file 'C:\Users\hra\Documents\github\HRA_product\FPGA_MSXtR\labo\FPGA_MSXtR_VDP_002\src\gowin_rpll\gowin_rpll.v'
Analyzing Verilog file 'C:\Users\hra\Documents\github\HRA_product\FPGA_MSXtR\labo\FPGA_MSXtR_VDP_002\src\gowin_rpll\gowin_rpll2.v'
Analyzing Verilog file 'C:\Users\hra\Documents\github\HRA_product\FPGA_MSXtR\labo\FPGA_MSXtR_VDP_002\src\gowin_rpll\gowin_rpll3.v'
Analyzing Verilog file 'C:\Users\hra\Documents\github\HRA_product\FPGA_MSXtR\labo\FPGA_MSXtR_VDP_002\src\gowin_sp\gowin_sp.v'
Analyzing Verilog file 'C:\Users\hra\Documents\github\HRA_product\FPGA_MSXtR\labo\FPGA_MSXtR_VDP_002\src\s2026a\s2026a.v'
Undeclared symbol 'kanji1_en', assumed default net type 'wire'("C:\Users\hra\Documents\github\HRA_product\FPGA_MSXtR\labo\FPGA_MSXtR_VDP_002\src\s2026a\s2026a.v":254)
Undeclared symbol 'kanji2_en', assumed default net type 'wire'("C:\Users\hra\Documents\github\HRA_product\FPGA_MSXtR\labo\FPGA_MSXtR_VDP_002\src\s2026a\s2026a.v":255)
Analyzing Verilog file 'C:\Users\hra\Documents\github\HRA_product\FPGA_MSXtR\labo\FPGA_MSXtR_VDP_002\src\s2026a\s2026a_cpu_select.v'
Analyzing Verilog file 'C:\Users\hra\Documents\github\HRA_product\FPGA_MSXtR\labo\FPGA_MSXtR_VDP_002\src\uart\ip_uart.v'
Analyzing Verilog file 'C:\Users\hra\Documents\github\HRA_product\FPGA_MSXtR\labo\FPGA_MSXtR_VDP_002\src\uart\uart.v'
Analyzing Verilog file 'C:\Users\hra\Documents\github\HRA_product\FPGA_MSXtR\labo\FPGA_MSXtR_VDP_002\src\v9968\vdp.v'
Undeclared symbol 'w_vram_interleave', assumed default net type 'wire'("C:\Users\hra\Documents\github\HRA_product\FPGA_MSXtR\labo\FPGA_MSXtR_VDP_002\src\v9968\vdp.v":343)
Analyzing Verilog file 'C:\Users\hra\Documents\github\HRA_product\FPGA_MSXtR\labo\FPGA_MSXtR_VDP_002\src\v9968\vdp_color_palette.v'
Analyzing Verilog file 'C:\Users\hra\Documents\github\HRA_product\FPGA_MSXtR\labo\FPGA_MSXtR_VDP_002\src\v9968\vdp_color_palette_ram.v'
Analyzing Verilog file 'C:\Users\hra\Documents\github\HRA_product\FPGA_MSXtR\labo\FPGA_MSXtR_VDP_002\src\v9968\vdp_command.v'
Analyzing Verilog file 'C:\Users\hra\Documents\github\HRA_product\FPGA_MSXtR\labo\FPGA_MSXtR_VDP_002\src\v9968\vdp_cpu_interface.v'
Analyzing Verilog file 'C:\Users\hra\Documents\github\HRA_product\FPGA_MSXtR\labo\FPGA_MSXtR_VDP_002\src\v9968\vdp_sprite_info_collect.v'
Analyzing Verilog file 'C:\Users\hra\Documents\github\HRA_product\FPGA_MSXtR\labo\FPGA_MSXtR_VDP_002\src\v9968\vdp_sprite_makeup_pixel.v'
Analyzing Verilog file 'C:\Users\hra\Documents\github\HRA_product\FPGA_MSXtR\labo\FPGA_MSXtR_VDP_002\src\v9968\vdp_sprite_select_visible_planes.v'
Analyzing Verilog file 'C:\Users\hra\Documents\github\HRA_product\FPGA_MSXtR\labo\FPGA_MSXtR_VDP_002\src\v9968\vdp_timing_control.v'
Analyzing Verilog file 'C:\Users\hra\Documents\github\HRA_product\FPGA_MSXtR\labo\FPGA_MSXtR_VDP_002\src\v9968\vdp_timing_control_screen_mode.v'
Analyzing Verilog file 'C:\Users\hra\Documents\github\HRA_product\FPGA_MSXtR\labo\FPGA_MSXtR_VDP_002\src\v9968\vdp_timing_control_sprite.v'
Analyzing Verilog file 'C:\Users\hra\Documents\github\HRA_product\FPGA_MSXtR\labo\FPGA_MSXtR_VDP_002\src\v9968\vdp_timing_control_ssg.v'
Undeclared symbol 'dot_phase', assumed default net type 'wire'("C:\Users\hra\Documents\github\HRA_product\FPGA_MSXtR\labo\FPGA_MSXtR_VDP_002\src\v9968\vdp_timing_control_ssg.v":422)
Analyzing Verilog file 'C:\Users\hra\Documents\github\HRA_product\FPGA_MSXtR\labo\FPGA_MSXtR_VDP_002\src\v9968\vdp_upscan.v'
Analyzing Verilog file 'C:\Users\hra\Documents\github\HRA_product\FPGA_MSXtR\labo\FPGA_MSXtR_VDP_002\src\v9968\vdp_upscan_line_buffer.v'
Analyzing Verilog file 'C:\Users\hra\Documents\github\HRA_product\FPGA_MSXtR\labo\FPGA_MSXtR_VDP_002\src\v9968\vdp_video_double_buffer.v'
Analyzing Verilog file 'C:\Users\hra\Documents\github\HRA_product\FPGA_MSXtR\labo\FPGA_MSXtR_VDP_002\src\v9968\vdp_video_out.v'
Undeclared symbol 'w_display_en', assumed default net type 'wire'("C:\Users\hra\Documents\github\HRA_product\FPGA_MSXtR\labo\FPGA_MSXtR_VDP_002\src\v9968\vdp_video_out.v":380)
Analyzing Verilog file 'C:\Users\hra\Documents\github\HRA_product\FPGA_MSXtR\labo\FPGA_MSXtR_VDP_002\src\v9968\vdp_video_out_bilinear.v'
Analyzing Verilog file 'C:\Users\hra\Documents\github\HRA_product\FPGA_MSXtR\labo\FPGA_MSXtR_VDP_002\src\v9968\vdp_video_ram_line_buffer.v'
Analyzing Verilog file 'C:\Users\hra\Documents\github\HRA_product\FPGA_MSXtR\labo\FPGA_MSXtR_VDP_002\src\v9968\vdp_vram_interface.v'
Analyzing Verilog file 'C:\Users\hra\Documents\github\HRA_product\FPGA_MSXtR\labo\FPGA_MSXtR_VDP_002\src\v9968\vdp_command_cache.v'
Analyzing Verilog file 'C:\Users\hra\Documents\github\HRA_product\FPGA_MSXtR\labo\FPGA_MSXtR_VDP_002\src\v9968\vdp_sprite_divide_table.v'
Analyzing Verilog file 'C:\Users\hra\Documents\github\HRA_product\FPGA_MSXtR\labo\FPGA_MSXtR_VDP_002\src\dvi_tx\dvi_tx.v'
Analyzing Verilog file 'C:\Users\hra\Documents\github\HRA_product\FPGA_MSXtR\labo\FPGA_MSXtR_VDP_002\src\ws2812_led\ip_ws2812_led.v'
Analyzing Verilog file 'C:\Users\hra\Documents\github\HRA_product\FPGA_MSXtR\labo\FPGA_MSXtR_VDP_002\src\debugger\ip_debugger.v'
Analyzing Verilog file 'C:\Users\hra\Documents\github\HRA_product\FPGA_MSXtR\labo\FPGA_MSXtR_VDP_002\src\sdram\ip_sdram_tangnano20k_c.v'
Compiling module 'fpga_msxtr'("C:\Users\hra\Documents\github\HRA_product\FPGA_MSXtR\labo\FPGA_MSXtR_VDP_002\src\FPGA_MSXtR.v":24)
Compiling module 'Gowin_rPLL'("C:\Users\hra\Documents\github\HRA_product\FPGA_MSXtR\labo\FPGA_MSXtR_VDP_002\src\gowin_rpll\gowin_rpll.v":10)
Compiling module 'Gowin_rPLL2'("C:\Users\hra\Documents\github\HRA_product\FPGA_MSXtR\labo\FPGA_MSXtR_VDP_002\src\gowin_rpll\gowin_rpll2.v":9)
Compiling module 'Gowin_rPLL3'("C:\Users\hra\Documents\github\HRA_product\FPGA_MSXtR\labo\FPGA_MSXtR_VDP_002\src\gowin_rpll\gowin_rpll3.v":9)
Compiling module 'cz80_inst'("C:\Users\hra\Documents\github\HRA_product\FPGA_MSXtR\labo\FPGA_MSXtR_VDP_002\src\cz80\cz80_inst.v":63)
Compiling module 'cz80'("C:\Users\hra\Documents\github\HRA_product\FPGA_MSXtR\labo\FPGA_MSXtR_VDP_002\src\cz80\cz80.v":63)
Compiling module 'cz80_mcode'("C:\Users\hra\Documents\github\HRA_product\FPGA_MSXtR\labo\FPGA_MSXtR_VDP_002\src\cz80\cz80_mcode.v":63)
Compiling module 'cz80_alu'("C:\Users\hra\Documents\github\HRA_product\FPGA_MSXtR\labo\FPGA_MSXtR_VDP_002\src\cz80\cz80_alu.v":63)
WARN  (EX3791) : Expression size 17 truncated to fit in target size 16("C:\Users\hra\Documents\github\HRA_product\FPGA_MSXtR\labo\FPGA_MSXtR_VDP_002\src\cz80\cz80.v":382)
WARN  (EX3791) : Expression size 17 truncated to fit in target size 16("C:\Users\hra\Documents\github\HRA_product\FPGA_MSXtR\labo\FPGA_MSXtR_VDP_002\src\cz80\cz80.v":528)
WARN  (EX3791) : Expression size 32 truncated to fit in target size 16("C:\Users\hra\Documents\github\HRA_product\FPGA_MSXtR\labo\FPGA_MSXtR_VDP_002\src\cz80\cz80.v":531)
WARN  (EX3791) : Expression size 32 truncated to fit in target size 16("C:\Users\hra\Documents\github\HRA_product\FPGA_MSXtR\labo\FPGA_MSXtR_VDP_002\src\cz80\cz80.v":544)
WARN  (EX3791) : Expression size 17 truncated to fit in target size 16("C:\Users\hra\Documents\github\HRA_product\FPGA_MSXtR\labo\FPGA_MSXtR_VDP_002\src\cz80\cz80.v":547)
Compiling module 'cz80_registers'("C:\Users\hra\Documents\github\HRA_product\FPGA_MSXtR\labo\FPGA_MSXtR_VDP_002\src\cz80\cz80_reg.v":55)
WARN  (EX3791) : Expression size 4 truncated to fit in target size 3("C:\Users\hra\Documents\github\HRA_product\FPGA_MSXtR\labo\FPGA_MSXtR_VDP_002\src\cz80\cz80.v":1011)
Compiling module 's2026a'("C:\Users\hra\Documents\github\HRA_product\FPGA_MSXtR\labo\FPGA_MSXtR_VDP_002\src\s2026a\s2026a.v":34)
Compiling module 's2026a_cpu_select'("C:\Users\hra\Documents\github\HRA_product\FPGA_MSXtR\labo\FPGA_MSXtR_VDP_002\src\s2026a\s2026a_cpu_select.v":34)
WARN  (EX1998) : Net 'ff_vdp_cs' does not have a driver("C:\Users\hra\Documents\github\HRA_product\FPGA_MSXtR\labo\FPGA_MSXtR_VDP_002\src\s2026a\s2026a.v":86)
Compiling module 'bootrom'("C:\Users\hra\Documents\github\HRA_product\FPGA_MSXtR\labo\FPGA_MSXtR_VDP_002\src\bootrom\bootrom.v":34)
Compiling module 'rom'("C:\Users\hra\Documents\github\HRA_product\FPGA_MSXtR\labo\FPGA_MSXtR_VDP_002\src\bootrom\rom.v":34)
Compiling module 'Gowin_SP'("C:\Users\hra\Documents\github\HRA_product\FPGA_MSXtR\labo\FPGA_MSXtR_VDP_002\src\gowin_sp\gowin_sp.v":9)
Compiling module 'uart'("C:\Users\hra\Documents\github\HRA_product\FPGA_MSXtR\labo\FPGA_MSXtR_VDP_002\src\uart\uart.v":27)
Compiling module 'ip_uart'("C:\Users\hra\Documents\github\HRA_product\FPGA_MSXtR\labo\FPGA_MSXtR_VDP_002\src\uart\ip_uart.v":27)
WARN  (EX3791) : Expression size 32 truncated to fit in target size 10("C:\Users\hra\Documents\github\HRA_product\FPGA_MSXtR\labo\FPGA_MSXtR_VDP_002\src\uart\ip_uart.v":69)
Compiling module 'vdp'("C:\Users\hra\Documents\github\HRA_product\FPGA_MSXtR\labo\FPGA_MSXtR_VDP_002\src\v9968\vdp.v":58)
Compiling module 'vdp_cpu_interface'("C:\Users\hra\Documents\github\HRA_product\FPGA_MSXtR\labo\FPGA_MSXtR_VDP_002\src\v9968\vdp_cpu_interface.v":58)
Compiling module 'vdp_timing_control'("C:\Users\hra\Documents\github\HRA_product\FPGA_MSXtR\labo\FPGA_MSXtR_VDP_002\src\v9968\vdp_timing_control.v":57)
Compiling module 'vdp_timing_control_ssg'("C:\Users\hra\Documents\github\HRA_product\FPGA_MSXtR\labo\FPGA_MSXtR_VDP_002\src\v9968\vdp_timing_control_ssg.v":58)
Compiling module 'vdp_timing_control_screen_mode'("C:\Users\hra\Documents\github\HRA_product\FPGA_MSXtR\labo\FPGA_MSXtR_VDP_002\src\v9968\vdp_timing_control_screen_mode.v":58)
Compiling module 'vdp_timing_control_sprite'("C:\Users\hra\Documents\github\HRA_product\FPGA_MSXtR\labo\FPGA_MSXtR_VDP_002\src\v9968\vdp_timing_control_sprite.v":58)
Compiling module 'vdp_sprite_select_visible_planes'("C:\Users\hra\Documents\github\HRA_product\FPGA_MSXtR\labo\FPGA_MSXtR_VDP_002\src\v9968\vdp_sprite_select_visible_planes.v":58)
Compiling module 'vdp_sprite_info_collect'("C:\Users\hra\Documents\github\HRA_product\FPGA_MSXtR\labo\FPGA_MSXtR_VDP_002\src\v9968\vdp_sprite_info_collect.v":58)
Compiling module 'vdp_sprite_makeup_pixel'("C:\Users\hra\Documents\github\HRA_product\FPGA_MSXtR\labo\FPGA_MSXtR_VDP_002\src\v9968\vdp_sprite_makeup_pixel.v":58)
Compiling module 'vdp_sprite_divide_table'("C:\Users\hra\Documents\github\HRA_product\FPGA_MSXtR\labo\FPGA_MSXtR_VDP_002\src\v9968\vdp_sprite_divide_table.v":58)
Compiling module 'vdp_command'("C:\Users\hra\Documents\github\HRA_product\FPGA_MSXtR\labo\FPGA_MSXtR_VDP_002\src\v9968\vdp_command.v":57)
Compiling module 'vdp_command_cache'("C:\Users\hra\Documents\github\HRA_product\FPGA_MSXtR\labo\FPGA_MSXtR_VDP_002\src\v9968\vdp_command_cache.v":57)
Compiling module 'vdp_vram_interface'("C:\Users\hra\Documents\github\HRA_product\FPGA_MSXtR\labo\FPGA_MSXtR_VDP_002\src\v9968\vdp_vram_interface.v":58)
Compiling module 'vdp_color_palette'("C:\Users\hra\Documents\github\HRA_product\FPGA_MSXtR\labo\FPGA_MSXtR_VDP_002\src\v9968\vdp_color_palette.v":58)
Compiling module 'vdp_color_palette_ram'("C:\Users\hra\Documents\github\HRA_product\FPGA_MSXtR\labo\FPGA_MSXtR_VDP_002\src\v9968\vdp_color_palette_ram.v":58)
Extracting RAM for identifier 'ram_r'("C:\Users\hra\Documents\github\HRA_product\FPGA_MSXtR\labo\FPGA_MSXtR_VDP_002\src\v9968\vdp_color_palette_ram.v":73)
Extracting RAM for identifier 'ram_g'("C:\Users\hra\Documents\github\HRA_product\FPGA_MSXtR\labo\FPGA_MSXtR_VDP_002\src\v9968\vdp_color_palette_ram.v":74)
Extracting RAM for identifier 'ram_b'("C:\Users\hra\Documents\github\HRA_product\FPGA_MSXtR\labo\FPGA_MSXtR_VDP_002\src\v9968\vdp_color_palette_ram.v":75)
Compiling module 'vdp_upscan'("C:\Users\hra\Documents\github\HRA_product\FPGA_MSXtR\labo\FPGA_MSXtR_VDP_002\src\v9968\vdp_upscan.v":60)
Compiling module 'vdp_upscan_line_buffer'("C:\Users\hra\Documents\github\HRA_product\FPGA_MSXtR\labo\FPGA_MSXtR_VDP_002\src\v9968\vdp_upscan_line_buffer.v":58)
Extracting RAM for identifier 'ff_imem'("C:\Users\hra\Documents\github\HRA_product\FPGA_MSXtR\labo\FPGA_MSXtR_VDP_002\src\v9968\vdp_upscan_line_buffer.v":66)
Compiling module 'vdp_video_out'("C:\Users\hra\Documents\github\HRA_product\FPGA_MSXtR\labo\FPGA_MSXtR_VDP_002\src\v9968\vdp_video_out.v":60)
Compiling module 'vdp_video_double_buffer'("C:\Users\hra\Documents\github\HRA_product\FPGA_MSXtR\labo\FPGA_MSXtR_VDP_002\src\v9968\vdp_video_double_buffer.v":58)
Compiling module 'vdp_video_ram_line_buffer'("C:\Users\hra\Documents\github\HRA_product\FPGA_MSXtR\labo\FPGA_MSXtR_VDP_002\src\v9968\vdp_video_ram_line_buffer.v":58)
Extracting RAM for identifier 'ff_imem'("C:\Users\hra\Documents\github\HRA_product\FPGA_MSXtR\labo\FPGA_MSXtR_VDP_002\src\v9968\vdp_video_ram_line_buffer.v":66)
Compiling module 'vdp_video_out_bilinear'("C:\Users\hra\Documents\github\HRA_product\FPGA_MSXtR\labo\FPGA_MSXtR_VDP_002\src\v9968\vdp_video_out_bilinear.v":60)
WARN  (EX3670) : Actual bit length 16 differs from formal bit length 3 for port 'bus_address'("C:\Users\hra\Documents\github\HRA_product\FPGA_MSXtR\labo\FPGA_MSXtR_VDP_002\src\FPGA_MSXtR.v":316)
Compiling module 'DVI_TX_Top'("C:\Users\hra\Documents\github\HRA_product\FPGA_MSXtR\labo\FPGA_MSXtR_VDP_002\src\dvi_tx\dvi_tx.v":1072)
Compiling module '**'("C:\Users\hra\Documents\github\HRA_product\FPGA_MSXtR\labo\FPGA_MSXtR_VDP_002\src\dvi_tx\dvi_tx.v":1071)
WARN  (EX3670) : Actual bit length 1 differs from formal bit length 3 for port 'O_tmds_data_p'("C:\Users\hra\Documents\github\HRA_product\FPGA_MSXtR\labo\FPGA_MSXtR_VDP_002\src\FPGA_MSXtR.v":368)
WARN  (EX3670) : Actual bit length 1 differs from formal bit length 3 for port 'O_tmds_data_n'("C:\Users\hra\Documents\github\HRA_product\FPGA_MSXtR\labo\FPGA_MSXtR_VDP_002\src\FPGA_MSXtR.v":369)
Compiling module 'ip_sdram'("C:\Users\hra\Documents\github\HRA_product\FPGA_MSXtR\labo\FPGA_MSXtR_VDP_002\src\sdram\ip_sdram_tangnano20k_c.v":57)
WARN  (EX3791) : Expression size 32 truncated to fit in target size 15("C:\Users\hra\Documents\github\HRA_product\FPGA_MSXtR\labo\FPGA_MSXtR_VDP_002\src\sdram\ip_sdram_tangnano20k_c.v":285)
WARN  (EX3670) : Actual bit length 1 differs from formal bit length 32 for port 'bus_wdata'("C:\Users\hra\Documents\github\HRA_product\FPGA_MSXtR\labo\FPGA_MSXtR_VDP_002\src\FPGA_MSXtR.v":384)
WARN  (EX3670) : Actual bit length 1 differs from formal bit length 4 for port 'bus_wdata_mask'("C:\Users\hra\Documents\github\HRA_product\FPGA_MSXtR\labo\FPGA_MSXtR_VDP_002\src\FPGA_MSXtR.v":385)
WARN  (EX3670) : Actual bit length 1 differs from formal bit length 32 for port 'bus_rdata'("C:\Users\hra\Documents\github\HRA_product\FPGA_MSXtR\labo\FPGA_MSXtR_VDP_002\src\FPGA_MSXtR.v":386)
Compiling module 'ip_ws2812_led'("C:\Users\hra\Documents\github\HRA_product\FPGA_MSXtR\labo\FPGA_MSXtR_VDP_002\src\ws2812_led\ip_ws2812_led.v":57)
Compiling module 'ip_debugger'("C:\Users\hra\Documents\github\HRA_product\FPGA_MSXtR\labo\FPGA_MSXtR_VDP_002\src\debugger\ip_debugger.v":57)
WARN  (EX1998) : Net 'w_sdram_rdata[31]' does not have a driver("C:\Users\hra\Documents\github\HRA_product\FPGA_MSXtR\labo\FPGA_MSXtR_VDP_002\src\FPGA_MSXtR.v":123)
WARN  (EX1998) : Net 'w_sdram_rdata_en' does not have a driver("C:\Users\hra\Documents\github\HRA_product\FPGA_MSXtR\labo\FPGA_MSXtR_VDP_002\src\FPGA_MSXtR.v":124)
WARN  (EX1998) : Net 'reset_n' does not have a driver("C:\Users\hra\Documents\github\HRA_product\FPGA_MSXtR\labo\FPGA_MSXtR_VDP_002\src\FPGA_MSXtR.v":313)
WARN  (EX1998) : Net 'reset_n2' does not have a driver("C:\Users\hra\Documents\github\HRA_product\FPGA_MSXtR\labo\FPGA_MSXtR_VDP_002\src\FPGA_MSXtR.v":357)
WARN  (EX1998) : Net 'clk215m' does not have a driver("C:\Users\hra\Documents\github\HRA_product\FPGA_MSXtR\labo\FPGA_MSXtR_VDP_002\src\FPGA_MSXtR.v":358)
WARN  (EX1998) : Net 'ff_reset_n' does not have a driver("C:\Users\hra\Documents\github\HRA_product\FPGA_MSXtR\labo\FPGA_MSXtR_VDP_002\src\FPGA_MSXtR.v":376)
WARN  (EX1998) : Net 'w_sdram_bus_valid' does not have a driver("C:\Users\hra\Documents\github\HRA_product\FPGA_MSXtR\labo\FPGA_MSXtR_VDP_002\src\FPGA_MSXtR.v":381)
WARN  (EX1998) : Net 'w_sdram_bus_write' does not have a driver("C:\Users\hra\Documents\github\HRA_product\FPGA_MSXtR\labo\FPGA_MSXtR_VDP_002\src\FPGA_MSXtR.v":382)
WARN  (EX1998) : Net 'w_sdram_bus_refresh' does not have a driver("C:\Users\hra\Documents\github\HRA_product\FPGA_MSXtR\labo\FPGA_MSXtR_VDP_002\src\FPGA_MSXtR.v":383)
WARN  (EX1998) : Net 'w_sdram_bus_wdata' does not have a driver("C:\Users\hra\Documents\github\HRA_product\FPGA_MSXtR\labo\FPGA_MSXtR_VDP_002\src\FPGA_MSXtR.v":384)
WARN  (EX1998) : Net 'w_sdram_bus_wdata_mask' does not have a driver("C:\Users\hra\Documents\github\HRA_product\FPGA_MSXtR\labo\FPGA_MSXtR_VDP_002\src\FPGA_MSXtR.v":385)
NOTE  (EX0101) : Current top module is "fpga_msxtr"
[5%] Running netlist conversion ...
WARN  (CV0016) : Input vdp_si_clk is unused("C:\Users\hra\Documents\github\HRA_product\FPGA_MSXtR\labo\FPGA_MSXtR_VDP_002\src\FPGA_MSXtR.v":32)
WARN  (CV0016) : Input vdp_si is unused("C:\Users\hra\Documents\github\HRA_product\FPGA_MSXtR\labo\FPGA_MSXtR_VDP_002\src\FPGA_MSXtR.v":33)
WARN  (CV0016) : Input spi_cs_n is unused("C:\Users\hra\Documents\github\HRA_product\FPGA_MSXtR\labo\FPGA_MSXtR_VDP_002\src\FPGA_MSXtR.v":35)
WARN  (CV0016) : Input spi_clk is unused("C:\Users\hra\Documents\github\HRA_product\FPGA_MSXtR\labo\FPGA_MSXtR_VDP_002\src\FPGA_MSXtR.v":36)
WARN  (CV0016) : Input spi_mosi is unused("C:\Users\hra\Documents\github\HRA_product\FPGA_MSXtR\labo\FPGA_MSXtR_VDP_002\src\FPGA_MSXtR.v":37)
WARN  (CV0016) : Input i2s_bclk is unused("C:\Users\hra\Documents\github\HRA_product\FPGA_MSXtR\labo\FPGA_MSXtR_VDP_002\src\FPGA_MSXtR.v":42)
WARN  (CV0016) : Input i2s_lrck is unused("C:\Users\hra\Documents\github\HRA_product\FPGA_MSXtR\labo\FPGA_MSXtR_VDP_002\src\FPGA_MSXtR.v":43)
WARN  (CV0016) : Input i2s_din is unused("C:\Users\hra\Documents\github\HRA_product\FPGA_MSXtR\labo\FPGA_MSXtR_VDP_002\src\FPGA_MSXtR.v":44)
Running device independent optimization ...
[10%] Optimizing Phase 0 completed
[15%] Optimizing Phase 1 completed
[25%] Optimizing Phase 2 completed
Running inference ...
[30%] Inferring Phase 0 completed
[40%] Inferring Phase 1 completed
[50%] Inferring Phase 2 completed
[55%] Inferring Phase 3 completed
Running technical mapping ...
[60%] Tech-Mapping Phase 0 completed
[65%] Tech-Mapping Phase 1 completed
[75%] Tech-Mapping Phase 2 completed
[80%] Tech-Mapping Phase 3 completed
[90%] Tech-Mapping Phase 4 completed
WARN  (NL0002) : The module "ip_debugger" instantiated to "u_debugger" is swept in optimizing("C:\Users\hra\Documents\github\HRA_product\FPGA_MSXtR\labo\FPGA_MSXtR_VDP_002\src\FPGA_MSXtR.v":433)
WARN  (NL0002) : The module "DVI_TX_Top" instantiated to "u_dvi" is swept in optimizing("C:\Users\hra\Documents\github\HRA_product\FPGA_MSXtR\labo\FPGA_MSXtR_VDP_002\src\FPGA_MSXtR.v":370)
WARN  (NL0002) : The module "~rgb2dvi.DVI_TX_Top" instantiated to "rgb2dvi_inst" is swept in optimizing("C:\Users\hra\Documents\github\HRA_product\FPGA_MSXtR\labo\FPGA_MSXtR_VDP_002\src\dvi_tx\dvi_tx.v":1117)
WARN  (NL0002) : The module "~TMDS8b10b.DVI_TX_Top_1" instantiated to "TMDS8b10b_inst_b" is swept in optimizing("C:\Users\hra\Documents\github\HRA_product\FPGA_MSXtR\labo\FPGA_MSXtR_VDP_002\src\dvi_tx\dvi_tx.v":1071)
WARN  (NL0002) : The module "~TMDS8b10b.DVI_TX_Top_0" instantiated to "TMDS8b10b_inst_g" is swept in optimizing("C:\Users\hra\Documents\github\HRA_product\FPGA_MSXtR\labo\FPGA_MSXtR_VDP_002\src\dvi_tx\dvi_tx.v":1071)
WARN  (NL0002) : The module "~TMDS8b10b.DVI_TX_Top" instantiated to "TMDS8b10b_inst_r" is swept in optimizing("C:\Users\hra\Documents\github\HRA_product\FPGA_MSXtR\labo\FPGA_MSXtR_VDP_002\src\dvi_tx\dvi_tx.v":1071)
WARN  (NL0002) : The module "ip_ws2812_led" instantiated to "u_led" is swept in optimizing("C:\Users\hra\Documents\github\HRA_product\FPGA_MSXtR\labo\FPGA_MSXtR_VDP_002\src\FPGA_MSXtR.v":412)
WARN  (NL0002) : The module "Gowin_rPLL2" instantiated to "u_pll2" is swept in optimizing("C:\Users\hra\Documents\github\HRA_product\FPGA_MSXtR\labo\FPGA_MSXtR_VDP_002\src\FPGA_MSXtR.v":160)
WARN  (NL0002) : The module "Gowin_rPLL3" instantiated to "u_pll3" is swept in optimizing("C:\Users\hra\Documents\github\HRA_product\FPGA_MSXtR\labo\FPGA_MSXtR_VDP_002\src\FPGA_MSXtR.v":165)
WARN  (NL0002) : The module "ip_sdram" instantiated to "u_sdram" is swept in optimizing("C:\Users\hra\Documents\github\HRA_product\FPGA_MSXtR\labo\FPGA_MSXtR_VDP_002\src\FPGA_MSXtR.v":398)
WARN  (NL0002) : The module "vdp" instantiated to "u_v9968" is swept in optimizing("C:\Users\hra\Documents\github\HRA_product\FPGA_MSXtR\labo\FPGA_MSXtR_VDP_002\src\FPGA_MSXtR.v":349)
WARN  (NL0002) : The module "vdp_color_palette" instantiated to "u_color_palette" is swept in optimizing("C:\Users\hra\Documents\github\HRA_product\FPGA_MSXtR\labo\FPGA_MSXtR_VDP_002\src\v9968\vdp.v":505)
WARN  (NL0002) : The module "vdp_color_palette_ram" instantiated to "u_color_palette_ram" is swept in optimizing("C:\Users\hra\Documents\github\HRA_product\FPGA_MSXtR\labo\FPGA_MSXtR_VDP_002\src\v9968\vdp_color_palette.v":487)
WARN  (NL0002) : The module "vdp_command" instantiated to "u_command" is swept in optimizing("C:\Users\hra\Documents\github\HRA_product\FPGA_MSXtR\labo\FPGA_MSXtR_VDP_002\src\v9968\vdp.v":433)
WARN  (NL0002) : The module "vdp_command_cache" instantiated to "u_cache" is swept in optimizing("C:\Users\hra\Documents\github\HRA_product\FPGA_MSXtR\labo\FPGA_MSXtR_VDP_002\src\v9968\vdp_command.v":1910)
WARN  (NL0002) : The module "vdp_cpu_interface" instantiated to "u_cpu_interface" is swept in optimizing("C:\Users\hra\Documents\github\HRA_product\FPGA_MSXtR\labo\FPGA_MSXtR_VDP_002\src\v9968\vdp.v":326)
WARN  (NL0002) : The module "vdp_timing_control" instantiated to "u_timing_control" is swept in optimizing("C:\Users\hra\Documents\github\HRA_product\FPGA_MSXtR\labo\FPGA_MSXtR_VDP_002\src\v9968\vdp.v":398)
WARN  (NL0002) : The module "vdp_timing_control_screen_mode" instantiated to "u_screen_mode" is swept in optimizing("C:\Users\hra\Documents\github\HRA_product\FPGA_MSXtR\labo\FPGA_MSXtR_VDP_002\src\v9968\vdp_timing_control.v":229)
WARN  (NL0002) : The module "vdp_timing_control_sprite" instantiated to "u_sprite" is swept in optimizing("C:\Users\hra\Documents\github\HRA_product\FPGA_MSXtR\labo\FPGA_MSXtR_VDP_002\src\v9968\vdp_timing_control.v":271)
WARN  (NL0002) : The module "vdp_sprite_divide_table" instantiated to "u_divide_table" is swept in optimizing("C:\Users\hra\Documents\github\HRA_product\FPGA_MSXtR\labo\FPGA_MSXtR_VDP_002\src\v9968\vdp_timing_control_sprite.v":324)
WARN  (NL0002) : The module "vdp_sprite_info_collect" instantiated to "u_info_collect" is swept in optimizing("C:\Users\hra\Documents\github\HRA_product\FPGA_MSXtR\labo\FPGA_MSXtR_VDP_002\src\v9968\vdp_timing_control_sprite.v":273)
WARN  (NL0002) : The module "vdp_sprite_makeup_pixel" instantiated to "u_makeup_pixel" is swept in optimizing("C:\Users\hra\Documents\github\HRA_product\FPGA_MSXtR\labo\FPGA_MSXtR_VDP_002\src\v9968\vdp_timing_control_sprite.v":310)
WARN  (NL0002) : The module "vdp_sprite_select_visible_planes" instantiated to "u_select_visible_planes" is swept in optimizing("C:\Users\hra\Documents\github\HRA_product\FPGA_MSXtR\labo\FPGA_MSXtR_VDP_002\src\v9968\vdp_timing_control_sprite.v":234)
WARN  (NL0002) : The module "vdp_timing_control_ssg" instantiated to "u_ssg" is swept in optimizing("C:\Users\hra\Documents\github\HRA_product\FPGA_MSXtR\labo\FPGA_MSXtR_VDP_002\src\v9968\vdp_timing_control.v":192)
WARN  (NL0002) : The module "vdp_upscan" instantiated to "u_upscan" is swept in optimizing("C:\Users\hra\Documents\github\HRA_product\FPGA_MSXtR\labo\FPGA_MSXtR_VDP_002\src\v9968\vdp.v":526)
WARN  (NL0002) : The module "vdp_upscan_line_buffer" instantiated to "u_even_line_buffer" is swept in optimizing("C:\Users\hra\Documents\github\HRA_product\FPGA_MSXtR\labo\FPGA_MSXtR_VDP_002\src\v9968\vdp_upscan.v":107)
WARN  (NL0002) : The module "vdp_upscan_line_buffer" instantiated to "u_odd_line_buffer" is swept in optimizing("C:\Users\hra\Documents\github\HRA_product\FPGA_MSXtR\labo\FPGA_MSXtR_VDP_002\src\v9968\vdp_upscan.v":121)
WARN  (NL0002) : The module "vdp_video_out" instantiated to "u_video_out" is swept in optimizing("C:\Users\hra\Documents\github\HRA_product\FPGA_MSXtR\labo\FPGA_MSXtR_VDP_002\src\v9968\vdp.v":552)
WARN  (NL0002) : The module "vdp_video_out_bilinear" instantiated to "u_bilinear_b" is swept in optimizing("C:\Users\hra\Documents\github\HRA_product\FPGA_MSXtR\labo\FPGA_MSXtR_VDP_002\src\v9968\vdp_video_out.v":346)
WARN  (NL0002) : The module "vdp_video_out_bilinear" instantiated to "u_bilinear_g" is swept in optimizing("C:\Users\hra\Documents\github\HRA_product\FPGA_MSXtR\labo\FPGA_MSXtR_VDP_002\src\v9968\vdp_video_out.v":337)
WARN  (NL0002) : The module "vdp_video_out_bilinear" instantiated to "u_bilinear_r" is swept in optimizing("C:\Users\hra\Documents\github\HRA_product\FPGA_MSXtR\labo\FPGA_MSXtR_VDP_002\src\v9968\vdp_video_out.v":328)
WARN  (NL0002) : The module "vdp_video_double_buffer" instantiated to "u_double_buffer" is swept in optimizing("C:\Users\hra\Documents\github\HRA_product\FPGA_MSXtR\labo\FPGA_MSXtR_VDP_002\src\v9968\vdp_video_out.v":299)
WARN  (NL0002) : The module "vdp_video_ram_line_buffer" instantiated to "u_buf_even" is swept in optimizing("C:\Users\hra\Documents\github\HRA_product\FPGA_MSXtR\labo\FPGA_MSXtR_VDP_002\src\v9968\vdp_video_double_buffer.v":91)
WARN  (NL0002) : The module "vdp_video_ram_line_buffer" instantiated to "u_buf_odd" is swept in optimizing("C:\Users\hra\Documents\github\HRA_product\FPGA_MSXtR\labo\FPGA_MSXtR_VDP_002\src\v9968\vdp_video_double_buffer.v":101)
WARN  (NL0002) : The module "vdp_vram_interface" instantiated to "u_vram_interface" is swept in optimizing("C:\Users\hra\Documents\github\HRA_product\FPGA_MSXtR\labo\FPGA_MSXtR_VDP_002\src\v9968\vdp.v":475)
[95%] Generate netlist file "C:\Users\hra\Documents\github\HRA_product\FPGA_MSXtR\labo\FPGA_MSXtR_VDP_002\impl\gwsynthesis\FPGA_MSXtR.vg" completed
[100%] Generate report file "C:\Users\hra\Documents\github\HRA_product\FPGA_MSXtR\labo\FPGA_MSXtR_VDP_002\impl\gwsynthesis\FPGA_MSXtR_syn.rpt.html" completed
GowinSynthesis finish
