GowinSynthesis start
Running parser ...
Analyzing Verilog file 'C:\Users\hra\Documents\github\HRA_product\FPGA_MSXtR\labo\FPGA_MSXtR_VDP_003\src\cz80\cz80.v'
Analyzing Verilog file 'C:\Users\hra\Documents\github\HRA_product\FPGA_MSXtR\labo\FPGA_MSXtR_VDP_003\src\cz80\cz80_alu.v'
Analyzing Verilog file 'C:\Users\hra\Documents\github\HRA_product\FPGA_MSXtR\labo\FPGA_MSXtR_VDP_003\src\cz80\cz80_inst.v'
Analyzing Verilog file 'C:\Users\hra\Documents\github\HRA_product\FPGA_MSXtR\labo\FPGA_MSXtR_VDP_003\src\cz80\cz80_mcode.v'
Analyzing Verilog file 'C:\Users\hra\Documents\github\HRA_product\FPGA_MSXtR\labo\FPGA_MSXtR_VDP_003\src\cz80\cz80_reg.v'
Analyzing Verilog file 'C:\Users\hra\Documents\github\HRA_product\FPGA_MSXtR\labo\FPGA_MSXtR_VDP_003\src\dvi_tx\dvi_tx.v'
Analyzing Verilog file 'C:\Users\hra\Documents\github\HRA_product\FPGA_MSXtR\labo\FPGA_MSXtR_VDP_003\src\gowin_clkdiv\gowin_clkdiv.v'
Analyzing Verilog file 'C:\Users\hra\Documents\github\HRA_product\FPGA_MSXtR\labo\FPGA_MSXtR_VDP_003\src\gowin_rpll\gowin_rpll.v'
Analyzing Verilog file 'C:\Users\hra\Documents\github\HRA_product\FPGA_MSXtR\labo\FPGA_MSXtR_VDP_003\src\gpio\ip_gpio.v'
Analyzing Verilog file 'C:\Users\hra\Documents\github\HRA_product\FPGA_MSXtR\labo\FPGA_MSXtR_VDP_003\src\ram\ip_ram.v'
Analyzing Verilog file 'C:\Users\hra\Documents\github\HRA_product\FPGA_MSXtR\labo\FPGA_MSXtR_VDP_003\src\rom\ip_rom.v'
Analyzing Verilog file 'C:\Users\hra\Documents\github\HRA_product\FPGA_MSXtR\labo\FPGA_MSXtR_VDP_003\src\sdram\ip_sdram_tangnano20k_c.v'
Analyzing Verilog file 'C:\Users\hra\Documents\github\HRA_product\FPGA_MSXtR\labo\FPGA_MSXtR_VDP_003\src\tangnano20k_hdmi_labo.v'
Undeclared symbol 'clk85m', assumed default net type 'wire'("C:\Users\hra\Documents\github\HRA_product\FPGA_MSXtR\labo\FPGA_MSXtR_VDP_003\src\tangnano20k_hdmi_labo.v":127)
Analyzing Verilog file 'C:\Users\hra\Documents\github\HRA_product\FPGA_MSXtR\labo\FPGA_MSXtR_VDP_003\src\video\ip_video.v'
Analyzing Verilog file 'C:\Users\hra\Documents\github\HRA_product\FPGA_MSXtR\labo\FPGA_MSXtR_VDP_003\src\gowin_rpll2\gowin_rpll2.v'
Analyzing Verilog file 'C:\Users\hra\Documents\github\HRA_product\FPGA_MSXtR\labo\FPGA_MSXtR_VDP_003\src\video\ip_line_buffer.v'
Analyzing Verilog file 'C:\Users\hra\Documents\github\HRA_product\FPGA_MSXtR\labo\FPGA_MSXtR_VDP_003\src\video\ip_palette.v'
Compiling module 'tangnano20k_hdmi_labo'("C:\Users\hra\Documents\github\HRA_product\FPGA_MSXtR\labo\FPGA_MSXtR_VDP_003\src\tangnano20k_hdmi_labo.v":24)
Compiling module 'Gowin_rPLL'("C:\Users\hra\Documents\github\HRA_product\FPGA_MSXtR\labo\FPGA_MSXtR_VDP_003\src\gowin_rpll\gowin_rpll.v":10)
Compiling module 'Gowin_rPLL2'("C:\Users\hra\Documents\github\HRA_product\FPGA_MSXtR\labo\FPGA_MSXtR_VDP_003\src\gowin_rpll2\gowin_rpll2.v":10)
Compiling module 'Gowin_CLKDIV'("C:\Users\hra\Documents\github\HRA_product\FPGA_MSXtR\labo\FPGA_MSXtR_VDP_003\src\gowin_clkdiv\gowin_clkdiv.v":10)
Compiling module 'cz80_inst'("C:\Users\hra\Documents\github\HRA_product\FPGA_MSXtR\labo\FPGA_MSXtR_VDP_003\src\cz80\cz80_inst.v":63)
Compiling module 'cz80'("C:\Users\hra\Documents\github\HRA_product\FPGA_MSXtR\labo\FPGA_MSXtR_VDP_003\src\cz80\cz80.v":63)
Compiling module 'cz80_mcode'("C:\Users\hra\Documents\github\HRA_product\FPGA_MSXtR\labo\FPGA_MSXtR_VDP_003\src\cz80\cz80_mcode.v":63)
Compiling module 'cz80_alu'("C:\Users\hra\Documents\github\HRA_product\FPGA_MSXtR\labo\FPGA_MSXtR_VDP_003\src\cz80\cz80_alu.v":63)
WARN  (EX3791) : Expression size 17 truncated to fit in target size 16("C:\Users\hra\Documents\github\HRA_product\FPGA_MSXtR\labo\FPGA_MSXtR_VDP_003\src\cz80\cz80.v":382)
WARN  (EX3791) : Expression size 17 truncated to fit in target size 16("C:\Users\hra\Documents\github\HRA_product\FPGA_MSXtR\labo\FPGA_MSXtR_VDP_003\src\cz80\cz80.v":528)
WARN  (EX3791) : Expression size 32 truncated to fit in target size 16("C:\Users\hra\Documents\github\HRA_product\FPGA_MSXtR\labo\FPGA_MSXtR_VDP_003\src\cz80\cz80.v":531)
WARN  (EX3791) : Expression size 32 truncated to fit in target size 16("C:\Users\hra\Documents\github\HRA_product\FPGA_MSXtR\labo\FPGA_MSXtR_VDP_003\src\cz80\cz80.v":544)
WARN  (EX3791) : Expression size 17 truncated to fit in target size 16("C:\Users\hra\Documents\github\HRA_product\FPGA_MSXtR\labo\FPGA_MSXtR_VDP_003\src\cz80\cz80.v":547)
Compiling module 'cz80_registers'("C:\Users\hra\Documents\github\HRA_product\FPGA_MSXtR\labo\FPGA_MSXtR_VDP_003\src\cz80\cz80_reg.v":55)
WARN  (EX3791) : Expression size 4 truncated to fit in target size 3("C:\Users\hra\Documents\github\HRA_product\FPGA_MSXtR\labo\FPGA_MSXtR_VDP_003\src\cz80\cz80.v":1011)
Compiling module 'ip_gpio'("C:\Users\hra\Documents\github\HRA_product\FPGA_MSXtR\labo\FPGA_MSXtR_VDP_003\src\gpio\ip_gpio.v":27)
Compiling module 'ip_rom'("C:\Users\hra\Documents\github\HRA_product\FPGA_MSXtR\labo\FPGA_MSXtR_VDP_003\src\rom\ip_rom.v":5)
Extracting RAM for identifier 'ff_rom'("C:\Users\hra\Documents\github\HRA_product\FPGA_MSXtR\labo\FPGA_MSXtR_VDP_003\src\rom\ip_rom.v":13)
Compiling module 'ip_ram'("C:\Users\hra\Documents\github\HRA_product\FPGA_MSXtR\labo\FPGA_MSXtR_VDP_003\src\ram\ip_ram.v":5)
Extracting RAM for identifier 'ff_ram'("C:\Users\hra\Documents\github\HRA_product\FPGA_MSXtR\labo\FPGA_MSXtR_VDP_003\src\ram\ip_ram.v":15)
Compiling module 'ip_video'("C:\Users\hra\Documents\github\HRA_product\FPGA_MSXtR\labo\FPGA_MSXtR_VDP_003\src\video\ip_video.v":27)
Compiling module 'ip_line_buffer'("C:\Users\hra\Documents\github\HRA_product\FPGA_MSXtR\labo\FPGA_MSXtR_VDP_003\src\video\ip_line_buffer.v":27)
Extracting RAM for identifier 'ff_ram'("C:\Users\hra\Documents\github\HRA_product\FPGA_MSXtR\labo\FPGA_MSXtR_VDP_003\src\video\ip_line_buffer.v":34)
Compiling module 'ip_palette'("C:\Users\hra\Documents\github\HRA_product\FPGA_MSXtR\labo\FPGA_MSXtR_VDP_003\src\video\ip_palette.v":27)
Extracting RAM for identifier 'ff_ram'("C:\Users\hra\Documents\github\HRA_product\FPGA_MSXtR\labo\FPGA_MSXtR_VDP_003\src\video\ip_palette.v":34)
Compiling module 'DVI_TX_Top'("C:\Users\hra\Documents\github\HRA_product\FPGA_MSXtR\labo\FPGA_MSXtR_VDP_003\src\dvi_tx\dvi_tx.v":1070)
Compiling module '**'("C:\Users\hra\Documents\github\HRA_product\FPGA_MSXtR\labo\FPGA_MSXtR_VDP_003\src\dvi_tx\dvi_tx.v":1069)
Compiling module 'ip_sdram'("C:\Users\hra\Documents\github\HRA_product\FPGA_MSXtR\labo\FPGA_MSXtR_VDP_003\src\sdram\ip_sdram_tangnano20k_c.v":57)
WARN  (EX3791) : Expression size 32 truncated to fit in target size 14("C:\Users\hra\Documents\github\HRA_product\FPGA_MSXtR\labo\FPGA_MSXtR_VDP_003\src\sdram\ip_sdram_tangnano20k_c.v":341)
NOTE  (EX0101) : Current top module is "tangnano20k_hdmi_labo"
WARN  (EX0211) : The output port "led" of module "tangnano20k_hdmi_labo" has no driver, assigning undriven bits to Z, simulation mismatch possible("C:\Users\hra\Documents\github\HRA_product\FPGA_MSXtR\labo\FPGA_MSXtR_VDP_003\src\tangnano20k_hdmi_labo.v":30)
[5%] Running netlist conversion ...
WARN  (CV0016) : Input clk27m is unused("C:\Users\hra\Documents\github\HRA_product\FPGA_MSXtR\labo\FPGA_MSXtR_VDP_003\src\tangnano20k_hdmi_labo.v":25)
Running device independent optimization ...
[10%] Optimizing Phase 0 completed
[15%] Optimizing Phase 1 completed
[25%] Optimizing Phase 2 completed
Running inference ...
[30%] Inferring Phase 0 completed
[40%] Inferring Phase 1 completed
[50%] Inferring Phase 2 completed
[55%] Inferring Phase 3 completed
Running technical mapping ...
[60%] Tech-Mapping Phase 0 completed
[65%] Tech-Mapping Phase 1 completed
[75%] Tech-Mapping Phase 2 completed
[80%] Tech-Mapping Phase 3 completed
[90%] Tech-Mapping Phase 4 completed
[95%] Generate netlist file "C:\Users\hra\Documents\github\HRA_product\FPGA_MSXtR\labo\FPGA_MSXtR_VDP_003\impl\gwsynthesis\tangnano20k_hdmi_labo.vg" completed
[100%] Generate report file "C:\Users\hra\Documents\github\HRA_product\FPGA_MSXtR\labo\FPGA_MSXtR_VDP_003\impl\gwsynthesis\tangnano20k_hdmi_labo_syn.rpt.html" completed
GowinSynthesis finish
